2017-04-05 12:34:11 Error: [MissingControllerException] Controller class OldController could not be found.
Exception Attributes: array (
  'class' => 'OldController',
  'plugin' => NULL,
)
Request URL: /farm/old
Stack Trace:
#0 D:\xampp\htdocs\farm\app\webroot\index.php(86): Dispatcher->dispatch(Object(CakeRequest), Object(CakeResponse))
#1 {main}
2017-04-05 14:26:36 Error: error : send_mail
2017-04-05 14:26:36 Error: Could not send email.
2017-04-05 14:27:44 Error: error : send_mail
2017-04-05 14:27:44 Error: Could not send email.
2017-04-05 18:18:21 Error: fb callback
2017-04-05 21:38:56 Error: Fatal Error (64): Cannot redeclare class Facebook\Facebook in [D:\xampp\htdocs\farm\app\Vendor\Facebook\Facebook.php, line 52]
2017-04-05 21:38:56 Error: [FatalErrorException] Cannot redeclare class Facebook\Facebook
Request URL: /farm/logout
Stack Trace:
#0 D:\xampp\htdocs\farm\lib\Cake\Error\ErrorHandler.php(167): ErrorHandler::handleFatalError(64, 'Cannot redeclar...', 'D:\\xampp\\htdocs...', 52)
#1 [internal function]: ErrorHandler::handleError(64, 'Cannot redeclar...', 'D:\\xampp\\htdocs...', 52, Array)
#2 D:\xampp\htdocs\farm\lib\Cake\Core\App.php(803): call_user_func('ErrorHandler::h...', 64, 'Cannot redeclar...', 'D:\\xampp\\htdocs...', 52, Array)
#3 D:\xampp\htdocs\farm\lib\Cake\Core\App.php(778): App::_checkFatalError()
#4 [internal function]: App::shutdown()
#5 {main}
2017-04-05 21:39:01 Error: Fatal Error (1): Class 'Facebook\FacebookApp' not found in [D:\xampp\htdocs\farm\app\Vendor\Facebook\Facebook.php, line 145]
2017-04-05 21:39:01 Error: [FatalErrorException] Class 'Facebook\FacebookApp' not found
Request URL: /farm/login
Stack Trace:
#0 D:\xampp\htdocs\farm\lib\Cake\Error\ErrorHandler.php(167): ErrorHandler::handleFatalError(1, 'Class 'Facebook...', 'D:\\xampp\\htdocs...', 145)
#1 [internal function]: ErrorHandler::handleError(1, 'Class 'Facebook...', 'D:\\xampp\\htdocs...', 145, Array)
#2 D:\xampp\htdocs\farm\lib\Cake\Core\App.php(803): call_user_func('ErrorHandler::h...', 1, 'Class 'Facebook...', 'D:\\xampp\\htdocs...', 145, Array)
#3 D:\xampp\htdocs\farm\lib\Cake\Core\App.php(778): App::_checkFatalError()
#4 [internal function]: App::shutdown()
#5 {main}
2017-04-05 23:20:01 Error: Fatal Error (64): Cannot redeclare class Facebook\Facebook in [D:\xampp\htdocs\farm\app\Vendor\Facebook\Facebook.php, line 52]
2017-04-05 23:20:01 Error: [FatalErrorException] Cannot redeclare class Facebook\Facebook
Request URL: /farm/login
Stack Trace:
#0 D:\xampp\htdocs\farm\lib\Cake\Error\ErrorHandler.php(167): ErrorHandler::handleFatalError(64, 'Cannot redeclar...', 'D:\\xampp\\htdocs...', 52)
#1 [internal function]: ErrorHandler::handleError(64, 'Cannot redeclar...', 'D:\\xampp\\htdocs...', 52, Array)
#2 D:\xampp\htdocs\farm\lib\Cake\Core\App.php(803): call_user_func('ErrorHandler::h...', 64, 'Cannot redeclar...', 'D:\\xampp\\htdocs...', 52, Array)
#3 D:\xampp\htdocs\farm\lib\Cake\Core\App.php(778): App::_checkFatalError()
#4 [internal function]: App::shutdown()
#5 {main}
2017-04-05 23:21:04 Error: Fatal Error (64): Cannot redeclare class Facebook\Facebook in [D:\xampp\htdocs\farm\app\Vendor\Facebook\Facebook.php, line 52]
2017-04-05 23:21:04 Error: [FatalErrorException] Cannot redeclare class Facebook\Facebook
Request URL: /farm/login
Stack Trace:
#0 D:\xampp\htdocs\farm\lib\Cake\Error\ErrorHandler.php(167): ErrorHandler::handleFatalError(64, 'Cannot redeclar...', 'D:\\xampp\\htdocs...', 52)
#1 [internal function]: ErrorHandler::handleError(64, 'Cannot redeclar...', 'D:\\xampp\\htdocs...', 52, Array)
#2 D:\xampp\htdocs\farm\lib\Cake\Core\App.php(803): call_user_func('ErrorHandler::h...', 64, 'Cannot redeclar...', 'D:\\xampp\\htdocs...', 52, Array)
#3 D:\xampp\htdocs\farm\lib\Cake\Core\App.php(778): App::_checkFatalError()
#4 [internal function]: App::shutdown()
#5 {main}
2017-04-05 23:21:34 Error: Fatal Error (64): Cannot redeclare class Facebook\Facebook in [D:\xampp\htdocs\farm\app\Vendor\Facebook\Facebook.php, line 52]
2017-04-05 23:21:34 Error: [FatalErrorException] Cannot redeclare class Facebook\Facebook
Request URL: /farm/login
Stack Trace:
#0 D:\xampp\htdocs\farm\lib\Cake\Error\ErrorHandler.php(167): ErrorHandler::handleFatalError(64, 'Cannot redeclar...', 'D:\\xampp\\htdocs...', 52)
#1 [internal function]: ErrorHandler::handleError(64, 'Cannot redeclar...', 'D:\\xampp\\htdocs...', 52, Array)
#2 D:\xampp\htdocs\farm\lib\Cake\Core\App.php(803): call_user_func('ErrorHandler::h...', 64, 'Cannot redeclar...', 'D:\\xampp\\htdocs...', 52, Array)
#3 D:\xampp\htdocs\farm\lib\Cake\Core\App.php(778): App::_checkFatalError()
#4 [internal function]: App::shutdown()
#5 {main}
2017-04-05 23:22:45 Error: Fatal Error (1): Class 'Facebook\FacebookApp' not found in [D:\xampp\htdocs\farm\app\Vendor\Facebook\Facebook.php, line 145]
2017-04-05 23:22:45 Error: [FatalErrorException] Class 'Facebook\FacebookApp' not found
Request URL: /farm/login
Stack Trace:
#0 D:\xampp\htdocs\farm\lib\Cake\Error\ErrorHandler.php(167): ErrorHandler::handleFatalError(1, 'Class 'Facebook...', 'D:\\xampp\\htdocs...', 145)
#1 [internal function]: ErrorHandler::handleError(1, 'Class 'Facebook...', 'D:\\xampp\\htdocs...', 145, Array)
#2 D:\xampp\htdocs\farm\lib\Cake\Core\App.php(803): call_user_func('ErrorHandler::h...', 1, 'Class 'Facebook...', 'D:\\xampp\\htdocs...', 145, Array)
#3 D:\xampp\htdocs\farm\lib\Cake\Core\App.php(778): App::_checkFatalError()
#4 [internal function]: App::shutdown()
#5 {main}
2017-04-05 23:23:02 Error: Fatal Error (1): Class 'Facebook\FacebookApp' not found in [D:\xampp\htdocs\farm\app\Vendor\Facebook\Facebook.php, line 145]
2017-04-05 23:23:02 Error: [FatalErrorException] Class 'Facebook\FacebookApp' not found
Request URL: /farm/login
Stack Trace:
#0 D:\xampp\htdocs\farm\lib\Cake\Error\ErrorHandler.php(167): ErrorHandler::handleFatalError(1, 'Class 'Facebook...', 'D:\\xampp\\htdocs...', 145)
#1 [internal function]: ErrorHandler::handleError(1, 'Class 'Facebook...', 'D:\\xampp\\htdocs...', 145, Array)
#2 D:\xampp\htdocs\farm\lib\Cake\Core\App.php(803): call_user_func('ErrorHandler::h...', 1, 'Class 'Facebook...', 'D:\\xampp\\htdocs...', 145, Array)
#3 D:\xampp\htdocs\farm\lib\Cake\Core\App.php(778): App::_checkFatalError()
#4 [internal function]: App::shutdown()
#5 {main}
2017-04-05 23:23:04 Error: Fatal Error (1): Class 'Facebook\FacebookApp' not found in [D:\xampp\htdocs\farm\app\Vendor\Facebook\Facebook.php, line 145]
2017-04-05 23:23:04 Error: [FatalErrorException] Class 'Facebook\FacebookApp' not found
Request URL: /farm/login
Stack Trace:
#0 D:\xampp\htdocs\farm\lib\Cake\Error\ErrorHandler.php(167): ErrorHandler::handleFatalError(1, 'Class 'Facebook...', 'D:\\xampp\\htdocs...', 145)
#1 [internal function]: ErrorHandler::handleError(1, 'Class 'Facebook...', 'D:\\xampp\\htdocs...', 145, Array)
#2 D:\xampp\htdocs\farm\lib\Cake\Core\App.php(803): call_user_func('ErrorHandler::h...', 1, 'Class 'Facebook...', 'D:\\xampp\\htdocs...', 145, Array)
#3 D:\xampp\htdocs\farm\lib\Cake\Core\App.php(778): App::_checkFatalError()
#4 [internal function]: App::shutdown()
#5 {main}
2017-04-05 23:24:18 Error: Fatal Error (1): Class 'Facebook\FacebookApp' not found in [D:\xampp\htdocs\farm\app\Vendor\Facebook\Facebook.php, line 145]
2017-04-05 23:24:18 Error: [FatalErrorException] Class 'Facebook\FacebookApp' not found
Request URL: /farm/login
Stack Trace:
#0 D:\xampp\htdocs\farm\lib\Cake\Error\ErrorHandler.php(167): ErrorHandler::handleFatalError(1, 'Class 'Facebook...', 'D:\\xampp\\htdocs...', 145)
#1 [internal function]: ErrorHandler::handleError(1, 'Class 'Facebook...', 'D:\\xampp\\htdocs...', 145, Array)
#2 D:\xampp\htdocs\farm\lib\Cake\Core\App.php(803): call_user_func('ErrorHandler::h...', 1, 'Class 'Facebook...', 'D:\\xampp\\htdocs...', 145, Array)
#3 D:\xampp\htdocs\farm\lib\Cake\Core\App.php(778): App::_checkFatalError()
#4 [internal function]: App::shutdown()
#5 {main}
2017-04-05 23:28:42 Error: Fatal Error (1): Class 'Facebook\FacebookApp' not found in [D:\xampp\htdocs\farm\app\Vendor\Facebook\Facebook.php, line 145]
2017-04-05 23:28:42 Error: [FatalErrorException] Class 'Facebook\FacebookApp' not found
Request URL: /farm/login
Stack Trace:
#0 D:\xampp\htdocs\farm\lib\Cake\Error\ErrorHandler.php(167): ErrorHandler::handleFatalError(1, 'Class 'Facebook...', 'D:\\xampp\\htdocs...', 145)
#1 [internal function]: ErrorHandler::handleError(1, 'Class 'Facebook...', 'D:\\xampp\\htdocs...', 145, Array)
#2 D:\xampp\htdocs\farm\lib\Cake\Core\App.php(803): call_user_func('ErrorHandler::h...', 1, 'Class 'Facebook...', 'D:\\xampp\\htdocs...', 145, Array)
#3 D:\xampp\htdocs\farm\lib\Cake\Core\App.php(778): App::_checkFatalError()
#4 [internal function]: App::shutdown()
#5 {main}
2017-04-05 23:29:00 Error: Fatal Error (1): Class 'Facebook\FacebookApp' not found in [D:\xampp\htdocs\farm\app\Vendor\Facebook\Facebook.php, line 145]
2017-04-05 23:29:00 Error: [FatalErrorException] Class 'Facebook\FacebookApp' not found
Request URL: /farm/login
Stack Trace:
#0 D:\xampp\htdocs\farm\lib\Cake\Error\ErrorHandler.php(167): ErrorHandler::handleFatalError(1, 'Class 'Facebook...', 'D:\\xampp\\htdocs...', 145)
#1 [internal function]: ErrorHandler::handleError(1, 'Class 'Facebook...', 'D:\\xampp\\htdocs...', 145, Array)
#2 D:\xampp\htdocs\farm\lib\Cake\Core\App.php(803): call_user_func('ErrorHandler::h...', 1, 'Class 'Facebook...', 'D:\\xampp\\htdocs...', 145, Array)
#3 D:\xampp\htdocs\farm\lib\Cake\Core\App.php(778): App::_checkFatalError()
#4 [internal function]: App::shutdown()
#5 {main}
2017-04-05 23:33:28 Error: Fatal Error (1): Class 'Facebook\FacebookApp' not found in [D:\xampp\htdocs\farm\app\Vendor\Facebook\Facebook.php, line 145]
2017-04-05 23:33:28 Error: [FatalErrorException] Class 'Facebook\FacebookApp' not found
Request URL: /farm/login
Stack Trace:
#0 D:\xampp\htdocs\farm\lib\Cake\Error\ErrorHandler.php(167): ErrorHandler::handleFatalError(1, 'Class 'Facebook...', 'D:\\xampp\\htdocs...', 145)
#1 [internal function]: ErrorHandler::handleError(1, 'Class 'Facebook...', 'D:\\xampp\\htdocs...', 145, Array)
#2 D:\xampp\htdocs\farm\lib\Cake\Core\App.php(803): call_user_func('ErrorHandler::h...', 1, 'Class 'Facebook...', 'D:\\xampp\\htdocs...', 145, Array)
#3 D:\xampp\htdocs\farm\lib\Cake\Core\App.php(778): App::_checkFatalError()
#4 [internal function]: App::shutdown()
#5 {main}
2017-04-05 23:34:06 Error: Fatal Error (1): Class 'Facebook\FacebookApp' not found in [D:\xampp\htdocs\farm\app\Vendor\Facebook\Facebook.php, line 145]
2017-04-05 23:34:06 Error: [FatalErrorException] Class 'Facebook\FacebookApp' not found
Request URL: /farm/login
Stack Trace:
#0 D:\xampp\htdocs\farm\lib\Cake\Error\ErrorHandler.php(167): ErrorHandler::handleFatalError(1, 'Class 'Facebook...', 'D:\\xampp\\htdocs...', 145)
#1 [internal function]: ErrorHandler::handleError(1, 'Class 'Facebook...', 'D:\\xampp\\htdocs...', 145, Array)
#2 D:\xampp\htdocs\farm\lib\Cake\Core\App.php(803): call_user_func('ErrorHandler::h...', 1, 'Class 'Facebook...', 'D:\\xampp\\htdocs...', 145, Array)
#3 D:\xampp\htdocs\farm\lib\Cake\Core\App.php(778): App::_checkFatalError()
#4 [internal function]: App::shutdown()
#5 {main}
2017-04-05 23:34:14 Error: Fatal Error (1): Class 'Facebook\FacebookApp' not found in [D:\xampp\htdocs\farm\app\Vendor\Facebook\Facebook.php, line 145]
2017-04-05 23:34:14 Error: [FatalErrorException] Class 'Facebook\FacebookApp' not found
Request URL: /farm/login
Stack Trace:
#0 D:\xampp\htdocs\farm\lib\Cake\Error\ErrorHandler.php(167): ErrorHandler::handleFatalError(1, 'Class 'Facebook...', 'D:\\xampp\\htdocs...', 145)
#1 [internal function]: ErrorHandler::handleError(1, 'Class 'Facebook...', 'D:\\xampp\\htdocs...', 145, Array)
#2 D:\xampp\htdocs\farm\lib\Cake\Core\App.php(803): call_user_func('ErrorHandler::h...', 1, 'Class 'Facebook...', 'D:\\xampp\\htdocs...', 145, Array)
#3 D:\xampp\htdocs\farm\lib\Cake\Core\App.php(778): App::_checkFatalError()
#4 [internal function]: App::shutdown()
#5 {main}
2017-04-05 23:34:23 Error: Fatal Error (1): Class 'Facebook\FacebookApp' not found in [D:\xampp\htdocs\farm\app\Vendor\Facebook\Facebook.php, line 145]
2017-04-05 23:34:23 Error: [FatalErrorException] Class 'Facebook\FacebookApp' not found
Request URL: /farm/login
Stack Trace:
#0 D:\xampp\htdocs\farm\lib\Cake\Error\ErrorHandler.php(167): ErrorHandler::handleFatalError(1, 'Class 'Facebook...', 'D:\\xampp\\htdocs...', 145)
#1 [internal function]: ErrorHandler::handleError(1, 'Class 'Facebook...', 'D:\\xampp\\htdocs...', 145, Array)
#2 D:\xampp\htdocs\farm\lib\Cake\Core\App.php(803): call_user_func('ErrorHandler::h...', 1, 'Class 'Facebook...', 'D:\\xampp\\htdocs...', 145, Array)
#3 D:\xampp\htdocs\farm\lib\Cake\Core\App.php(778): App::_checkFatalError()
#4 [internal function]: App::shutdown()
#5 {main}
2017-04-05 23:37:34 Error: Fatal Error (1): Class 'Facebook\FacebookApp' not found in [D:\xampp\htdocs\farm\app\Vendor\Facebook\Facebook.php, line 145]
2017-04-05 23:37:34 Error: [FatalErrorException] Class 'Facebook\FacebookApp' not found
Request URL: /farm/login
Stack Trace:
#0 D:\xampp\htdocs\farm\lib\Cake\Error\ErrorHandler.php(167): ErrorHandler::handleFatalError(1, 'Class 'Facebook...', 'D:\\xampp\\htdocs...', 145)
#1 [internal function]: ErrorHandler::handleError(1, 'Class 'Facebook...', 'D:\\xampp\\htdocs...', 145, Array)
#2 D:\xampp\htdocs\farm\lib\Cake\Core\App.php(803): call_user_func('ErrorHandler::h...', 1, 'Class 'Facebook...', 'D:\\xampp\\htdocs...', 145, Array)
#3 D:\xampp\htdocs\farm\lib\Cake\Core\App.php(778): App::_checkFatalError()
#4 [internal function]: App::shutdown()
#5 {main}
2017-04-05 23:38:01 Error: Fatal Error (1): Class 'Facebook\FacebookApp' not found in [D:\xampp\htdocs\farm\app\Vendor\Facebook\Facebook.php, line 145]
2017-04-05 23:38:01 Error: [FatalErrorException] Class 'Facebook\FacebookApp' not found
Request URL: /farm/login
Stack Trace:
#0 D:\xampp\htdocs\farm\lib\Cake\Error\ErrorHandler.php(167): ErrorHandler::handleFatalError(1, 'Class 'Facebook...', 'D:\\xampp\\htdocs...', 145)
#1 [internal function]: ErrorHandler::handleError(1, 'Class 'Facebook...', 'D:\\xampp\\htdocs...', 145, Array)
#2 D:\xampp\htdocs\farm\lib\Cake\Core\App.php(803): call_user_func('ErrorHandler::h...', 1, 'Class 'Facebook...', 'D:\\xampp\\htdocs...', 145, Array)
#3 D:\xampp\htdocs\farm\lib\Cake\Core\App.php(778): App::_checkFatalError()
#4 [internal function]: App::shutdown()
#5 {main}
2017-04-05 23:39:52 Error: Fatal Error (1): Class 'Facebook\FacebookApp' not found in [D:\xampp\htdocs\farm\app\Vendor\Facebook\Facebook.php, line 145]
2017-04-05 23:39:52 Error: [FatalErrorException] Class 'Facebook\FacebookApp' not found
Request URL: /farm/login
Stack Trace:
#0 D:\xampp\htdocs\farm\lib\Cake\Error\ErrorHandler.php(167): ErrorHandler::handleFatalError(1, 'Class 'Facebook...', 'D:\\xampp\\htdocs...', 145)
#1 [internal function]: ErrorHandler::handleError(1, 'Class 'Facebook...', 'D:\\xampp\\htdocs...', 145, Array)
#2 D:\xampp\htdocs\farm\lib\Cake\Core\App.php(803): call_user_func('ErrorHandler::h...', 1, 'Class 'Facebook...', 'D:\\xampp\\htdocs...', 145, Array)
#3 D:\xampp\htdocs\farm\lib\Cake\Core\App.php(778): App::_checkFatalError()
#4 [internal function]: App::shutdown()
#5 {main}
2017-04-05 23:42:23 Error: Fatal Error (4): syntax error, unexpected '=>' (T_DOUBLE_ARROW) in [xdebug://debug-eval, line 1]
2017-04-05 23:42:23 Error: [FatalErrorException] syntax error, unexpected '=>' (T_DOUBLE_ARROW)
Request URL: /farm/login
Stack Trace:
#0 D:\xampp\htdocs\farm\lib\Cake\Error\ErrorHandler.php(167): ErrorHandler::handleFatalError(4, 'syntax error, u...', 'xdebug://debug-...', 1)
#1 [internal function]: ErrorHandler::handleError(4, 'syntax error, u...', 'xdebug://debug-...', 1, Array)
#2 D:\xampp\htdocs\farm\lib\Cake\Core\App.php(803): call_user_func('ErrorHandler::h...', 4, 'syntax error, u...', 'xdebug://debug-...', 1, Array)
#3 D:\xampp\htdocs\farm\lib\Cake\Core\App.php(778): App::_checkFatalError()
#4 [internal function]: App::shutdown()
#5 {main}
2017-04-05 23:42:28 Error: Fatal Error (1): Class 'Facebook\FacebookApp' not found in [D:\xampp\htdocs\farm\app\Vendor\Facebook\Facebook.php, line 145]
2017-04-05 23:42:28 Error: [FatalErrorException] Class 'Facebook\FacebookApp' not found
Request URL: /farm/login
Stack Trace:
#0 D:\xampp\htdocs\farm\lib\Cake\Error\ErrorHandler.php(167): ErrorHandler::handleFatalError(1, 'Class 'Facebook...', 'D:\\xampp\\htdocs...', 145)
#1 [internal function]: ErrorHandler::handleError(1, 'Class 'Facebook...', 'D:\\xampp\\htdocs...', 145, Array)
#2 D:\xampp\htdocs\farm\lib\Cake\Core\App.php(803): call_user_func('ErrorHandler::h...', 1, 'Class 'Facebook...', 'D:\\xampp\\htdocs...', 145, Array)
#3 D:\xampp\htdocs\farm\lib\Cake\Core\App.php(778): App::_checkFatalError()
#4 [internal function]: App::shutdown()
#5 {main}
2017-04-05 23:42:48 Error: Fatal Error (1): Class 'Facebook' not found in [D:\xampp\htdocs\farm\app\Plugin\LogiAuth\Controller\Component\FbComponent.php, line 64]
2017-04-05 23:42:48 Error: [FatalErrorException] Class 'Facebook' not found
Request URL: /farm/login
Stack Trace:
#0 D:\xampp\htdocs\farm\lib\Cake\Error\ErrorHandler.php(167): ErrorHandler::handleFatalError(1, 'Class 'Facebook...', 'D:\\xampp\\htdocs...', 64)
#1 [internal function]: ErrorHandler::handleError(1, 'Class 'Facebook...', 'D:\\xampp\\htdocs...', 64, Array)
#2 D:\xampp\htdocs\farm\lib\Cake\Core\App.php(803): call_user_func('ErrorHandler::h...', 1, 'Class 'Facebook...', 'D:\\xampp\\htdocs...', 64, Array)
#3 D:\xampp\htdocs\farm\lib\Cake\Core\App.php(778): App::_checkFatalError()
#4 [internal function]: App::shutdown()
#5 {main}
2017-04-05 23:45:01 Error: Fatal Error (1): Class 'Facebook' not found in [D:\xampp\htdocs\farm\app\Plugin\LogiAuth\Controller\Component\FbComponent.php, line 64]
2017-04-05 23:45:01 Error: [FatalErrorException] Class 'Facebook' not found
Request URL: /farm/login
Stack Trace:
#0 D:\xampp\htdocs\farm\lib\Cake\Error\ErrorHandler.php(167): ErrorHandler::handleFatalError(1, 'Class 'Facebook...', 'D:\\xampp\\htdocs...', 64)
#1 [internal function]: ErrorHandler::handleError(1, 'Class 'Facebook...', 'D:\\xampp\\htdocs...', 64, Array)
#2 D:\xampp\htdocs\farm\lib\Cake\Core\App.php(803): call_user_func('ErrorHandler::h...', 1, 'Class 'Facebook...', 'D:\\xampp\\htdocs...', 64, Array)
#3 D:\xampp\htdocs\farm\lib\Cake\Core\App.php(778): App::_checkFatalError()
#4 [internal function]: App::shutdown()
#5 {main}
2017-04-05 23:57:49 Error: Fatal Error (1): Class 'Facebook' not found in [D:\xampp\htdocs\farm\app\Plugin\LogiAuth\Controller\Component\FbComponent.php, line 64]
2017-04-05 23:57:49 Error: [FatalErrorException] Class 'Facebook' not found
Request URL: /farm/login
Stack Trace:
#0 D:\xampp\htdocs\farm\lib\Cake\Error\ErrorHandler.php(167): ErrorHandler::handleFatalError(1, 'Class 'Facebook...', 'D:\\xampp\\htdocs...', 64)
#1 [internal function]: ErrorHandler::handleError(1, 'Class 'Facebook...', 'D:\\xampp\\htdocs...', 64, Array)
#2 D:\xampp\htdocs\farm\lib\Cake\Core\App.php(803): call_user_func('ErrorHandler::h...', 1, 'Class 'Facebook...', 'D:\\xampp\\htdocs...', 64, Array)
#3 D:\xampp\htdocs\farm\lib\Cake\Core\App.php(778): App::_checkFatalError()
#4 [internal function]: App::shutdown()
#5 {main}
2017-04-05 23:58:36 Error: Fatal Error (1): Class 'Facebook' not found in [D:\xampp\htdocs\farm\app\Plugin\LogiAuth\Controller\Component\FbComponent.php, line 66]
2017-04-05 23:58:36 Error: [FatalErrorException] Class 'Facebook' not found
Request URL: /farm/login
Stack Trace:
#0 D:\xampp\htdocs\farm\lib\Cake\Error\ErrorHandler.php(167): ErrorHandler::handleFatalError(1, 'Class 'Facebook...', 'D:\\xampp\\htdocs...', 66)
#1 [internal function]: ErrorHandler::handleError(1, 'Class 'Facebook...', 'D:\\xampp\\htdocs...', 66, Array)
#2 D:\xampp\htdocs\farm\lib\Cake\Core\App.php(803): call_user_func('ErrorHandler::h...', 1, 'Class 'Facebook...', 'D:\\xampp\\htdocs...', 66, Array)
#3 D:\xampp\htdocs\farm\lib\Cake\Core\App.php(778): App::_checkFatalError()
#4 [internal function]: App::shutdown()
#5 {main}
2017-04-05 23:58:40 Error: Fatal Error (1): Class 'Facebook' not found in [D:\xampp\htdocs\farm\app\Plugin\LogiAuth\Controller\Component\FbComponent.php, line 66]
2017-04-05 23:58:40 Error: [FatalErrorException] Class 'Facebook' not found
Request URL: /farm/login
Stack Trace:
#0 D:\xampp\htdocs\farm\lib\Cake\Error\ErrorHandler.php(167): ErrorHandler::handleFatalError(1, 'Class 'Facebook...', 'D:\\xampp\\htdocs...', 66)
#1 [internal function]: ErrorHandler::handleError(1, 'Class 'Facebook...', 'D:\\xampp\\htdocs...', 66, Array)
#2 D:\xampp\htdocs\farm\lib\Cake\Core\App.php(803): call_user_func('ErrorHandler::h...', 1, 'Class 'Facebook...', 'D:\\xampp\\htdocs...', 66, Array)
#3 D:\xampp\htdocs\farm\lib\Cake\Core\App.php(778): App::_checkFatalError()
#4 [internal function]: App::shutdown()
#5 {main}
2017-04-06 00:12:02 Error: Fatal Error (64): require_once() [<a href='http://php.net/function.require'>function.require</a>]: Failed opening required 'D:\xampp\htdocs\farm\app\Plugin\LogiAuth\Controller\Component/facebook-sdk-v5/autoload.php' (include_path='D:\xampp\htdocs\farm\lib;D:\xampp\php\PEAR') in [D:\xampp\htdocs\farm\app\Plugin\LogiAuth\Controller\Component\FbComponent.php, line 2]
2017-04-06 00:12:02 Error: [FatalErrorException] require_once() [<a href='http://php.net/function.require'>function.require</a>]: Failed opening required 'D:\xampp\htdocs\farm\app\Plugin\LogiAuth\Controller\Component/facebook-sdk-v5/autoload.php' (include_path='D:\xampp\htdocs\farm\lib;D:\xampp\php\PEAR')
Request URL: /farm/login
Stack Trace:
#0 D:\xampp\htdocs\farm\lib\Cake\Error\ErrorHandler.php(167): ErrorHandler::handleFatalError(64, 'require_once() ...', 'D:\\xampp\\htdocs...', 2)
#1 [internal function]: ErrorHandler::handleError(64, 'require_once() ...', 'D:\\xampp\\htdocs...', 2, Array)
#2 D:\xampp\htdocs\farm\lib\Cake\Core\App.php(803): call_user_func('ErrorHandler::h...', 64, 'require_once() ...', 'D:\\xampp\\htdocs...', 2, Array)
#3 D:\xampp\htdocs\farm\lib\Cake\Core\App.php(778): App::_checkFatalError()
#4 [internal function]: App::shutdown()
#5 {main}
2017-04-06 00:12:45 Error: Fatal Error (64): require_once() [<a href='http://php.net/function.require'>function.require</a>]: Failed opening required 'D:\xampp\htdocs\farm\app\Plugin\LogiAuth\Controller\Component/facebook-sdk-v5/autoload.php' (include_path='D:\xampp\htdocs\farm\lib;D:\xampp\php\PEAR') in [D:\xampp\htdocs\farm\app\Plugin\LogiAuth\Controller\Component\FbComponent.php, line 2]
2017-04-06 00:12:45 Error: [FatalErrorException] require_once() [<a href='http://php.net/function.require'>function.require</a>]: Failed opening required 'D:\xampp\htdocs\farm\app\Plugin\LogiAuth\Controller\Component/facebook-sdk-v5/autoload.php' (include_path='D:\xampp\htdocs\farm\lib;D:\xampp\php\PEAR')
Request URL: /farm/login
Stack Trace:
#0 D:\xampp\htdocs\farm\lib\Cake\Error\ErrorHandler.php(167): ErrorHandler::handleFatalError(64, 'require_once() ...', 'D:\\xampp\\htdocs...', 2)
#1 [internal function]: ErrorHandler::handleError(64, 'require_once() ...', 'D:\\xampp\\htdocs...', 2, Array)
#2 D:\xampp\htdocs\farm\lib\Cake\Core\App.php(803): call_user_func('ErrorHandler::h...', 64, 'require_once() ...', 'D:\\xampp\\htdocs...', 2, Array)
#3 D:\xampp\htdocs\farm\lib\Cake\Core\App.php(778): App::_checkFatalError()
#4 [internal function]: App::shutdown()
#5 {main}
2017-04-06 00:13:27 Error: Fatal Error (64): require_once() [<a href='http://php.net/function.require'>function.require</a>]: Failed opening required 'D:\xampp\htdocs\farm\app\Plugin\LogiAuth\Controller\Component/facebook-sdk-v5/autoload.php' (include_path='D:\xampp\htdocs\farm\lib;D:\xampp\php\PEAR') in [D:\xampp\htdocs\farm\app\Plugin\LogiAuth\Controller\Component\FbComponent.php, line 2]
2017-04-06 00:13:27 Error: [FatalErrorException] require_once() [<a href='http://php.net/function.require'>function.require</a>]: Failed opening required 'D:\xampp\htdocs\farm\app\Plugin\LogiAuth\Controller\Component/facebook-sdk-v5/autoload.php' (include_path='D:\xampp\htdocs\farm\lib;D:\xampp\php\PEAR')
Request URL: /farm/login
Stack Trace:
#0 D:\xampp\htdocs\farm\lib\Cake\Error\ErrorHandler.php(167): ErrorHandler::handleFatalError(64, 'require_once() ...', 'D:\\xampp\\htdocs...', 2)
#1 [internal function]: ErrorHandler::handleError(64, 'require_once() ...', 'D:\\xampp\\htdocs...', 2, Array)
#2 D:\xampp\htdocs\farm\lib\Cake\Core\App.php(803): call_user_func('ErrorHandler::h...', 64, 'require_once() ...', 'D:\\xampp\\htdocs...', 2, Array)
#3 D:\xampp\htdocs\farm\lib\Cake\Core\App.php(778): App::_checkFatalError()
#4 [internal function]: App::shutdown()
#5 {main}
2017-04-06 00:14:06 Error: Fatal Error (64): require_once() [<a href='http://php.net/function.require'>function.require</a>]: Failed opening required 'D:\xampp\htdocs\farm\app\Plugin\LogiAuth\Controller\Component/facebook-sdk-v5/autoload.php' (include_path='D:\xampp\htdocs\farm\lib;D:\xampp\php\PEAR') in [D:\xampp\htdocs\farm\app\Plugin\LogiAuth\Controller\Component\FbComponent.php, line 2]
2017-04-06 00:14:06 Error: [FatalErrorException] require_once() [<a href='http://php.net/function.require'>function.require</a>]: Failed opening required 'D:\xampp\htdocs\farm\app\Plugin\LogiAuth\Controller\Component/facebook-sdk-v5/autoload.php' (include_path='D:\xampp\htdocs\farm\lib;D:\xampp\php\PEAR')
Request URL: /farm/login
Stack Trace:
#0 D:\xampp\htdocs\farm\lib\Cake\Error\ErrorHandler.php(167): ErrorHandler::handleFatalError(64, 'require_once() ...', 'D:\\xampp\\htdocs...', 2)
#1 [internal function]: ErrorHandler::handleError(64, 'require_once() ...', 'D:\\xampp\\htdocs...', 2, Array)
#2 D:\xampp\htdocs\farm\lib\Cake\Core\App.php(803): call_user_func('ErrorHandler::h...', 64, 'require_once() ...', 'D:\\xampp\\htdocs...', 2, Array)
#3 D:\xampp\htdocs\farm\lib\Cake\Core\App.php(778): App::_checkFatalError()
#4 [internal function]: App::shutdown()
#5 {main}
2017-04-06 00:14:32 Error: Fatal Error (64): require_once() [<a href='http://php.net/function.require'>function.require</a>]: Failed opening required 'D:\xampp\htdocs\farm\app\Vendor\facebook-sdk-v5\facebook-sdk-v5\autoload.php' (include_path='D:\xampp\htdocs\farm\lib;D:\xampp\php\PEAR;D:\xampp\htdocs\farm\app\Vendor\facebook-sdk-v5\') in [D:\xampp\htdocs\farm\app\Plugin\LogiAuth\Controller\Component\FbComponent.php, line 6]
2017-04-06 00:14:32 Error: [FatalErrorException] require_once() [<a href='http://php.net/function.require'>function.require</a>]: Failed opening required 'D:\xampp\htdocs\farm\app\Vendor\facebook-sdk-v5\facebook-sdk-v5\autoload.php' (include_path='D:\xampp\htdocs\farm\lib;D:\xampp\php\PEAR;D:\xampp\htdocs\farm\app\Vendor\facebook-sdk-v5\')
Request URL: /farm/login
Stack Trace:
#0 D:\xampp\htdocs\farm\lib\Cake\Error\ErrorHandler.php(167): ErrorHandler::handleFatalError(64, 'require_once() ...', 'D:\\xampp\\htdocs...', 6)
#1 [internal function]: ErrorHandler::handleError(64, 'require_once() ...', 'D:\\xampp\\htdocs...', 6, Array)
#2 D:\xampp\htdocs\farm\lib\Cake\Core\App.php(803): call_user_func('ErrorHandler::h...', 64, 'require_once() ...', 'D:\\xampp\\htdocs...', 6, Array)
#3 D:\xampp\htdocs\farm\lib\Cake\Core\App.php(778): App::_checkFatalError()
#4 [internal function]: App::shutdown()
#5 {main}
2017-04-06 00:15:14 Error: Fatal Error (1): Class 'Facebook' not found in [D:\xampp\htdocs\farm\app\Plugin\LogiAuth\Controller\Component\FbComponent.php, line 67]
2017-04-06 00:15:14 Error: [FatalErrorException] Class 'Facebook' not found
Request URL: /farm/login
Stack Trace:
#0 D:\xampp\htdocs\farm\lib\Cake\Error\ErrorHandler.php(167): ErrorHandler::handleFatalError(1, 'Class 'Facebook...', 'D:\\xampp\\htdocs...', 67)
#1 [internal function]: ErrorHandler::handleError(1, 'Class 'Facebook...', 'D:\\xampp\\htdocs...', 67, Array)
#2 D:\xampp\htdocs\farm\lib\Cake\Core\App.php(803): call_user_func('ErrorHandler::h...', 1, 'Class 'Facebook...', 'D:\\xampp\\htdocs...', 67, Array)
#3 D:\xampp\htdocs\farm\lib\Cake\Core\App.php(778): App::_checkFatalError()
#4 [internal function]: App::shutdown()
#5 {main}
2017-04-06 00:19:36 Error: Fatal Error (1): Class 'Facebook' not found in [D:\xampp\htdocs\farm\app\Plugin\LogiAuth\Controller\Component\FbComponent.php, line 66]
2017-04-06 00:19:36 Error: [FatalErrorException] Class 'Facebook' not found
Request URL: /farm/login
Stack Trace:
#0 D:\xampp\htdocs\farm\lib\Cake\Error\ErrorHandler.php(167): ErrorHandler::handleFatalError(1, 'Class 'Facebook...', 'D:\\xampp\\htdocs...', 66)
#1 [internal function]: ErrorHandler::handleError(1, 'Class 'Facebook...', 'D:\\xampp\\htdocs...', 66, Array)
#2 D:\xampp\htdocs\farm\lib\Cake\Core\App.php(803): call_user_func('ErrorHandler::h...', 1, 'Class 'Facebook...', 'D:\\xampp\\htdocs...', 66, Array)
#3 D:\xampp\htdocs\farm\lib\Cake\Core\App.php(778): App::_checkFatalError()
#4 [internal function]: App::shutdown()
#5 {main}
2017-04-06 00:20:24 Error: Fatal Error (1): Class 'Facebook' not found in [D:\xampp\htdocs\farm\app\Plugin\LogiAuth\Controller\Component\FbComponent.php, line 66]
2017-04-06 00:20:24 Error: [FatalErrorException] Class 'Facebook' not found
Request URL: /farm/login
Stack Trace:
#0 D:\xampp\htdocs\farm\lib\Cake\Error\ErrorHandler.php(167): ErrorHandler::handleFatalError(1, 'Class 'Facebook...', 'D:\\xampp\\htdocs...', 66)
#1 [internal function]: ErrorHandler::handleError(1, 'Class 'Facebook...', 'D:\\xampp\\htdocs...', 66, Array)
#2 D:\xampp\htdocs\farm\lib\Cake\Core\App.php(803): call_user_func('ErrorHandler::h...', 1, 'Class 'Facebook...', 'D:\\xampp\\htdocs...', 66, Array)
#3 D:\xampp\htdocs\farm\lib\Cake\Core\App.php(778): App::_checkFatalError()
#4 [internal function]: App::shutdown()
#5 {main}
2017-04-06 00:20:40 Error: Fatal Error (1): Class 'Facebook' not found in [D:\xampp\htdocs\farm\app\Plugin\LogiAuth\Controller\Component\FbComponent.php, line 66]
2017-04-06 00:20:40 Error: [FatalErrorException] Class 'Facebook' not found
Request URL: /farm/login
Stack Trace:
#0 D:\xampp\htdocs\farm\lib\Cake\Error\ErrorHandler.php(167): ErrorHandler::handleFatalError(1, 'Class 'Facebook...', 'D:\\xampp\\htdocs...', 66)
#1 [internal function]: ErrorHandler::handleError(1, 'Class 'Facebook...', 'D:\\xampp\\htdocs...', 66, Array)
#2 D:\xampp\htdocs\farm\lib\Cake\Core\App.php(803): call_user_func('ErrorHandler::h...', 1, 'Class 'Facebook...', 'D:\\xampp\\htdocs...', 66, Array)
#3 D:\xampp\htdocs\farm\lib\Cake\Core\App.php(778): App::_checkFatalError()
#4 [internal function]: App::shutdown()
#5 {main}
2017-04-06 00:23:21 Error: Fatal Error (1): Class 'Facebook' not found in [D:\xampp\htdocs\farm\app\Plugin\LogiAuth\Controller\Component\FbComponent.php, line 66]
2017-04-06 00:23:21 Error: [FatalErrorException] Class 'Facebook' not found
Request URL: /farm/login
Stack Trace:
#0 D:\xampp\htdocs\farm\lib\Cake\Error\ErrorHandler.php(167): ErrorHandler::handleFatalError(1, 'Class 'Facebook...', 'D:\\xampp\\htdocs...', 66)
#1 [internal function]: ErrorHandler::handleError(1, 'Class 'Facebook...', 'D:\\xampp\\htdocs...', 66, Array)
#2 D:\xampp\htdocs\farm\lib\Cake\Core\App.php(803): call_user_func('ErrorHandler::h...', 1, 'Class 'Facebook...', 'D:\\xampp\\htdocs...', 66, Array)
#3 D:\xampp\htdocs\farm\lib\Cake\Core\App.php(778): App::_checkFatalError()
#4 [internal function]: App::shutdown()
#5 {main}
2017-04-06 00:24:03 Error: Fatal Error (1): Class 'Facebook' not found in [D:\xampp\htdocs\farm\app\Plugin\LogiAuth\Controller\Component\FbComponent.php, line 63]
2017-04-06 00:24:03 Error: [FatalErrorException] Class 'Facebook' not found
Request URL: /farm/login
Stack Trace:
#0 D:\xampp\htdocs\farm\lib\Cake\Error\ErrorHandler.php(167): ErrorHandler::handleFatalError(1, 'Class 'Facebook...', 'D:\\xampp\\htdocs...', 63)
#1 [internal function]: ErrorHandler::handleError(1, 'Class 'Facebook...', 'D:\\xampp\\htdocs...', 63, Array)
#2 D:\xampp\htdocs\farm\lib\Cake\Core\App.php(803): call_user_func('ErrorHandler::h...', 1, 'Class 'Facebook...', 'D:\\xampp\\htdocs...', 63, Array)
#3 D:\xampp\htdocs\farm\lib\Cake\Core\App.php(778): App::_checkFatalError()
#4 [internal function]: App::shutdown()
#5 {main}
2017-04-06 00:25:05 Error: Fatal Error (1): Class 'Facebook' not found in [D:\xampp\htdocs\farm\app\Plugin\LogiAuth\Controller\Component\FbComponent.php, line 63]
2017-04-06 00:25:05 Error: [FatalErrorException] Class 'Facebook' not found
Request URL: /farm/login
Stack Trace:
#0 D:\xampp\htdocs\farm\lib\Cake\Error\ErrorHandler.php(167): ErrorHandler::handleFatalError(1, 'Class 'Facebook...', 'D:\\xampp\\htdocs...', 63)
#1 [internal function]: ErrorHandler::handleError(1, 'Class 'Facebook...', 'D:\\xampp\\htdocs...', 63, Array)
#2 D:\xampp\htdocs\farm\lib\Cake\Core\App.php(803): call_user_func('ErrorHandler::h...', 1, 'Class 'Facebook...', 'D:\\xampp\\htdocs...', 63, Array)
#3 D:\xampp\htdocs\farm\lib\Cake\Core\App.php(778): App::_checkFatalError()
#4 [internal function]: App::shutdown()
#5 {main}
2017-04-06 00:28:15 Error: Fatal Error (1): Class 'Facebook' not found in [D:\xampp\htdocs\farm\app\Plugin\LogiAuth\Controller\Component\FbComponent.php, line 63]
2017-04-06 00:28:15 Error: [FatalErrorException] Class 'Facebook' not found
Request URL: /farm/login
Stack Trace:
#0 D:\xampp\htdocs\farm\lib\Cake\Error\ErrorHandler.php(167): ErrorHandler::handleFatalError(1, 'Class 'Facebook...', 'D:\\xampp\\htdocs...', 63)
#1 [internal function]: ErrorHandler::handleError(1, 'Class 'Facebook...', 'D:\\xampp\\htdocs...', 63, Array)
#2 D:\xampp\htdocs\farm\lib\Cake\Core\App.php(803): call_user_func('ErrorHandler::h...', 1, 'Class 'Facebook...', 'D:\\xampp\\htdocs...', 63, Array)
#3 D:\xampp\htdocs\farm\lib\Cake\Core\App.php(778): App::_checkFatalError()
#4 [internal function]: App::shutdown()
#5 {main}
2017-04-06 00:28:19 Error: Fatal Error (1): Class 'Facebook' not found in [D:\xampp\htdocs\farm\app\Plugin\LogiAuth\Controller\Component\FbComponent.php, line 63]
2017-04-06 00:28:19 Error: [FatalErrorException] Class 'Facebook' not found
Request URL: /farm/login
Stack Trace:
#0 D:\xampp\htdocs\farm\lib\Cake\Error\ErrorHandler.php(167): ErrorHandler::handleFatalError(1, 'Class 'Facebook...', 'D:\\xampp\\htdocs...', 63)
#1 [internal function]: ErrorHandler::handleError(1, 'Class 'Facebook...', 'D:\\xampp\\htdocs...', 63, Array)
#2 D:\xampp\htdocs\farm\lib\Cake\Core\App.php(803): call_user_func('ErrorHandler::h...', 1, 'Class 'Facebook...', 'D:\\xampp\\htdocs...', 63, Array)
#3 D:\xampp\htdocs\farm\lib\Cake\Core\App.php(778): App::_checkFatalError()
#4 [internal function]: App::shutdown()
#5 {main}
2017-04-06 00:28:27 Error: Fatal Error (1): Class 'Facebook' not found in [D:\xampp\htdocs\farm\app\Plugin\LogiAuth\Controller\Component\FbComponent.php, line 63]
2017-04-06 00:28:27 Error: [FatalErrorException] Class 'Facebook' not found
Request URL: /farm/login
Stack Trace:
#0 D:\xampp\htdocs\farm\lib\Cake\Error\ErrorHandler.php(167): ErrorHandler::handleFatalError(1, 'Class 'Facebook...', 'D:\\xampp\\htdocs...', 63)
#1 [internal function]: ErrorHandler::handleError(1, 'Class 'Facebook...', 'D:\\xampp\\htdocs...', 63, Array)
#2 D:\xampp\htdocs\farm\lib\Cake\Core\App.php(803): call_user_func('ErrorHandler::h...', 1, 'Class 'Facebook...', 'D:\\xampp\\htdocs...', 63, Array)
#3 D:\xampp\htdocs\farm\lib\Cake\Core\App.php(778): App::_checkFatalError()
#4 [internal function]: App::shutdown()
#5 {main}
2017-04-06 00:28:30 Error: Fatal Error (1): Class 'Facebook' not found in [D:\xampp\htdocs\farm\app\Plugin\LogiAuth\Controller\Component\FbComponent.php, line 63]
2017-04-06 00:28:30 Error: [FatalErrorException] Class 'Facebook' not found
Request URL: /farm/mail_auth
Stack Trace:
#0 D:\xampp\htdocs\farm\lib\Cake\Error\ErrorHandler.php(167): ErrorHandler::handleFatalError(1, 'Class 'Facebook...', 'D:\\xampp\\htdocs...', 63)
#1 [internal function]: ErrorHandler::handleError(1, 'Class 'Facebook...', 'D:\\xampp\\htdocs...', 63, Array)
#2 D:\xampp\htdocs\farm\lib\Cake\Core\App.php(803): call_user_func('ErrorHandler::h...', 1, 'Class 'Facebook...', 'D:\\xampp\\htdocs...', 63, Array)
#3 D:\xampp\htdocs\farm\lib\Cake\Core\App.php(778): App::_checkFatalError()
#4 [internal function]: App::shutdown()
#5 {main}
2017-04-06 00:29:13 Error: Fatal Error (1): Class 'Facebook' not found in [D:\xampp\htdocs\farm\app\Plugin\LogiAuth\Controller\Component\FbComponent.php, line 63]
2017-04-06 00:29:13 Error: [FatalErrorException] Class 'Facebook' not found
Request URL: /farm/mail_auth
Stack Trace:
#0 D:\xampp\htdocs\farm\lib\Cake\Error\ErrorHandler.php(167): ErrorHandler::handleFatalError(1, 'Class 'Facebook...', 'D:\\xampp\\htdocs...', 63)
#1 [internal function]: ErrorHandler::handleError(1, 'Class 'Facebook...', 'D:\\xampp\\htdocs...', 63, Array)
#2 D:\xampp\htdocs\farm\lib\Cake\Core\App.php(803): call_user_func('ErrorHandler::h...', 1, 'Class 'Facebook...', 'D:\\xampp\\htdocs...', 63, Array)
#3 D:\xampp\htdocs\farm\lib\Cake\Core\App.php(778): App::_checkFatalError()
#4 [internal function]: App::shutdown()
#5 {main}
2017-04-06 00:30:59 Error: Fatal Error (1): Class 'Facebook' not found in [D:\xampp\htdocs\farm\app\Plugin\LogiAuth\Controller\Component\FbComponent.php, line 63]
2017-04-06 00:30:59 Error: [FatalErrorException] Class 'Facebook' not found
Request URL: /farm/mail_auth
Stack Trace:
#0 D:\xampp\htdocs\farm\lib\Cake\Error\ErrorHandler.php(167): ErrorHandler::handleFatalError(1, 'Class 'Facebook...', 'D:\\xampp\\htdocs...', 63)
#1 [internal function]: ErrorHandler::handleError(1, 'Class 'Facebook...', 'D:\\xampp\\htdocs...', 63, Array)
#2 D:\xampp\htdocs\farm\lib\Cake\Core\App.php(803): call_user_func('ErrorHandler::h...', 1, 'Class 'Facebook...', 'D:\\xampp\\htdocs...', 63, Array)
#3 D:\xampp\htdocs\farm\lib\Cake\Core\App.php(778): App::_checkFatalError()
#4 [internal function]: App::shutdown()
#5 {main}
2017-04-06 00:31:01 Error: Fatal Error (1): Class 'Facebook' not found in [D:\xampp\htdocs\farm\app\Plugin\LogiAuth\Controller\Component\FbComponent.php, line 63]
2017-04-06 00:31:01 Error: [FatalErrorException] Class 'Facebook' not found
Request URL: /farm/mail_auth
Stack Trace:
#0 D:\xampp\htdocs\farm\lib\Cake\Error\ErrorHandler.php(167): ErrorHandler::handleFatalError(1, 'Class 'Facebook...', 'D:\\xampp\\htdocs...', 63)
#1 [internal function]: ErrorHandler::handleError(1, 'Class 'Facebook...', 'D:\\xampp\\htdocs...', 63, Array)
#2 D:\xampp\htdocs\farm\lib\Cake\Core\App.php(803): call_user_func('ErrorHandler::h...', 1, 'Class 'Facebook...', 'D:\\xampp\\htdocs...', 63, Array)
#3 D:\xampp\htdocs\farm\lib\Cake\Core\App.php(778): App::_checkFatalError()
#4 [internal function]: App::shutdown()
#5 {main}
2017-04-06 01:45:48 Error: Fatal Error (1): Class 'Facebook' not found in [D:\xampp\htdocs\farm\app\Plugin\LogiAuth\Controller\Component\FbComponent.php, line 63]
2017-04-06 01:45:48 Error: [FatalErrorException] Class 'Facebook' not found
Request URL: /farm/mail_auth
Stack Trace:
#0 D:\xampp\htdocs\farm\lib\Cake\Error\ErrorHandler.php(167): ErrorHandler::handleFatalError(1, 'Class 'Facebook...', 'D:\\xampp\\htdocs...', 63)
#1 [internal function]: ErrorHandler::handleError(1, 'Class 'Facebook...', 'D:\\xampp\\htdocs...', 63, Array)
#2 D:\xampp\htdocs\farm\lib\Cake\Core\App.php(803): call_user_func('ErrorHandler::h...', 1, 'Class 'Facebook...', 'D:\\xampp\\htdocs...', 63, Array)
#3 D:\xampp\htdocs\farm\lib\Cake\Core\App.php(778): App::_checkFatalError()
#4 [internal function]: App::shutdown()
#5 {main}
2017-04-06 02:15:04 Error: fb callback
2017-04-06 02:17:52 Error: fb callback
2017-04-06 02:33:58 Error: Fatal Error (4): syntax error, unexpected ')', expecting ']' in [D:\xampp\htdocs\farm\app\View\AdminProjects\admin_backers.ctp, line 56]
2017-04-06 02:33:58 Error: [FatalErrorException] syntax error, unexpected ')', expecting ']'
Request URL: /farm/admin/admin_projects/backers/41
Stack Trace:
#0 D:\xampp\htdocs\farm\lib\Cake\Error\ErrorHandler.php(167): ErrorHandler::handleFatalError(4, 'syntax error, u...', 'D:\\xampp\\htdocs...', 56)
#1 [internal function]: ErrorHandler::handleError(4, 'syntax error, u...', 'D:\\xampp\\htdocs...', 56, Array)
#2 D:\xampp\htdocs\farm\lib\Cake\Core\App.php(803): call_user_func('ErrorHandler::h...', 4, 'syntax error, u...', 'D:\\xampp\\htdocs...', 56, Array)
#3 D:\xampp\htdocs\farm\lib\Cake\Core\App.php(778): App::_checkFatalError()
#4 [internal function]: App::shutdown()
#5 {main}
2017-04-06 02:49:49 Error: [MissingControllerException] Controller class DelBpController could not be found.
Exception Attributes: array (
  'class' => 'DelBpController',
  'plugin' => NULL,
)
Request URL: /farm/admin/del_bp/145
Stack Trace:
#0 D:\xampp\htdocs\farm\app\webroot\index.php(86): Dispatcher->dispatch(Object(CakeRequest), Object(CakeResponse))
#1 {main}
2017-04-06 02:50:05 Error: [MissingActionException] Action ProjectsController::admin_del_bp() could not be found.
Exception Attributes: array (
  'controller' => 'ProjectsController',
  'action' => 'admin_del_bp',
)
Request URL: /farm/admin/projects/del_bp/145
Stack Trace:
#0 D:\xampp\htdocs\farm\lib\Cake\Routing\Dispatcher.php(220): Controller->invokeAction(Object(CakeRequest))
#1 D:\xampp\htdocs\farm\lib\Cake\Routing\Dispatcher.php(100): Dispatcher->_invoke(Object(ProjectsController), Object(CakeRequest), Object(CakeResponse))
#2 D:\xampp\htdocs\farm\app\webroot\index.php(86): Dispatcher->dispatch(Object(CakeRequest), Object(CakeResponse))
#3 {main}
2017-04-06 02:50:43 Error: [MissingActionException] Action ProjectsController::admin_del_bp() could not be found.
Exception Attributes: array (
  'controller' => 'ProjectsController',
  'action' => 'admin_del_bp',
)
Request URL: /farm/admin/projects/del_bp/145
Stack Trace:
#0 D:\xampp\htdocs\farm\lib\Cake\Routing\Dispatcher.php(220): Controller->invokeAction(Object(CakeRequest))
#1 D:\xampp\htdocs\farm\lib\Cake\Routing\Dispatcher.php(100): Dispatcher->_invoke(Object(ProjectsController), Object(CakeRequest), Object(CakeResponse))
#2 D:\xampp\htdocs\farm\app\webroot\index.php(86): Dispatcher->dispatch(Object(CakeRequest), Object(CakeResponse))
#3 {main}
2017-04-06 02:51:51 Error: [MissingActionException] Action ProjectsController::admin_del_bp() could not be found.
Exception Attributes: array (
  'controller' => 'ProjectsController',
  'action' => 'admin_del_bp',
)
Request URL: /farm/admin/projects/del_bp/145
Stack Trace:
#0 D:\xampp\htdocs\farm\lib\Cake\Routing\Dispatcher.php(220): Controller->invokeAction(Object(CakeRequest))
#1 D:\xampp\htdocs\farm\lib\Cake\Routing\Dispatcher.php(100): Dispatcher->_invoke(Object(ProjectsController), Object(CakeRequest), Object(CakeResponse))
#2 D:\xampp\htdocs\farm\app\webroot\index.php(86): Dispatcher->dispatch(Object(CakeRequest), Object(CakeResponse))
#3 {main}
2017-04-06 02:52:54 Error: Fatal Error (1): Call to a member function begin() on null in [D:\xampp\htdocs\farm\app\Controller\AdminProjectsController.php, line 542]
2017-04-06 02:52:54 Error: [FatalErrorException] Call to a member function begin() on null
Request URL: /farm/admin/admin_projects/del_bp/145
Stack Trace:
#0 D:\xampp\htdocs\farm\lib\Cake\Error\ErrorHandler.php(167): ErrorHandler::handleFatalError(1, 'Call to a membe...', 'D:\\xampp\\htdocs...', 542)
#1 [internal function]: ErrorHandler::handleError(1, 'Call to a membe...', 'D:\\xampp\\htdocs...', 542, Array)
#2 D:\xampp\htdocs\farm\lib\Cake\Core\App.php(803): call_user_func('ErrorHandler::h...', 1, 'Call to a membe...', 'D:\\xampp\\htdocs...', 542, Array)
#3 D:\xampp\htdocs\farm\lib\Cake\Core\App.php(778): App::_checkFatalError()
#4 [internal function]: App::shutdown()
#5 {main}
2017-04-06 02:54:07 Error: Fatal Error (1): Call to a member function findAllByProjectId() on null in [D:\xampp\htdocs\farm\app\Controller\AdminProjectsController.php, line 568]
2017-04-06 02:54:07 Error: [FatalErrorException] Call to a member function findAllByProjectId() on null
Request URL: /farm/admin/admin_projects/del_bp/145
Stack Trace:
#0 D:\xampp\htdocs\farm\lib\Cake\Error\ErrorHandler.php(167): ErrorHandler::handleFatalError(1, 'Call to a membe...', 'D:\\xampp\\htdocs...', 568)
#1 [internal function]: ErrorHandler::handleError(1, 'Call to a membe...', 'D:\\xampp\\htdocs...', 568, Array)
#2 D:\xampp\htdocs\farm\lib\Cake\Core\App.php(803): call_user_func('ErrorHandler::h...', 1, 'Call to a membe...', 'D:\\xampp\\htdocs...', 568, Array)
#3 D:\xampp\htdocs\farm\lib\Cake\Core\App.php(778): App::_checkFatalError()
#4 [internal function]: App::shutdown()
#5 {main}
2017-04-06 03:18:31 Error: Fatal Error (4): syntax error, unexpected '=>' (T_DOUBLE_ARROW) in [xdebug://debug-eval, line 1]
2017-04-06 03:18:31 Error: [FatalErrorException] syntax error, unexpected '=>' (T_DOUBLE_ARROW)
Request URL: /farm/categories/c2/27
Stack Trace:
#0 D:\xampp\htdocs\farm\lib\Cake\Error\ErrorHandler.php(167): ErrorHandler::handleFatalError(4, 'syntax error, u...', 'xdebug://debug-...', 1)
#1 [internal function]: ErrorHandler::handleError(4, 'syntax error, u...', 'xdebug://debug-...', 1, Array)
#2 D:\xampp\htdocs\farm\lib\Cake\Core\App.php(803): call_user_func('ErrorHandler::h...', 4, 'syntax error, u...', 'xdebug://debug-...', 1, Array)
#3 D:\xampp\htdocs\farm\lib\Cake\Core\App.php(778): App::_checkFatalError()
#4 [internal function]: App::shutdown()
#5 {main}
2017-04-26 03:05:33 Error: Fatal Error (4): syntax error, unexpected '=>' (T_DOUBLE_ARROW) in [xdebug://debug-eval, line 1]
2017-04-26 03:05:33 Error: [FatalErrorException] syntax error, unexpected '=>' (T_DOUBLE_ARROW)
Request URL: /farm/login
Stack Trace:
#0 D:\xampp\htdocs\farm\lib\Cake\Error\ErrorHandler.php(167): ErrorHandler::handleFatalError(4, 'syntax error, u...', 'xdebug://debug-...', 1)
#1 [internal function]: ErrorHandler::handleError(4, 'syntax error, u...', 'xdebug://debug-...', 1, Array)
#2 D:\xampp\htdocs\farm\lib\Cake\Core\App.php(803): call_user_func('ErrorHandler::h...', 4, 'syntax error, u...', 'xdebug://debug-...', 1, Array)
#3 D:\xampp\htdocs\farm\lib\Cake\Core\App.php(778): App::_checkFatalError()
#4 [internal function]: App::shutdown()
#5 {main}
2017-05-01 12:52:58 Error: Fatal Error (1): Call to a member function save() on null in [D:\xampp\htdocs\farm\app\Controller\BackedProjectsController.php, line 34]
2017-05-01 12:52:58 Error: [FatalErrorException] Call to a member function save() on null
Request URL: /farm/backed_projects/add/6/2
Stack Trace:
#0 D:\xampp\htdocs\farm\lib\Cake\Error\ErrorHandler.php(167): ErrorHandler::handleFatalError(1, 'Call to a membe...', 'D:\\xampp\\htdocs...', 34)
#1 [internal function]: ErrorHandler::handleError(1, 'Call to a membe...', 'D:\\xampp\\htdocs...', 34, Array)
#2 D:\xampp\htdocs\farm\lib\Cake\Core\App.php(803): call_user_func('ErrorHandler::h...', 1, 'Call to a membe...', 'D:\\xampp\\htdocs...', 34, Array)
#3 D:\xampp\htdocs\farm\lib\Cake\Core\App.php(778): App::_checkFatalError()
#4 [internal function]: App::shutdown()
#5 {main}
2017-05-01 12:55:01 Error: Fatal Error (1): Call to a member function save() on null in [D:\xampp\htdocs\farm\app\Controller\BackedProjectsController.php, line 34]
2017-05-01 12:55:01 Error: [FatalErrorException] Call to a member function save() on null
Request URL: /farm/backed_projects/add/6/2
Stack Trace:
#0 D:\xampp\htdocs\farm\lib\Cake\Error\ErrorHandler.php(167): ErrorHandler::handleFatalError(1, 'Call to a membe...', 'D:\\xampp\\htdocs...', 34)
#1 [internal function]: ErrorHandler::handleError(1, 'Call to a membe...', 'D:\\xampp\\htdocs...', 34, Array)
#2 D:\xampp\htdocs\farm\lib\Cake\Core\App.php(803): call_user_func('ErrorHandler::h...', 1, 'Call to a membe...', 'D:\\xampp\\htdocs...', 34, Array)
#3 D:\xampp\htdocs\farm\lib\Cake\Core\App.php(778): App::_checkFatalError()
#4 [internal function]: App::shutdown()
#5 {main}
2017-05-09 04:53:26 Error: [MissingConnectionException] Database connection "Mysql" is missing, or could not be created.
Exception Attributes: array (
  'class' => 'Mysql',
  'message' => 'SQLSTATE[HY000] [1045] Access denied for user \'crowdf\'@\'localhost\' (using password: YES)',
  'enabled' => true,
)
Request URL: /farm/
Stack Trace:
#0 D:\xampp7\htdocs\farm\lib\Cake\Model\Datasource\DboSource.php(269): Mysql->connect()
#1 D:\xampp7\htdocs\farm\lib\Cake\Model\ConnectionManager.php(105): DboSource->__construct(Array)
#2 D:\xampp7\htdocs\farm\lib\Cake\Model\Model.php(3640): ConnectionManager::getDataSource('default')
#3 D:\xampp7\htdocs\farm\lib\Cake\Model\Model.php(1162): Model->setDataSource('default')
#4 D:\xampp7\htdocs\farm\lib\Cake\Model\Model.php(3667): Model->setSource('settings')
#5 D:\xampp7\htdocs\farm\lib\Cake\Model\Model.php(3038): Model->getDataSource()
#6 D:\xampp7\htdocs\farm\lib\Cake\Model\Model.php(3010): Model->_readDataSource('first', Array)
#7 D:\xampp7\htdocs\farm\app\Controller\AppController.php(59): Model->find('first')
#8 D:\xampp7\htdocs\farm\app\Controller\AppController.php(27): AppController->setting()
#9 D:\xampp7\htdocs\farm\app\Controller\BaseController.php(11): AppController->beforeFilter()
#10 D:\xampp7\htdocs\farm\lib\Cake\Event\CakeEventManager.php(243): BaseController->beforeFilter(Object(CakeEvent))
#11 D:\xampp7\htdocs\farm\lib\Cake\Controller\Controller.php(677): CakeEventManager->dispatch(Object(CakeEvent))
#12 D:\xampp7\htdocs\farm\lib\Cake\Routing\Dispatcher.php(189): Controller->startupProcess()
#13 D:\xampp7\htdocs\farm\lib\Cake\Routing\Dispatcher.php(167): Dispatcher->_invoke(Object(BaseController), Object(CakeRequest))
#14 D:\xampp7\htdocs\farm\app\webroot\index.php(86): Dispatcher->dispatch(Object(CakeRequest), Object(CakeResponse))
#15 {main}
2017-05-09 05:02:55 Error: [MissingConnectionException] Database connection "Mysql" is missing, or could not be created.
Exception Attributes: array (
  'class' => 'Mysql',
  'message' => 'SQLSTATE[HY000] [1045] Access denied for user \'crowdf\'@\'localhost\' (using password: YES)',
  'enabled' => true,
)
Request URL: /farm/
Stack Trace:
#0 D:\xampp7\htdocs\farm\lib\Cake\Model\Datasource\DboSource.php(269): Mysql->connect()
#1 D:\xampp7\htdocs\farm\lib\Cake\Model\ConnectionManager.php(105): DboSource->__construct(Array)
#2 D:\xampp7\htdocs\farm\lib\Cake\Model\Model.php(3640): ConnectionManager::getDataSource('default')
#3 D:\xampp7\htdocs\farm\lib\Cake\Model\Model.php(1162): Model->setDataSource('default')
#4 D:\xampp7\htdocs\farm\lib\Cake\Model\Model.php(3667): Model->setSource('settings')
#5 D:\xampp7\htdocs\farm\lib\Cake\Model\Model.php(3038): Model->getDataSource()
#6 D:\xampp7\htdocs\farm\lib\Cake\Model\Model.php(3010): Model->_readDataSource('first', Array)
#7 D:\xampp7\htdocs\farm\app\Controller\AppController.php(59): Model->find('first')
#8 D:\xampp7\htdocs\farm\app\Controller\AppController.php(27): AppController->setting()
#9 D:\xampp7\htdocs\farm\app\Controller\BaseController.php(11): AppController->beforeFilter()
#10 D:\xampp7\htdocs\farm\lib\Cake\Event\CakeEventManager.php(243): BaseController->beforeFilter(Object(CakeEvent))
#11 D:\xampp7\htdocs\farm\lib\Cake\Controller\Controller.php(677): CakeEventManager->dispatch(Object(CakeEvent))
#12 D:\xampp7\htdocs\farm\lib\Cake\Routing\Dispatcher.php(189): Controller->startupProcess()
#13 D:\xampp7\htdocs\farm\lib\Cake\Routing\Dispatcher.php(167): Dispatcher->_invoke(Object(BaseController), Object(CakeRequest))
#14 D:\xampp7\htdocs\farm\app\webroot\index.php(86): Dispatcher->dispatch(Object(CakeRequest), Object(CakeResponse))
#15 {main}
2017-05-09 05:11:43 Error: [MissingConnectionException] Database connection "Mysql" is missing, or could not be created.
Exception Attributes: array (
  'class' => 'Mysql',
  'message' => 'SQLSTATE[HY000] [1045] Access denied for user \'crowdf\'@\'localhost\' (using password: YES)',
  'enabled' => true,
)
Request URL: /farm/
Stack Trace:
#0 D:\xampp7\htdocs\farm\lib\Cake\Model\Datasource\DboSource.php(269): Mysql->connect()
#1 D:\xampp7\htdocs\farm\lib\Cake\Model\ConnectionManager.php(105): DboSource->__construct(Array)
#2 D:\xampp7\htdocs\farm\lib\Cake\Model\Model.php(3640): ConnectionManager::getDataSource('default')
#3 D:\xampp7\htdocs\farm\lib\Cake\Model\Model.php(1162): Model->setDataSource('default')
#4 D:\xampp7\htdocs\farm\lib\Cake\Model\Model.php(3667): Model->setSource('settings')
#5 D:\xampp7\htdocs\farm\lib\Cake\Model\Model.php(3038): Model->getDataSource()
#6 D:\xampp7\htdocs\farm\lib\Cake\Model\Model.php(3010): Model->_readDataSource('first', Array)
#7 D:\xampp7\htdocs\farm\app\Controller\AppController.php(59): Model->find('first')
#8 D:\xampp7\htdocs\farm\app\Controller\AppController.php(27): AppController->setting()
#9 D:\xampp7\htdocs\farm\app\Controller\BaseController.php(11): AppController->beforeFilter()
#10 D:\xampp7\htdocs\farm\lib\Cake\Event\CakeEventManager.php(243): BaseController->beforeFilter(Object(CakeEvent))
#11 D:\xampp7\htdocs\farm\lib\Cake\Controller\Controller.php(677): CakeEventManager->dispatch(Object(CakeEvent))
#12 D:\xampp7\htdocs\farm\lib\Cake\Routing\Dispatcher.php(189): Controller->startupProcess()
#13 D:\xampp7\htdocs\farm\lib\Cake\Routing\Dispatcher.php(167): Dispatcher->_invoke(Object(BaseController), Object(CakeRequest))
#14 D:\xampp7\htdocs\farm\app\webroot\index.php(86): Dispatcher->dispatch(Object(CakeRequest), Object(CakeResponse))
#15 {main}
2017-05-09 05:11:44 Error: [MissingConnectionException] Database connection "Mysql" is missing, or could not be created.
Exception Attributes: array (
  'class' => 'Mysql',
  'message' => 'SQLSTATE[HY000] [1045] Access denied for user \'crowdf\'@\'localhost\' (using password: YES)',
  'enabled' => true,
)
Request URL: /farm/
Stack Trace:
#0 D:\xampp7\htdocs\farm\lib\Cake\Model\Datasource\DboSource.php(269): Mysql->connect()
#1 D:\xampp7\htdocs\farm\lib\Cake\Model\ConnectionManager.php(105): DboSource->__construct(Array)
#2 D:\xampp7\htdocs\farm\lib\Cake\Model\Model.php(3640): ConnectionManager::getDataSource('default')
#3 D:\xampp7\htdocs\farm\lib\Cake\Model\Model.php(1162): Model->setDataSource('default')
#4 D:\xampp7\htdocs\farm\lib\Cake\Model\Model.php(3667): Model->setSource('settings')
#5 D:\xampp7\htdocs\farm\lib\Cake\Model\Model.php(3038): Model->getDataSource()
#6 D:\xampp7\htdocs\farm\lib\Cake\Model\Model.php(3010): Model->_readDataSource('first', Array)
#7 D:\xampp7\htdocs\farm\app\Controller\AppController.php(59): Model->find('first')
#8 D:\xampp7\htdocs\farm\app\Controller\AppController.php(27): AppController->setting()
#9 D:\xampp7\htdocs\farm\app\Controller\BaseController.php(11): AppController->beforeFilter()
#10 D:\xampp7\htdocs\farm\lib\Cake\Event\CakeEventManager.php(243): BaseController->beforeFilter(Object(CakeEvent))
#11 D:\xampp7\htdocs\farm\lib\Cake\Controller\Controller.php(677): CakeEventManager->dispatch(Object(CakeEvent))
#12 D:\xampp7\htdocs\farm\lib\Cake\Routing\Dispatcher.php(189): Controller->startupProcess()
#13 D:\xampp7\htdocs\farm\lib\Cake\Routing\Dispatcher.php(167): Dispatcher->_invoke(Object(BaseController), Object(CakeRequest))
#14 D:\xampp7\htdocs\farm\app\webroot\index.php(86): Dispatcher->dispatch(Object(CakeRequest), Object(CakeResponse))
#15 {main}
2017-05-09 05:12:23 Error: [MissingConnectionException] Database connection "Mysql" is missing, or could not be created.
Exception Attributes: array (
  'class' => 'Mysql',
  'message' => 'SQLSTATE[HY000] [1045] Access denied for user \'crowdf\'@\'localhost\' (using password: YES)',
  'enabled' => true,
)
Request URL: /farm/
Stack Trace:
#0 D:\xampp7\htdocs\farm\lib\Cake\Model\Datasource\DboSource.php(269): Mysql->connect()
#1 D:\xampp7\htdocs\farm\lib\Cake\Model\ConnectionManager.php(105): DboSource->__construct(Array)
#2 D:\xampp7\htdocs\farm\lib\Cake\Model\Model.php(3640): ConnectionManager::getDataSource('default')
#3 D:\xampp7\htdocs\farm\lib\Cake\Model\Model.php(1162): Model->setDataSource('default')
#4 D:\xampp7\htdocs\farm\lib\Cake\Model\Model.php(3667): Model->setSource('settings')
#5 D:\xampp7\htdocs\farm\lib\Cake\Model\Model.php(3038): Model->getDataSource()
#6 D:\xampp7\htdocs\farm\lib\Cake\Model\Model.php(3010): Model->_readDataSource('first', Array)
#7 D:\xampp7\htdocs\farm\app\Controller\AppController.php(59): Model->find('first')
#8 D:\xampp7\htdocs\farm\app\Controller\AppController.php(27): AppController->setting()
#9 D:\xampp7\htdocs\farm\app\Controller\BaseController.php(11): AppController->beforeFilter()
#10 D:\xampp7\htdocs\farm\lib\Cake\Event\CakeEventManager.php(243): BaseController->beforeFilter(Object(CakeEvent))
#11 D:\xampp7\htdocs\farm\lib\Cake\Controller\Controller.php(677): CakeEventManager->dispatch(Object(CakeEvent))
#12 D:\xampp7\htdocs\farm\lib\Cake\Routing\Dispatcher.php(189): Controller->startupProcess()
#13 D:\xampp7\htdocs\farm\lib\Cake\Routing\Dispatcher.php(167): Dispatcher->_invoke(Object(BaseController), Object(CakeRequest))
#14 D:\xampp7\htdocs\farm\app\webroot\index.php(86): Dispatcher->dispatch(Object(CakeRequest), Object(CakeResponse))
#15 {main}
2017-05-09 05:13:02 Error: [MissingConnectionException] Database connection "Mysql" is missing, or could not be created.
Exception Attributes: array (
  'class' => 'Mysql',
  'message' => 'SQLSTATE[HY000] [1045] Access denied for user \'crowdf\'@\'localhost\' (using password: YES)',
  'enabled' => true,
)
Request URL: /farm/
Stack Trace:
#0 D:\xampp7\htdocs\farm\lib\Cake\Model\Datasource\DboSource.php(269): Mysql->connect()
#1 D:\xampp7\htdocs\farm\lib\Cake\Model\ConnectionManager.php(105): DboSource->__construct(Array)
#2 D:\xampp7\htdocs\farm\lib\Cake\Model\Model.php(3640): ConnectionManager::getDataSource('default')
#3 D:\xampp7\htdocs\farm\lib\Cake\Model\Model.php(1162): Model->setDataSource('default')
#4 D:\xampp7\htdocs\farm\lib\Cake\Model\Model.php(3667): Model->setSource('settings')
#5 D:\xampp7\htdocs\farm\lib\Cake\Model\Model.php(3038): Model->getDataSource()
#6 D:\xampp7\htdocs\farm\lib\Cake\Model\Model.php(3010): Model->_readDataSource('first', Array)
#7 D:\xampp7\htdocs\farm\app\Controller\AppController.php(59): Model->find('first')
#8 D:\xampp7\htdocs\farm\app\Controller\AppController.php(27): AppController->setting()
#9 D:\xampp7\htdocs\farm\app\Controller\BaseController.php(11): AppController->beforeFilter()
#10 D:\xampp7\htdocs\farm\lib\Cake\Event\CakeEventManager.php(243): BaseController->beforeFilter(Object(CakeEvent))
#11 D:\xampp7\htdocs\farm\lib\Cake\Controller\Controller.php(677): CakeEventManager->dispatch(Object(CakeEvent))
#12 D:\xampp7\htdocs\farm\lib\Cake\Routing\Dispatcher.php(189): Controller->startupProcess()
#13 D:\xampp7\htdocs\farm\lib\Cake\Routing\Dispatcher.php(167): Dispatcher->_invoke(Object(BaseController), Object(CakeRequest))
#14 D:\xampp7\htdocs\farm\app\webroot\index.php(86): Dispatcher->dispatch(Object(CakeRequest), Object(CakeResponse))
#15 {main}
2017-05-09 05:16:47 Error: [BadRequestException] The request has been black-holed
Request URL: /farm/login
Stack Trace:
#0 D:\xampp7\htdocs\farm\lib\Cake\Controller\Component\SecurityComponent.php(240): SecurityComponent->blackHole(Object(UsersController), 'auth')
#1 D:\xampp7\htdocs\farm\lib\Cake\Utility\ObjectCollection.php(128): SecurityComponent->startup(Object(UsersController))
#2 D:\xampp7\htdocs\farm\lib\Cake\Event\CakeEventManager.php(243): ObjectCollection->trigger('startup')
#3 D:\xampp7\htdocs\farm\lib\Cake\Controller\Controller.php(678): CakeEventManager->dispatch(Object(CakeEvent))
#4 D:\xampp7\htdocs\farm\lib\Cake\Routing\Dispatcher.php(189): Controller->startupProcess()
#5 D:\xampp7\htdocs\farm\lib\Cake\Routing\Dispatcher.php(167): Dispatcher->_invoke(Object(UsersController), Object(CakeRequest))
#6 D:\xampp7\htdocs\farm\app\webroot\index.php(86): Dispatcher->dispatch(Object(CakeRequest), Object(CakeResponse))
#7 {main}
2017-05-09 05:17:09 Error: [BadRequestException] The request has been black-holed
Request URL: /farm/login
Stack Trace:
#0 D:\xampp7\htdocs\farm\lib\Cake\Controller\Component\SecurityComponent.php(240): SecurityComponent->blackHole(Object(UsersController), 'auth')
#1 D:\xampp7\htdocs\farm\lib\Cake\Utility\ObjectCollection.php(128): SecurityComponent->startup(Object(UsersController))
#2 D:\xampp7\htdocs\farm\lib\Cake\Event\CakeEventManager.php(243): ObjectCollection->trigger('startup')
#3 D:\xampp7\htdocs\farm\lib\Cake\Controller\Controller.php(678): CakeEventManager->dispatch(Object(CakeEvent))
#4 D:\xampp7\htdocs\farm\lib\Cake\Routing\Dispatcher.php(189): Controller->startupProcess()
#5 D:\xampp7\htdocs\farm\lib\Cake\Routing\Dispatcher.php(167): Dispatcher->_invoke(Object(UsersController), Object(CakeRequest))
#6 D:\xampp7\htdocs\farm\app\webroot\index.php(86): Dispatcher->dispatch(Object(CakeRequest), Object(CakeResponse))
#7 {main}
2017-05-09 05:20:59 Error: black hole
2017-05-09 05:20:59 Error: black hole
2017-05-09 05:20:59 Error: black hole
2017-05-09 05:21:33 Error: black hole
2017-05-09 05:21:40 Error: black hole
2017-05-09 05:22:02 Error: black hole
2017-05-09 05:22:35 Error: black hole
2017-05-09 05:22:59 Error: [BadRequestException] The request has been black-holed
Request URL: /farm/login
Stack Trace:
#0 D:\xampp7\htdocs\farm\lib\Cake\Controller\Component\SecurityComponent.php(240): SecurityComponent->blackHole(Object(UsersController), 'auth')
#1 D:\xampp7\htdocs\farm\lib\Cake\Utility\ObjectCollection.php(128): SecurityComponent->startup(Object(UsersController))
#2 D:\xampp7\htdocs\farm\lib\Cake\Event\CakeEventManager.php(243): ObjectCollection->trigger('startup')
#3 D:\xampp7\htdocs\farm\lib\Cake\Controller\Controller.php(678): CakeEventManager->dispatch(Object(CakeEvent))
#4 D:\xampp7\htdocs\farm\lib\Cake\Routing\Dispatcher.php(189): Controller->startupProcess()
#5 D:\xampp7\htdocs\farm\lib\Cake\Routing\Dispatcher.php(167): Dispatcher->_invoke(Object(UsersController), Object(CakeRequest))
#6 D:\xampp7\htdocs\farm\app\webroot\index.php(86): Dispatcher->dispatch(Object(CakeRequest), Object(CakeResponse))
#7 {main}
2017-05-09 05:23:49 Error: [BadRequestException] The request has been black-holed
Request URL: /farm/admin
Stack Trace:
#0 D:\xampp7\htdocs\farm\lib\Cake\Controller\Component\SecurityComponent.php(240): SecurityComponent->blackHole(Object(UsersController), 'auth')
#1 D:\xampp7\htdocs\farm\lib\Cake\Utility\ObjectCollection.php(128): SecurityComponent->startup(Object(UsersController))
#2 D:\xampp7\htdocs\farm\lib\Cake\Event\CakeEventManager.php(243): ObjectCollection->trigger('startup')
#3 D:\xampp7\htdocs\farm\lib\Cake\Controller\Controller.php(678): CakeEventManager->dispatch(Object(CakeEvent))
#4 D:\xampp7\htdocs\farm\lib\Cake\Routing\Dispatcher.php(189): Controller->startupProcess()
#5 D:\xampp7\htdocs\farm\lib\Cake\Routing\Dispatcher.php(167): Dispatcher->_invoke(Object(UsersController), Object(CakeRequest))
#6 D:\xampp7\htdocs\farm\app\webroot\index.php(86): Dispatcher->dispatch(Object(CakeRequest), Object(CakeResponse))
#7 {main}
2017-05-09 05:24:39 Error: [BadRequestException] The request has been black-holed
Request URL: /farm/login
Stack Trace:
#0 D:\xampp7\htdocs\farm\lib\Cake\Controller\Component\SecurityComponent.php(240): SecurityComponent->blackHole(Object(UsersController), 'auth')
#1 D:\xampp7\htdocs\farm\lib\Cake\Utility\ObjectCollection.php(128): SecurityComponent->startup(Object(UsersController))
#2 D:\xampp7\htdocs\farm\lib\Cake\Event\CakeEventManager.php(243): ObjectCollection->trigger('startup')
#3 D:\xampp7\htdocs\farm\lib\Cake\Controller\Controller.php(678): CakeEventManager->dispatch(Object(CakeEvent))
#4 D:\xampp7\htdocs\farm\lib\Cake\Routing\Dispatcher.php(189): Controller->startupProcess()
#5 D:\xampp7\htdocs\farm\lib\Cake\Routing\Dispatcher.php(167): Dispatcher->_invoke(Object(UsersController), Object(CakeRequest))
#6 D:\xampp7\htdocs\farm\app\webroot\index.php(86): Dispatcher->dispatch(Object(CakeRequest), Object(CakeResponse))
#7 {main}
2017-05-09 05:26:53 Error: [BadRequestException] The request has been black-holed
Request URL: /farm/login
Stack Trace:
#0 D:\xampp7\htdocs\farm\lib\Cake\Controller\Component\SecurityComponent.php(240): SecurityComponent->blackHole(Object(UsersController), 'auth')
#1 D:\xampp7\htdocs\farm\lib\Cake\Utility\ObjectCollection.php(128): SecurityComponent->startup(Object(UsersController))
#2 D:\xampp7\htdocs\farm\lib\Cake\Event\CakeEventManager.php(243): ObjectCollection->trigger('startup')
#3 D:\xampp7\htdocs\farm\lib\Cake\Controller\Controller.php(678): CakeEventManager->dispatch(Object(CakeEvent))
#4 D:\xampp7\htdocs\farm\lib\Cake\Routing\Dispatcher.php(189): Controller->startupProcess()
#5 D:\xampp7\htdocs\farm\lib\Cake\Routing\Dispatcher.php(167): Dispatcher->_invoke(Object(UsersController), Object(CakeRequest))
#6 D:\xampp7\htdocs\farm\app\webroot\index.php(86): Dispatcher->dispatch(Object(CakeRequest), Object(CakeResponse))
#7 {main}
2017-05-09 05:26:59 Error: [BadRequestException] The request has been black-holed
Request URL: /farm/login
Stack Trace:
#0 D:\xampp7\htdocs\farm\lib\Cake\Controller\Component\SecurityComponent.php(240): SecurityComponent->blackHole(Object(UsersController), 'auth')
#1 D:\xampp7\htdocs\farm\lib\Cake\Utility\ObjectCollection.php(128): SecurityComponent->startup(Object(UsersController))
#2 D:\xampp7\htdocs\farm\lib\Cake\Event\CakeEventManager.php(243): ObjectCollection->trigger('startup')
#3 D:\xampp7\htdocs\farm\lib\Cake\Controller\Controller.php(678): CakeEventManager->dispatch(Object(CakeEvent))
#4 D:\xampp7\htdocs\farm\lib\Cake\Routing\Dispatcher.php(189): Controller->startupProcess()
#5 D:\xampp7\htdocs\farm\lib\Cake\Routing\Dispatcher.php(167): Dispatcher->_invoke(Object(UsersController), Object(CakeRequest))
#6 D:\xampp7\htdocs\farm\app\webroot\index.php(86): Dispatcher->dispatch(Object(CakeRequest), Object(CakeResponse))
#7 {main}
2017-05-09 05:27:10 Error: [BadRequestException] The request has been black-holed
Request URL: /farm/login
Stack Trace:
#0 D:\xampp7\htdocs\farm\lib\Cake\Controller\Component\SecurityComponent.php(240): SecurityComponent->blackHole(Object(UsersController), 'auth')
#1 D:\xampp7\htdocs\farm\lib\Cake\Utility\ObjectCollection.php(128): SecurityComponent->startup(Object(UsersController))
#2 D:\xampp7\htdocs\farm\lib\Cake\Event\CakeEventManager.php(243): ObjectCollection->trigger('startup')
#3 D:\xampp7\htdocs\farm\lib\Cake\Controller\Controller.php(678): CakeEventManager->dispatch(Object(CakeEvent))
#4 D:\xampp7\htdocs\farm\lib\Cake\Routing\Dispatcher.php(189): Controller->startupProcess()
#5 D:\xampp7\htdocs\farm\lib\Cake\Routing\Dispatcher.php(167): Dispatcher->_invoke(Object(UsersController), Object(CakeRequest))
#6 D:\xampp7\htdocs\farm\app\webroot\index.php(86): Dispatcher->dispatch(Object(CakeRequest), Object(CakeResponse))
#7 {main}
2017-05-09 05:27:55 Error: [BadRequestException] The request has been black-holed
Request URL: /farm/login
Stack Trace:
#0 D:\xampp7\htdocs\farm\lib\Cake\Controller\Component\SecurityComponent.php(240): SecurityComponent->blackHole(Object(UsersController), 'auth')
#1 D:\xampp7\htdocs\farm\lib\Cake\Utility\ObjectCollection.php(128): SecurityComponent->startup(Object(UsersController))
#2 D:\xampp7\htdocs\farm\lib\Cake\Event\CakeEventManager.php(243): ObjectCollection->trigger('startup')
#3 D:\xampp7\htdocs\farm\lib\Cake\Controller\Controller.php(678): CakeEventManager->dispatch(Object(CakeEvent))
#4 D:\xampp7\htdocs\farm\lib\Cake\Routing\Dispatcher.php(189): Controller->startupProcess()
#5 D:\xampp7\htdocs\farm\lib\Cake\Routing\Dispatcher.php(167): Dispatcher->_invoke(Object(UsersController), Object(CakeRequest))
#6 D:\xampp7\htdocs\farm\app\webroot\index.php(86): Dispatcher->dispatch(Object(CakeRequest), Object(CakeResponse))
#7 {main}
2017-05-09 05:28:38 Error: [BadRequestException] The request has been black-holed
Request URL: /farm/login
Stack Trace:
#0 D:\xampp7\htdocs\farm\lib\Cake\Controller\Component\SecurityComponent.php(240): SecurityComponent->blackHole(Object(UsersController), 'auth')
#1 D:\xampp7\htdocs\farm\lib\Cake\Utility\ObjectCollection.php(128): SecurityComponent->startup(Object(UsersController))
#2 D:\xampp7\htdocs\farm\lib\Cake\Event\CakeEventManager.php(243): ObjectCollection->trigger('startup')
#3 D:\xampp7\htdocs\farm\lib\Cake\Controller\Controller.php(678): CakeEventManager->dispatch(Object(CakeEvent))
#4 D:\xampp7\htdocs\farm\lib\Cake\Routing\Dispatcher.php(189): Controller->startupProcess()
#5 D:\xampp7\htdocs\farm\lib\Cake\Routing\Dispatcher.php(167): Dispatcher->_invoke(Object(UsersController), Object(CakeRequest))
#6 D:\xampp7\htdocs\farm\app\webroot\index.php(86): Dispatcher->dispatch(Object(CakeRequest), Object(CakeResponse))
#7 {main}
2017-05-09 05:28:43 Error: [BadRequestException] The request has been black-holed
Request URL: /farm/login
Stack Trace:
#0 D:\xampp7\htdocs\farm\lib\Cake\Controller\Component\SecurityComponent.php(240): SecurityComponent->blackHole(Object(UsersController), 'auth')
#1 D:\xampp7\htdocs\farm\lib\Cake\Utility\ObjectCollection.php(128): SecurityComponent->startup(Object(UsersController))
#2 D:\xampp7\htdocs\farm\lib\Cake\Event\CakeEventManager.php(243): ObjectCollection->trigger('startup')
#3 D:\xampp7\htdocs\farm\lib\Cake\Controller\Controller.php(678): CakeEventManager->dispatch(Object(CakeEvent))
#4 D:\xampp7\htdocs\farm\lib\Cake\Routing\Dispatcher.php(189): Controller->startupProcess()
#5 D:\xampp7\htdocs\farm\lib\Cake\Routing\Dispatcher.php(167): Dispatcher->_invoke(Object(UsersController), Object(CakeRequest))
#6 D:\xampp7\htdocs\farm\app\webroot\index.php(86): Dispatcher->dispatch(Object(CakeRequest), Object(CakeResponse))
#7 {main}
2017-05-09 05:29:22 Error: [BadRequestException] The request has been black-holed
Request URL: /farm/login
Stack Trace:
#0 D:\xampp7\htdocs\farm\lib\Cake\Controller\Component\SecurityComponent.php(240): SecurityComponent->blackHole(Object(UsersController), 'auth')
#1 D:\xampp7\htdocs\farm\lib\Cake\Utility\ObjectCollection.php(128): SecurityComponent->startup(Object(UsersController))
#2 D:\xampp7\htdocs\farm\lib\Cake\Event\CakeEventManager.php(243): ObjectCollection->trigger('startup')
#3 D:\xampp7\htdocs\farm\lib\Cake\Controller\Controller.php(678): CakeEventManager->dispatch(Object(CakeEvent))
#4 D:\xampp7\htdocs\farm\lib\Cake\Routing\Dispatcher.php(189): Controller->startupProcess()
#5 D:\xampp7\htdocs\farm\lib\Cake\Routing\Dispatcher.php(167): Dispatcher->_invoke(Object(UsersController), Object(CakeRequest))
#6 D:\xampp7\htdocs\farm\app\webroot\index.php(86): Dispatcher->dispatch(Object(CakeRequest), Object(CakeResponse))
#7 {main}
2017-05-09 05:31:23 Error: [BadRequestException] The request has been black-holed
Request URL: /farm/login
Stack Trace:
#0 D:\xampp7\htdocs\farm\lib\Cake\Controller\Component\SecurityComponent.php(240): SecurityComponent->blackHole(Object(UsersController), 'auth')
#1 D:\xampp7\htdocs\farm\lib\Cake\Utility\ObjectCollection.php(128): SecurityComponent->startup(Object(UsersController))
#2 D:\xampp7\htdocs\farm\lib\Cake\Event\CakeEventManager.php(243): ObjectCollection->trigger('startup')
#3 D:\xampp7\htdocs\farm\lib\Cake\Controller\Controller.php(678): CakeEventManager->dispatch(Object(CakeEvent))
#4 D:\xampp7\htdocs\farm\lib\Cake\Routing\Dispatcher.php(189): Controller->startupProcess()
#5 D:\xampp7\htdocs\farm\lib\Cake\Routing\Dispatcher.php(167): Dispatcher->_invoke(Object(UsersController), Object(CakeRequest))
#6 D:\xampp7\htdocs\farm\app\webroot\index.php(86): Dispatcher->dispatch(Object(CakeRequest), Object(CakeResponse))
#7 {main}
2017-05-09 05:35:31 Error: [BadRequestException] The request has been black-holed
Request URL: /farm/login
Stack Trace:
#0 D:\xampp7\htdocs\farm\lib\Cake\Controller\Component\SecurityComponent.php(240): SecurityComponent->blackHole(Object(UsersController), 'auth')
#1 D:\xampp7\htdocs\farm\lib\Cake\Utility\ObjectCollection.php(128): SecurityComponent->startup(Object(UsersController))
#2 D:\xampp7\htdocs\farm\lib\Cake\Event\CakeEventManager.php(243): ObjectCollection->trigger('startup')
#3 D:\xampp7\htdocs\farm\lib\Cake\Controller\Controller.php(678): CakeEventManager->dispatch(Object(CakeEvent))
#4 D:\xampp7\htdocs\farm\lib\Cake\Routing\Dispatcher.php(189): Controller->startupProcess()
#5 D:\xampp7\htdocs\farm\lib\Cake\Routing\Dispatcher.php(167): Dispatcher->_invoke(Object(UsersController), Object(CakeRequest))
#6 D:\xampp7\htdocs\farm\app\webroot\index.php(86): Dispatcher->dispatch(Object(CakeRequest), Object(CakeResponse))
#7 {main}
2017-05-09 05:36:19 Error: black hole
2017-05-09 05:37:03 Error: black hole
2017-05-09 05:37:08 Error: black hole
2017-05-09 05:42:04 Error: black hole
2017-05-09 05:43:42 Error: Fatal Error (64): Cannot use 'String' as class name as it is reserved in [D:\xampp7\htdocs\farm\lib\Cake\Utility\String.php, line 26]
2017-05-09 05:43:42 Error: [FatalErrorException] Cannot use 'String' as class name as it is reserved
Request URL: /farm/users/edit
Stack Trace:
#0 D:\xampp7\htdocs\farm\lib\Cake\Error\ErrorHandler.php(212): ErrorHandler::handleFatalError(64, 'Cannot use 'Str...', 'D:\\xampp7\\htdoc...', 26)
#1 D:\xampp7\htdocs\farm\lib\Cake\Core\App.php(970): ErrorHandler::handleError(64, 'Cannot use 'Str...', 'D:\\xampp7\\htdoc...', 26, Array)
#2 D:\xampp7\htdocs\farm\lib\Cake\Core\App.php(943): App::_checkFatalError()
#3 [internal function]: App::shutdown()
#4 {main}
2017-05-09 05:48:25 Error: Fatal Error (64): Cannot use 'String' as class name as it is reserved in [D:\xampp7\htdocs\farm\lib\Cake\Utility\String.php, line 26]
2017-05-09 05:48:25 Error: [FatalErrorException] Cannot use 'String' as class name as it is reserved
Request URL: /farm/users/edit
Stack Trace:
#0 D:\xampp7\htdocs\farm\lib\Cake\Error\ErrorHandler.php(212): ErrorHandler::handleFatalError(64, 'Cannot use 'Str...', 'D:\\xampp7\\htdoc...', 26)
#1 D:\xampp7\htdocs\farm\lib\Cake\Core\App.php(970): ErrorHandler::handleError(64, 'Cannot use 'Str...', 'D:\\xampp7\\htdoc...', 26, Array)
#2 D:\xampp7\htdocs\farm\lib\Cake\Core\App.php(943): App::_checkFatalError()
#3 [internal function]: App::shutdown()
#4 {main}
2017-05-09 06:01:18 Error: [Error] Call to undefined function split()
Request URL: /farm/backed_projects/card
Stack Trace:
#0 D:\xampp7\htdocs\farm\app\Vendor\gpay_client\com\gmo_pg\client\common\Log.php(67): Log->init()
#1 D:\xampp7\htdocs\farm\app\Vendor\gpay_client\com\gmo_pg\client\input\BaseInput.php(37): Log->__construct('SearchCardInput')
#2 D:\xampp7\htdocs\farm\app\Vendor\gpay_client\com\gmo_pg\client\input\SearchCardInput.php(56): BaseInput->__construct(NULL)
#3 D:\xampp7\htdocs\farm\app\Controller\Component\CardComponent.php(121): SearchCardInput->__construct()
#4 D:\xampp7\htdocs\farm\app\Controller\BackedProjectsController.php(201): CardComponent->get_card_of_member('1')
#5 D:\xampp7\htdocs\farm\app\Controller\BackedProjectsController.php(119): BackedProjectsController->_get_card_no()
#6 [internal function]: BackedProjectsController->card()
#7 D:\xampp7\htdocs\farm\lib\Cake\Controller\Controller.php(491): ReflectionMethod->invokeArgs(Object(BackedProjectsController), Array)
#8 D:\xampp7\htdocs\farm\lib\Cake\Routing\Dispatcher.php(193): Controller->invokeAction(Object(CakeRequest))
#9 D:\xampp7\htdocs\farm\lib\Cake\Routing\Dispatcher.php(167): Dispatcher->_invoke(Object(BackedProjectsController), Object(CakeRequest))
#10 D:\xampp7\htdocs\farm\app\webroot\index.php(86): Dispatcher->dispatch(Object(CakeRequest), Object(CakeResponse))
#11 {main}
2017-05-09 06:01:30 Error: [Error] Call to undefined function split()
Request URL: /farm/backed_projects/card
Stack Trace:
#0 D:\xampp7\htdocs\farm\app\Vendor\gpay_client\com\gmo_pg\client\common\Log.php(67): Log->init()
#1 D:\xampp7\htdocs\farm\app\Vendor\gpay_client\com\gmo_pg\client\input\BaseInput.php(37): Log->__construct('SearchCardInput')
#2 D:\xampp7\htdocs\farm\app\Vendor\gpay_client\com\gmo_pg\client\input\SearchCardInput.php(56): BaseInput->__construct(NULL)
#3 D:\xampp7\htdocs\farm\app\Controller\Component\CardComponent.php(121): SearchCardInput->__construct()
#4 D:\xampp7\htdocs\farm\app\Controller\BackedProjectsController.php(201): CardComponent->get_card_of_member('1')
#5 D:\xampp7\htdocs\farm\app\Controller\BackedProjectsController.php(119): BackedProjectsController->_get_card_no()
#6 [internal function]: BackedProjectsController->card()
#7 D:\xampp7\htdocs\farm\lib\Cake\Controller\Controller.php(491): ReflectionMethod->invokeArgs(Object(BackedProjectsController), Array)
#8 D:\xampp7\htdocs\farm\lib\Cake\Routing\Dispatcher.php(193): Controller->invokeAction(Object(CakeRequest))
#9 D:\xampp7\htdocs\farm\lib\Cake\Routing\Dispatcher.php(167): Dispatcher->_invoke(Object(BackedProjectsController), Object(CakeRequest))
#10 D:\xampp7\htdocs\farm\app\webroot\index.php(86): Dispatcher->dispatch(Object(CakeRequest), Object(CakeResponse))
#11 {main}
2017-05-09 06:11:13 Error: [Error] Class 'SearchCardInput' not found
Request URL: /farm/backed_projects/card
Stack Trace:
#0 D:\xampp7\htdocs\farm\app\Controller\BackedProjectsController.php(201): CardComponent->get_card_of_member('1')
#1 D:\xampp7\htdocs\farm\app\Controller\BackedProjectsController.php(119): BackedProjectsController->_get_card_no()
#2 [internal function]: BackedProjectsController->card()
#3 D:\xampp7\htdocs\farm\lib\Cake\Controller\Controller.php(491): ReflectionMethod->invokeArgs(Object(BackedProjectsController), Array)
#4 D:\xampp7\htdocs\farm\lib\Cake\Routing\Dispatcher.php(193): Controller->invokeAction(Object(CakeRequest))
#5 D:\xampp7\htdocs\farm\lib\Cake\Routing\Dispatcher.php(167): Dispatcher->_invoke(Object(BackedProjectsController), Object(CakeRequest))
#6 D:\xampp7\htdocs\farm\app\webroot\index.php(86): Dispatcher->dispatch(Object(CakeRequest), Object(CakeResponse))
#7 {main}
2017-05-09 06:14:02 Error: error : send_mail
2017-05-09 06:14:02 Error: Could not send email: mail(): Failed to connect to mailserver at &quot;localhost&quot; port 25, verify your &quot;SMTP&quot; and &quot;smtp_port&quot; setting in php.ini or use ini_set()
2017-05-09 06:14:03 Error: error : send_mail
2017-05-09 06:14:03 Error: Could not send email: mail(): Failed to connect to mailserver at &quot;localhost&quot; port 25, verify your &quot;SMTP&quot; and &quot;smtp_port&quot; setting in php.ini or use ini_set()
2017-05-09 06:14:04 Error: error : send_mail
2017-05-09 06:14:04 Error: Could not send email: mail(): Failed to connect to mailserver at &quot;localhost&quot; port 25, verify your &quot;SMTP&quot; and &quot;smtp_port&quot; setting in php.ini or use ini_set()
2017-05-09 06:29:19 Error: [MissingDatasourceConfigException] The datasource configuration "test" was not found in database.php
Exception Attributes: array (
  'config' => 'test',
)
Stack Trace:
#0 D:\xampp7\htdocs\farm\lib\Cake\Model\ConnectionManager.php(91): ConnectionManager::_getConnectionObject('test')
#1 D:\xampp7\htdocs\farm\lib\Cake\TestSuite\Fixture\CakeFixtureManager.php(92): ConnectionManager::getDataSource('test')
#2 D:\xampp7\htdocs\farm\lib\Cake\TestSuite\Fixture\CakeFixtureManager.php(71): CakeFixtureManager->_initDb()
#3 D:\xampp7\htdocs\farm\lib\Cake\TestSuite\CakeTestRunner.php(57): CakeFixtureManager->fixturize(Object(CancelMonthlyShellTest))
#4 D:\xampp7\htdocs\farm\lib\Cake\TestSuite\CakeTestSuiteCommand.php(98): CakeTestRunner->doRun(Object(PHPUnit_Framework_TestSuite), Array)
#5 D:\xampp7\htdocs\farm\lib\Cake\TestSuite\CakeTestSuiteDispatcher.php(259): CakeTestSuiteCommand->run(Array)
#6 D:\xampp7\htdocs\farm\lib\Cake\TestSuite\CakeTestSuiteDispatcher.php(96): CakeTestSuiteDispatcher->_runTestCase()
#7 D:\xampp7\htdocs\farm\lib\Cake\TestSuite\CakeTestSuiteDispatcher.php(113): CakeTestSuiteDispatcher->dispatch()
#8 D:\xampp7\htdocs\farm\app\webroot\test.php(80): CakeTestSuiteDispatcher::run()
#9 {main}
2017-05-09 06:29:28 Error: [MissingDatasourceConfigException] The datasource configuration "test" was not found in database.php
Exception Attributes: array (
  'config' => 'test',
)
Stack Trace:
#0 D:\xampp7\htdocs\farm\lib\Cake\Model\ConnectionManager.php(91): ConnectionManager::_getConnectionObject('test')
#1 D:\xampp7\htdocs\farm\lib\Cake\TestSuite\Fixture\CakeFixtureManager.php(92): ConnectionManager::getDataSource('test')
#2 D:\xampp7\htdocs\farm\lib\Cake\TestSuite\Fixture\CakeFixtureManager.php(71): CakeFixtureManager->_initDb()
#3 D:\xampp7\htdocs\farm\lib\Cake\TestSuite\CakeTestRunner.php(57): CakeFixtureManager->fixturize(Object(CaptureMonthlyShellTest))
#4 D:\xampp7\htdocs\farm\lib\Cake\TestSuite\CakeTestSuiteCommand.php(98): CakeTestRunner->doRun(Object(PHPUnit_Framework_TestSuite), Array)
#5 D:\xampp7\htdocs\farm\lib\Cake\TestSuite\CakeTestSuiteDispatcher.php(259): CakeTestSuiteCommand->run(Array)
#6 D:\xampp7\htdocs\farm\lib\Cake\TestSuite\CakeTestSuiteDispatcher.php(96): CakeTestSuiteDispatcher->_runTestCase()
#7 D:\xampp7\htdocs\farm\lib\Cake\TestSuite\CakeTestSuiteDispatcher.php(113): CakeTestSuiteDispatcher->dispatch()
#8 D:\xampp7\htdocs\farm\app\webroot\test.php(80): CakeTestSuiteDispatcher::run()
#9 {main}
2017-05-09 06:29:31 Error: [MissingDatasourceConfigException] The datasource configuration "test" was not found in database.php
Exception Attributes: array (
  'config' => 'test',
)
Stack Trace:
#0 D:\xampp7\htdocs\farm\lib\Cake\Model\ConnectionManager.php(91): ConnectionManager::_getConnectionObject('test')
#1 D:\xampp7\htdocs\farm\lib\Cake\TestSuite\Fixture\CakeFixtureManager.php(92): ConnectionManager::getDataSource('test')
#2 D:\xampp7\htdocs\farm\lib\Cake\TestSuite\Fixture\CakeFixtureManager.php(71): CakeFixtureManager->_initDb()
#3 D:\xampp7\htdocs\farm\lib\Cake\TestSuite\CakeTestRunner.php(57): CakeFixtureManager->fixturize(Object(CheckAllOrNothingShellTest))
#4 D:\xampp7\htdocs\farm\lib\Cake\TestSuite\CakeTestSuiteCommand.php(98): CakeTestRunner->doRun(Object(PHPUnit_Framework_TestSuite), Array)
#5 D:\xampp7\htdocs\farm\lib\Cake\TestSuite\CakeTestSuiteDispatcher.php(259): CakeTestSuiteCommand->run(Array)
#6 D:\xampp7\htdocs\farm\lib\Cake\TestSuite\CakeTestSuiteDispatcher.php(96): CakeTestSuiteDispatcher->_runTestCase()
#7 D:\xampp7\htdocs\farm\lib\Cake\TestSuite\CakeTestSuiteDispatcher.php(113): CakeTestSuiteDispatcher->dispatch()
#8 D:\xampp7\htdocs\farm\app\webroot\test.php(80): CakeTestSuiteDispatcher::run()
#9 {main}
2017-05-09 06:34:26 Error: [MissingDatasourceConfigException] The datasource configuration "test" was not found in database.php
Exception Attributes: array (
  'config' => 'test',
)
Stack Trace:
#0 D:\xampp7\htdocs\farm\lib\Cake\Model\ConnectionManager.php(91): ConnectionManager::_getConnectionObject('test')
#1 D:\xampp7\htdocs\farm\lib\Cake\TestSuite\Fixture\CakeFixtureManager.php(92): ConnectionManager::getDataSource('test')
#2 D:\xampp7\htdocs\farm\lib\Cake\TestSuite\Fixture\CakeFixtureManager.php(71): CakeFixtureManager->_initDb()
#3 D:\xampp7\htdocs\farm\lib\Cake\TestSuite\CakeTestRunner.php(57): CakeFixtureManager->fixturize(Object(CancelMonthlyShellTest))
#4 D:\xampp7\htdocs\farm\lib\Cake\TestSuite\CakeTestSuiteCommand.php(98): CakeTestRunner->doRun(Object(PHPUnit_Framework_TestSuite), Array)
#5 D:\xampp7\htdocs\farm\lib\Cake\TestSuite\CakeTestSuiteDispatcher.php(259): CakeTestSuiteCommand->run(Array)
#6 D:\xampp7\htdocs\farm\lib\Cake\TestSuite\CakeTestSuiteDispatcher.php(96): CakeTestSuiteDispatcher->_runTestCase()
#7 D:\xampp7\htdocs\farm\lib\Cake\TestSuite\CakeTestSuiteDispatcher.php(113): CakeTestSuiteDispatcher->dispatch()
#8 D:\xampp7\htdocs\farm\app\webroot\test.php(80): CakeTestSuiteDispatcher::run()
#9 {main}
2017-05-09 06:38:47 Error: error : send_mail
2017-05-09 06:38:47 Error: Could not send email: mail(): Failed to connect to mailserver at &quot;localhost&quot; port 25, verify your &quot;SMTP&quot; and &quot;smtp_port&quot; setting in php.ini or use ini_set()
2017-05-09 06:38:52 Error: error : send_mail
2017-05-09 06:38:52 Error: Could not send email: mail(): Failed to connect to mailserver at &quot;localhost&quot; port 25, verify your &quot;SMTP&quot; and &quot;smtp_port&quot; setting in php.ini or use ini_set()
2017-05-09 12:58:34 Error: [MissingControllerException] Controller class UploadController could not be found.
Exception Attributes: array (
  'class' => 'UploadController',
  'plugin' => NULL,
)
Request URL: /crowdf/upload/User/1/img/hnlkiivqhoclzro_48x48.jpg
Stack Trace:
#0 D:\xampp7\htdocs\crowdf\app\webroot\index.php(86): Dispatcher->dispatch(Object(CakeRequest), Object(CakeResponse))
#1 {main}
2017-05-09 12:58:38 Error: [MissingControllerException] Controller class UploadController could not be found.
Exception Attributes: array (
  'class' => 'UploadController',
  'plugin' => NULL,
)
Request URL: /crowdf/upload/User/1/img/hnlkiivqhoclzro_48x48.jpg
Stack Trace:
#0 D:\xampp7\htdocs\crowdf\app\webroot\index.php(86): Dispatcher->dispatch(Object(CakeRequest), Object(CakeResponse))
#1 {main}
2017-05-09 12:58:39 Error: users mypage
2017-05-09 12:58:40 Error: [MissingControllerException] Controller class UploadController could not be found.
Exception Attributes: array (
  'class' => 'UploadController',
  'plugin' => NULL,
)
Request URL: /crowdf/upload/User/1/img/hnlkiivqhoclzro_48x48.jpg
Stack Trace:
#0 D:\xampp7\htdocs\crowdf\app\webroot\index.php(86): Dispatcher->dispatch(Object(CakeRequest), Object(CakeResponse))
#1 {main}
2017-05-09 12:58:42 Error: [MissingControllerException] Controller class UploadController could not be found.
Exception Attributes: array (
  'class' => 'UploadController',
  'plugin' => NULL,
)
Request URL: /crowdf/upload/User/1/img/hnlkiivqhoclzro_48x48.jpg
Stack Trace:
#0 D:\xampp7\htdocs\crowdf\app\webroot\index.php(86): Dispatcher->dispatch(Object(CakeRequest), Object(CakeResponse))
#1 {main}
2017-05-09 12:58:42 Error: [MissingControllerException] Controller class UploadController could not be found.
Exception Attributes: array (
  'class' => 'UploadController',
  'plugin' => NULL,
)
Request URL: /crowdf/upload/User/1/img/hnlkiivqhoclzro.jpg
Stack Trace:
#0 D:\xampp7\htdocs\crowdf\app\webroot\index.php(86): Dispatcher->dispatch(Object(CakeRequest), Object(CakeResponse))
#1 {main}
2017-05-09 12:59:11 Error: users mypage
2017-05-09 13:04:39 Error: users mypage
2017-05-09 20:35:41 Error: users mypage
2017-05-10 02:44:41 Error: [ParseError] syntax error, unexpected ')'
Request URL: /crowdf/admin/admin_projects/open_projects
Stack Trace:
#0 D:\xampp7\htdocs\crowdf\lib\Cake\View\View.php(933): View->_evaluate('D:\\xampp7\\htdoc...', Array)
#1 D:\xampp7\htdocs\crowdf\lib\Cake\View\View.php(473): View->_render('D:\\xampp7\\htdoc...')
#2 D:\xampp7\htdocs\crowdf\lib\Cake\Controller\Controller.php(963): View->render(NULL, NULL)
#3 D:\xampp7\htdocs\crowdf\lib\Cake\Routing\Dispatcher.php(200): Controller->render()
#4 D:\xampp7\htdocs\crowdf\lib\Cake\Routing\Dispatcher.php(167): Dispatcher->_invoke(Object(AdminProjectsController), Object(CakeRequest))
#5 D:\xampp7\htdocs\crowdf\app\webroot\index.php(86): Dispatcher->dispatch(Object(CakeRequest), Object(CakeResponse))
#6 {main}
2017-05-10 02:47:58 Error: [ParseError] syntax error, unexpected ')'
Request URL: /crowdf/admin/admin_projects/open_projects
Stack Trace:
#0 D:\xampp7\htdocs\crowdf\lib\Cake\View\View.php(933): View->_evaluate('D:\\xampp7\\htdoc...', Array)
#1 D:\xampp7\htdocs\crowdf\lib\Cake\View\View.php(473): View->_render('D:\\xampp7\\htdoc...')
#2 D:\xampp7\htdocs\crowdf\lib\Cake\Controller\Controller.php(963): View->render(NULL, NULL)
#3 D:\xampp7\htdocs\crowdf\lib\Cake\Routing\Dispatcher.php(200): Controller->render()
#4 D:\xampp7\htdocs\crowdf\lib\Cake\Routing\Dispatcher.php(167): Dispatcher->_invoke(Object(AdminProjectsController), Object(CakeRequest))
#5 D:\xampp7\htdocs\crowdf\app\webroot\index.php(86): Dispatcher->dispatch(Object(CakeRequest), Object(CakeResponse))
#6 {main}
2017-05-10 02:48:14 Error: [ParseError] syntax error, unexpected ')'
Request URL: /crowdf/admin/admin_projects/open_projects
Stack Trace:
#0 D:\xampp7\htdocs\crowdf\lib\Cake\View\View.php(933): View->_evaluate('D:\\xampp7\\htdoc...', Array)
#1 D:\xampp7\htdocs\crowdf\lib\Cake\View\View.php(473): View->_render('D:\\xampp7\\htdoc...')
#2 D:\xampp7\htdocs\crowdf\lib\Cake\Controller\Controller.php(963): View->render(NULL, NULL)
#3 D:\xampp7\htdocs\crowdf\lib\Cake\Routing\Dispatcher.php(200): Controller->render()
#4 D:\xampp7\htdocs\crowdf\lib\Cake\Routing\Dispatcher.php(167): Dispatcher->_invoke(Object(AdminProjectsController), Object(CakeRequest))
#5 D:\xampp7\htdocs\crowdf\app\webroot\index.php(86): Dispatcher->dispatch(Object(CakeRequest), Object(CakeResponse))
#6 {main}
2017-05-10 23:08:38 Error: users mypage
2017-05-10 23:12:00 Error: users mypage
2017-05-11 00:41:25 Error: [Error] Call to a member function expects() on null
Stack Trace:
#0 [internal function]: ContactControllerTest->testIndexPostSuccess()
#1 D:\xampp7\htdocs\crowdf\app\Vendor\phpunit\phpunit\PHPUnit\Framework\TestCase.php(987): ReflectionMethod->invokeArgs(Object(ContactControllerTest), Array)
#2 D:\xampp7\htdocs\crowdf\app\Vendor\phpunit\phpunit\PHPUnit\Framework\TestCase.php(838): PHPUnit_Framework_TestCase->runTest()
#3 D:\xampp7\htdocs\crowdf\app\Vendor\phpunit\phpunit\PHPUnit\Framework\TestResult.php(648): PHPUnit_Framework_TestCase->runBare()
#4 D:\xampp7\htdocs\crowdf\app\Vendor\phpunit\phpunit\PHPUnit\Framework\TestCase.php(783): PHPUnit_Framework_TestResult->run(Object(ContactControllerTest))
#5 D:\xampp7\htdocs\crowdf\lib\Cake\TestSuite\CakeTestCase.php(82): PHPUnit_Framework_TestCase->run(Object(PHPUnit_Framework_TestResult))
#6 D:\xampp7\htdocs\crowdf\app\Vendor\phpunit\phpunit\PHPUnit\Framework\TestSuite.php(779): CakeTestCase->run(Object(PHPUnit_Framework_TestResult))
#7 D:\xampp7\htdocs\crowdf\app\Vendor\phpunit\phpunit\PHPUnit\Framework\TestSuite.php(749): PHPUnit_Framework_TestSuite->runTest(Object(ContactControllerTest), Object(PHPUnit_Framework_TestResult))
#8 D:\xampp7\htdocs\crowdf\app\Vendor\phpunit\phpunit\PHPUnit\TextUI\TestRunner.php(349): PHPUnit_Framework_TestSuite->run(Object(PHPUnit_Framework_TestResult), false, Array, Array, false)
#9 D:\xampp7\htdocs\crowdf\lib\Cake\TestSuite\CakeTestRunner.php(62): PHPUnit_TextUI_TestRunner->doRun(Object(PHPUnit_Framework_TestSuite), Array)
#10 D:\xampp7\htdocs\crowdf\lib\Cake\TestSuite\CakeTestSuiteCommand.php(98): CakeTestRunner->doRun(Object(PHPUnit_Framework_TestSuite), Array)
#11 D:\xampp7\htdocs\crowdf\lib\Cake\TestSuite\CakeTestSuiteDispatcher.php(259): CakeTestSuiteCommand->run(Array)
#12 D:\xampp7\htdocs\crowdf\lib\Cake\TestSuite\CakeTestSuiteDispatcher.php(96): CakeTestSuiteDispatcher->_runTestCase()
#13 D:\xampp7\htdocs\crowdf\lib\Cake\TestSuite\CakeTestSuiteDispatcher.php(113): CakeTestSuiteDispatcher->dispatch()
#14 D:\xampp7\htdocs\crowdf\app\webroot\test.php(80): CakeTestSuiteDispatcher::run()
#15 {main}
2017-05-11 01:42:11 Error: [Error] Class 'LogiAuth' not found
Stack Trace:
#0 D:\xampp7\htdocs\crowdf\app\Vendor\phpunit\phpunit\PHPUnit\Framework\TestCase.php(835): UserControllerTest->setUp()
#1 D:\xampp7\htdocs\crowdf\app\Vendor\phpunit\phpunit\PHPUnit\Framework\TestResult.php(648): PHPUnit_Framework_TestCase->runBare()
#2 D:\xampp7\htdocs\crowdf\app\Vendor\phpunit\phpunit\PHPUnit\Framework\TestCase.php(783): PHPUnit_Framework_TestResult->run(Object(UserControllerTest))
#3 D:\xampp7\htdocs\crowdf\lib\Cake\TestSuite\CakeTestCase.php(82): PHPUnit_Framework_TestCase->run(Object(PHPUnit_Framework_TestResult))
#4 D:\xampp7\htdocs\crowdf\app\Vendor\phpunit\phpunit\PHPUnit\Framework\TestSuite.php(779): CakeTestCase->run(Object(PHPUnit_Framework_TestResult))
#5 D:\xampp7\htdocs\crowdf\app\Vendor\phpunit\phpunit\PHPUnit\Framework\TestSuite.php(749): PHPUnit_Framework_TestSuite->runTest(Object(UserControllerTest), Object(PHPUnit_Framework_TestResult))
#6 D:\xampp7\htdocs\crowdf\app\Vendor\phpunit\phpunit\PHPUnit\TextUI\TestRunner.php(349): PHPUnit_Framework_TestSuite->run(Object(PHPUnit_Framework_TestResult), false, Array, Array, false)
#7 D:\xampp7\htdocs\crowdf\lib\Cake\TestSuite\CakeTestRunner.php(62): PHPUnit_TextUI_TestRunner->doRun(Object(PHPUnit_Framework_TestSuite), Array)
#8 D:\xampp7\htdocs\crowdf\lib\Cake\TestSuite\CakeTestSuiteCommand.php(98): CakeTestRunner->doRun(Object(PHPUnit_Framework_TestSuite), Array)
#9 D:\xampp7\htdocs\crowdf\lib\Cake\TestSuite\CakeTestSuiteDispatcher.php(259): CakeTestSuiteCommand->run(Array)
#10 D:\xampp7\htdocs\crowdf\lib\Cake\TestSuite\CakeTestSuiteDispatcher.php(96): CakeTestSuiteDispatcher->_runTestCase()
#11 D:\xampp7\htdocs\crowdf\lib\Cake\TestSuite\CakeTestSuiteDispatcher.php(113): CakeTestSuiteDispatcher->dispatch()
#12 D:\xampp7\htdocs\crowdf\app\webroot\test.php(80): CakeTestSuiteDispatcher::run()
#13 {main}
2017-05-11 01:44:35 Error: [Error] Class 'LogiAuth' not found
Stack Trace:
#0 D:\xampp7\htdocs\crowdf\app\Vendor\phpunit\phpunit\PHPUnit\Framework\TestCase.php(835): UserControllerTest->setUp()
#1 D:\xampp7\htdocs\crowdf\app\Vendor\phpunit\phpunit\PHPUnit\Framework\TestResult.php(648): PHPUnit_Framework_TestCase->runBare()
#2 D:\xampp7\htdocs\crowdf\app\Vendor\phpunit\phpunit\PHPUnit\Framework\TestCase.php(783): PHPUnit_Framework_TestResult->run(Object(UserControllerTest))
#3 D:\xampp7\htdocs\crowdf\lib\Cake\TestSuite\CakeTestCase.php(82): PHPUnit_Framework_TestCase->run(Object(PHPUnit_Framework_TestResult))
#4 D:\xampp7\htdocs\crowdf\app\Vendor\phpunit\phpunit\PHPUnit\Framework\TestSuite.php(779): CakeTestCase->run(Object(PHPUnit_Framework_TestResult))
#5 D:\xampp7\htdocs\crowdf\app\Vendor\phpunit\phpunit\PHPUnit\Framework\TestSuite.php(749): PHPUnit_Framework_TestSuite->runTest(Object(UserControllerTest), Object(PHPUnit_Framework_TestResult))
#6 D:\xampp7\htdocs\crowdf\app\Vendor\phpunit\phpunit\PHPUnit\TextUI\TestRunner.php(349): PHPUnit_Framework_TestSuite->run(Object(PHPUnit_Framework_TestResult), false, Array, Array, false)
#7 D:\xampp7\htdocs\crowdf\lib\Cake\TestSuite\CakeTestRunner.php(62): PHPUnit_TextUI_TestRunner->doRun(Object(PHPUnit_Framework_TestSuite), Array)
#8 D:\xampp7\htdocs\crowdf\lib\Cake\TestSuite\CakeTestSuiteCommand.php(98): CakeTestRunner->doRun(Object(PHPUnit_Framework_TestSuite), Array)
#9 D:\xampp7\htdocs\crowdf\lib\Cake\TestSuite\CakeTestSuiteDispatcher.php(259): CakeTestSuiteCommand->run(Array)
#10 D:\xampp7\htdocs\crowdf\lib\Cake\TestSuite\CakeTestSuiteDispatcher.php(96): CakeTestSuiteDispatcher->_runTestCase()
#11 D:\xampp7\htdocs\crowdf\lib\Cake\TestSuite\CakeTestSuiteDispatcher.php(113): CakeTestSuiteDispatcher->dispatch()
#12 D:\xampp7\htdocs\crowdf\app\webroot\test.php(80): CakeTestSuiteDispatcher::run()
#13 {main}
2017-05-11 01:45:32 Error: [Error] Class 'LogiAuth' not found
Stack Trace:
#0 D:\xampp7\htdocs\crowdf\app\Vendor\phpunit\phpunit\PHPUnit\Framework\TestCase.php(835): UserControllerTest->setUp()
#1 D:\xampp7\htdocs\crowdf\app\Vendor\phpunit\phpunit\PHPUnit\Framework\TestResult.php(648): PHPUnit_Framework_TestCase->runBare()
#2 D:\xampp7\htdocs\crowdf\app\Vendor\phpunit\phpunit\PHPUnit\Framework\TestCase.php(783): PHPUnit_Framework_TestResult->run(Object(UserControllerTest))
#3 D:\xampp7\htdocs\crowdf\lib\Cake\TestSuite\CakeTestCase.php(82): PHPUnit_Framework_TestCase->run(Object(PHPUnit_Framework_TestResult))
#4 D:\xampp7\htdocs\crowdf\app\Vendor\phpunit\phpunit\PHPUnit\Framework\TestSuite.php(779): CakeTestCase->run(Object(PHPUnit_Framework_TestResult))
#5 D:\xampp7\htdocs\crowdf\app\Vendor\phpunit\phpunit\PHPUnit\Framework\TestSuite.php(749): PHPUnit_Framework_TestSuite->runTest(Object(UserControllerTest), Object(PHPUnit_Framework_TestResult))
#6 D:\xampp7\htdocs\crowdf\app\Vendor\phpunit\phpunit\PHPUnit\TextUI\TestRunner.php(349): PHPUnit_Framework_TestSuite->run(Object(PHPUnit_Framework_TestResult), false, Array, Array, false)
#7 D:\xampp7\htdocs\crowdf\lib\Cake\TestSuite\CakeTestRunner.php(62): PHPUnit_TextUI_TestRunner->doRun(Object(PHPUnit_Framework_TestSuite), Array)
#8 D:\xampp7\htdocs\crowdf\lib\Cake\TestSuite\CakeTestSuiteCommand.php(98): CakeTestRunner->doRun(Object(PHPUnit_Framework_TestSuite), Array)
#9 D:\xampp7\htdocs\crowdf\lib\Cake\TestSuite\CakeTestSuiteDispatcher.php(259): CakeTestSuiteCommand->run(Array)
#10 D:\xampp7\htdocs\crowdf\lib\Cake\TestSuite\CakeTestSuiteDispatcher.php(96): CakeTestSuiteDispatcher->_runTestCase()
#11 D:\xampp7\htdocs\crowdf\lib\Cake\TestSuite\CakeTestSuiteDispatcher.php(113): CakeTestSuiteDispatcher->dispatch()
#12 D:\xampp7\htdocs\crowdf\app\webroot\test.php(80): CakeTestSuiteDispatcher::run()
#13 {main}
2017-05-11 01:47:04 Error: [Error] Class 'LogiAuth' not found
Stack Trace:
#0 D:\xampp7\htdocs\crowdf\app\Vendor\phpunit\phpunit\PHPUnit\Framework\TestCase.php(835): UserControllerTest->setUp()
#1 D:\xampp7\htdocs\crowdf\app\Vendor\phpunit\phpunit\PHPUnit\Framework\TestResult.php(648): PHPUnit_Framework_TestCase->runBare()
#2 D:\xampp7\htdocs\crowdf\app\Vendor\phpunit\phpunit\PHPUnit\Framework\TestCase.php(783): PHPUnit_Framework_TestResult->run(Object(UserControllerTest))
#3 D:\xampp7\htdocs\crowdf\lib\Cake\TestSuite\CakeTestCase.php(82): PHPUnit_Framework_TestCase->run(Object(PHPUnit_Framework_TestResult))
#4 D:\xampp7\htdocs\crowdf\app\Vendor\phpunit\phpunit\PHPUnit\Framework\TestSuite.php(779): CakeTestCase->run(Object(PHPUnit_Framework_TestResult))
#5 D:\xampp7\htdocs\crowdf\app\Vendor\phpunit\phpunit\PHPUnit\Framework\TestSuite.php(749): PHPUnit_Framework_TestSuite->runTest(Object(UserControllerTest), Object(PHPUnit_Framework_TestResult))
#6 D:\xampp7\htdocs\crowdf\app\Vendor\phpunit\phpunit\PHPUnit\TextUI\TestRunner.php(349): PHPUnit_Framework_TestSuite->run(Object(PHPUnit_Framework_TestResult), false, Array, Array, false)
#7 D:\xampp7\htdocs\crowdf\lib\Cake\TestSuite\CakeTestRunner.php(62): PHPUnit_TextUI_TestRunner->doRun(Object(PHPUnit_Framework_TestSuite), Array)
#8 D:\xampp7\htdocs\crowdf\lib\Cake\TestSuite\CakeTestSuiteCommand.php(98): CakeTestRunner->doRun(Object(PHPUnit_Framework_TestSuite), Array)
#9 D:\xampp7\htdocs\crowdf\lib\Cake\TestSuite\CakeTestSuiteDispatcher.php(259): CakeTestSuiteCommand->run(Array)
#10 D:\xampp7\htdocs\crowdf\lib\Cake\TestSuite\CakeTestSuiteDispatcher.php(96): CakeTestSuiteDispatcher->_runTestCase()
#11 D:\xampp7\htdocs\crowdf\lib\Cake\TestSuite\CakeTestSuiteDispatcher.php(113): CakeTestSuiteDispatcher->dispatch()
#12 D:\xampp7\htdocs\crowdf\app\webroot\test.php(80): CakeTestSuiteDispatcher::run()
#13 {main}
2017-05-11 01:47:22 Error: Fatal Error (1): Class 'LogiAuthAppController' not found in [D:\xampp7\htdocs\crowdf\app\Plugin\LogiAuth\Controller\UsersController.php, line 5]
2017-05-11 01:47:22 Error: [FatalErrorException] Class 'LogiAuthAppController' not found
Stack Trace:
#0 D:\xampp7\htdocs\crowdf\lib\Cake\Error\ErrorHandler.php(212): ErrorHandler::handleFatalError(1, 'Class 'LogiAuth...', 'D:\\xampp7\\htdoc...', 5)
#1 D:\xampp7\htdocs\crowdf\lib\Cake\Core\App.php(970): ErrorHandler::handleError(1, 'Class 'LogiAuth...', 'D:\\xampp7\\htdoc...', 5, Array)
#2 D:\xampp7\htdocs\crowdf\lib\Cake\Core\App.php(943): App::_checkFatalError()
#3 [internal function]: App::shutdown()
#4 {main}
2017-05-11 02:17:05 Error: [Error] Class 'UsersController' not found
Stack Trace:
#0 D:\xampp7\htdocs\crowdf\app\Vendor\phpunit\phpunit\PHPUnit\Framework\TestCase.php(835): UserControllerTest->setUp()
#1 D:\xampp7\htdocs\crowdf\app\Vendor\phpunit\phpunit\PHPUnit\Framework\TestResult.php(648): PHPUnit_Framework_TestCase->runBare()
#2 D:\xampp7\htdocs\crowdf\app\Vendor\phpunit\phpunit\PHPUnit\Framework\TestCase.php(783): PHPUnit_Framework_TestResult->run(Object(UserControllerTest))
#3 D:\xampp7\htdocs\crowdf\lib\Cake\TestSuite\CakeTestCase.php(82): PHPUnit_Framework_TestCase->run(Object(PHPUnit_Framework_TestResult))
#4 D:\xampp7\htdocs\crowdf\app\Vendor\phpunit\phpunit\PHPUnit\Framework\TestSuite.php(779): CakeTestCase->run(Object(PHPUnit_Framework_TestResult))
#5 D:\xampp7\htdocs\crowdf\app\Vendor\phpunit\phpunit\PHPUnit\Framework\TestSuite.php(749): PHPUnit_Framework_TestSuite->runTest(Object(UserControllerTest), Object(PHPUnit_Framework_TestResult))
#6 D:\xampp7\htdocs\crowdf\app\Vendor\phpunit\phpunit\PHPUnit\TextUI\TestRunner.php(349): PHPUnit_Framework_TestSuite->run(Object(PHPUnit_Framework_TestResult), false, Array, Array, false)
#7 D:\xampp7\htdocs\crowdf\lib\Cake\TestSuite\CakeTestRunner.php(62): PHPUnit_TextUI_TestRunner->doRun(Object(PHPUnit_Framework_TestSuite), Array)
#8 D:\xampp7\htdocs\crowdf\lib\Cake\TestSuite\CakeTestSuiteCommand.php(98): CakeTestRunner->doRun(Object(PHPUnit_Framework_TestSuite), Array)
#9 D:\xampp7\htdocs\crowdf\lib\Cake\TestSuite\CakeTestSuiteDispatcher.php(259): CakeTestSuiteCommand->run(Array)
#10 D:\xampp7\htdocs\crowdf\lib\Cake\TestSuite\CakeTestSuiteDispatcher.php(96): CakeTestSuiteDispatcher->_runTestCase()
#11 D:\xampp7\htdocs\crowdf\lib\Cake\TestSuite\CakeTestSuiteDispatcher.php(113): CakeTestSuiteDispatcher->dispatch()
#12 D:\xampp7\htdocs\crowdf\app\webroot\test.php(80): CakeTestSuiteDispatcher::run()
#13 {main}
2017-05-11 02:17:17 Error: Fatal Error (1): Class 'LogiAuthAppController' not found in [D:\xampp7\htdocs\crowdf\app\Plugin\LogiAuth\Controller\UsersController.php, line 5]
2017-05-11 02:17:17 Error: [FatalErrorException] Class 'LogiAuthAppController' not found
Stack Trace:
#0 D:\xampp7\htdocs\crowdf\lib\Cake\Error\ErrorHandler.php(212): ErrorHandler::handleFatalError(1, 'Class 'LogiAuth...', 'D:\\xampp7\\htdoc...', 5)
#1 D:\xampp7\htdocs\crowdf\lib\Cake\Core\App.php(970): ErrorHandler::handleError(1, 'Class 'LogiAuth...', 'D:\\xampp7\\htdoc...', 5, Array)
#2 D:\xampp7\htdocs\crowdf\lib\Cake\Core\App.php(943): App::_checkFatalError()
#3 [internal function]: App::shutdown()
#4 {main}
2017-05-11 02:18:57 Error: [Error] Call to a member function user() on null
Stack Trace:
#0 D:\xampp7\htdocs\crowdf\app\Plugin\LogiAuth\Test\Case\UserControllerTest.php(24): UsersController->login()
#1 [internal function]: UserControllerTest->testLogin()
#2 D:\xampp7\htdocs\crowdf\app\Vendor\phpunit\phpunit\PHPUnit\Framework\TestCase.php(987): ReflectionMethod->invokeArgs(Object(UserControllerTest), Array)
#3 D:\xampp7\htdocs\crowdf\app\Vendor\phpunit\phpunit\PHPUnit\Framework\TestCase.php(838): PHPUnit_Framework_TestCase->runTest()
#4 D:\xampp7\htdocs\crowdf\app\Vendor\phpunit\phpunit\PHPUnit\Framework\TestResult.php(648): PHPUnit_Framework_TestCase->runBare()
#5 D:\xampp7\htdocs\crowdf\app\Vendor\phpunit\phpunit\PHPUnit\Framework\TestCase.php(783): PHPUnit_Framework_TestResult->run(Object(UserControllerTest))
#6 D:\xampp7\htdocs\crowdf\lib\Cake\TestSuite\CakeTestCase.php(82): PHPUnit_Framework_TestCase->run(Object(PHPUnit_Framework_TestResult))
#7 D:\xampp7\htdocs\crowdf\app\Vendor\phpunit\phpunit\PHPUnit\Framework\TestSuite.php(779): CakeTestCase->run(Object(PHPUnit_Framework_TestResult))
#8 D:\xampp7\htdocs\crowdf\app\Vendor\phpunit\phpunit\PHPUnit\Framework\TestSuite.php(749): PHPUnit_Framework_TestSuite->runTest(Object(UserControllerTest), Object(PHPUnit_Framework_TestResult))
#9 D:\xampp7\htdocs\crowdf\app\Vendor\phpunit\phpunit\PHPUnit\TextUI\TestRunner.php(349): PHPUnit_Framework_TestSuite->run(Object(PHPUnit_Framework_TestResult), false, Array, Array, false)
#10 D:\xampp7\htdocs\crowdf\lib\Cake\TestSuite\CakeTestRunner.php(62): PHPUnit_TextUI_TestRunner->doRun(Object(PHPUnit_Framework_TestSuite), Array)
#11 D:\xampp7\htdocs\crowdf\lib\Cake\TestSuite\CakeTestSuiteCommand.php(98): CakeTestRunner->doRun(Object(PHPUnit_Framework_TestSuite), Array)
#12 D:\xampp7\htdocs\crowdf\lib\Cake\TestSuite\CakeTestSuiteDispatcher.php(259): CakeTestSuiteCommand->run(Array)
#13 D:\xampp7\htdocs\crowdf\lib\Cake\TestSuite\CakeTestSuiteDispatcher.php(96): CakeTestSuiteDispatcher->_runTestCase()
#14 D:\xampp7\htdocs\crowdf\lib\Cake\TestSuite\CakeTestSuiteDispatcher.php(113): CakeTestSuiteDispatcher->dispatch()
#15 D:\xampp7\htdocs\crowdf\app\webroot\test.php(80): CakeTestSuiteDispatcher::run()
#16 {main}
2017-05-11 02:32:42 Error: users mypage
2017-05-11 02:47:19 Error: users mypage
2017-05-11 02:49:07 Error: users mypage
2017-05-11 02:50:52 Error: users mypage
2017-05-11 03:10:55 Error: users mypage
2017-05-11 03:40:44 Error: users mypage
2017-05-11 03:41:52 Error: users mypage
2017-05-11 03:42:08 Error: users mypage
2017-05-11 03:42:23 Error: users mypage
2017-05-11 03:42:50 Error: users mypage
2017-05-11 03:56:52 Error: [ParseError] syntax error, unexpected '&&' (T_BOOLEAN_AND)
Request URL: /crowdf/projects/view/13
Stack Trace:
#0 D:\xampp7\htdocs\crowdf\lib\Cake\View\View.php(933): View->_evaluate('D:\\xampp7\\htdoc...', Array)
#1 D:\xampp7\htdocs\crowdf\lib\Cake\View\View.php(1224): View->_render('D:\\xampp7\\htdoc...', Array)
#2 D:\xampp7\htdocs\crowdf\lib\Cake\View\View.php(418): View->_renderElement('D:\\xampp7\\htdoc...', Array, Array)
#3 D:\xampp7\htdocs\crowdf\app\View\Elements\project\project_info.ctp(66): View->element('project/project...')
#4 D:\xampp7\htdocs\crowdf\lib\Cake\View\View.php(971): include('D:\\xampp7\\htdoc...')
#5 D:\xampp7\htdocs\crowdf\lib\Cake\View\View.php(933): View->_evaluate('D:\\xampp7\\htdoc...', Array)
#6 D:\xampp7\htdocs\crowdf\lib\Cake\View\View.php(1224): View->_render('D:\\xampp7\\htdoc...', Array)
#7 D:\xampp7\htdocs\crowdf\lib\Cake\View\View.php(418): View->_renderElement('D:\\xampp7\\htdoc...', Array, Array)
#8 D:\xampp7\htdocs\crowdf\app\View\Layouts\project_view.ctp(16): View->element('project/project...')
#9 D:\xampp7\htdocs\crowdf\lib\Cake\View\View.php(971): include('D:\\xampp7\\htdoc...')
#10 D:\xampp7\htdocs\crowdf\lib\Cake\View\View.php(933): View->_evaluate('D:\\xampp7\\htdoc...', Array)
#11 D:\xampp7\htdocs\crowdf\lib\Cake\View\View.php(546): View->_render('D:\\xampp7\\htdoc...')
#12 D:\xampp7\htdocs\crowdf\lib\Cake\View\View.php(481): View->renderLayout('\r\n\r\n<div style=...', 'project_view')
#13 D:\xampp7\htdocs\crowdf\lib\Cake\Controller\Controller.php(963): View->render('view', 'project_view')
#14 D:\xampp7\htdocs\crowdf\app\Controller\ProjectsController.php(103): Controller->render('view', 'project_view')
#15 [internal function]: ProjectsController->view('13')
#16 D:\xampp7\htdocs\crowdf\lib\Cake\Controller\Controller.php(491): ReflectionMethod->invokeArgs(Object(ProjectsController), Array)
#17 D:\xampp7\htdocs\crowdf\lib\Cake\Routing\Dispatcher.php(193): Controller->invokeAction(Object(CakeRequest))
#18 D:\xampp7\htdocs\crowdf\lib\Cake\Routing\Dispatcher.php(167): Dispatcher->_invoke(Object(ProjectsController), Object(CakeRequest))
#19 D:\xampp7\htdocs\crowdf\app\webroot\index.php(86): Dispatcher->dispatch(Object(CakeRequest), Object(CakeResponse))
#20 {main}
2017-05-11 04:03:00 Error: users mypage
2017-05-11 04:03:54 Error: users mypage
2017-05-11 04:52:31 Error: [MissingControllerException] Controller class JsController could not be found.
Exception Attributes: array (
  'class' => 'JsController',
  'plugin' => NULL,
)
Request URL: /crowdf/js/default.js
Stack Trace:
#0 D:\xampp7\htdocs\crowdf\app\webroot\index.php(86): Dispatcher->dispatch(Object(CakeRequest), Object(CakeResponse))
#1 {main}
2017-05-11 04:52:34 Error: [MissingControllerException] Controller class JsController could not be found.
Exception Attributes: array (
  'class' => 'JsController',
  'plugin' => NULL,
)
Request URL: /crowdf/js/default.js
Stack Trace:
#0 D:\xampp7\htdocs\crowdf\app\webroot\index.php(86): Dispatcher->dispatch(Object(CakeRequest), Object(CakeResponse))
#1 {main}
2017-05-11 06:59:34 Error: users mypage
2017-05-11 07:10:27 Error: users mypage
2017-05-11 07:10:35 Error: users mypage
2017-05-11 07:10:43 Error: users mypage
2017-05-11 07:11:01 Error: users mypage
2017-05-11 07:13:52 Error: users mypage
2017-05-12 11:26:51 Error: [MissingControllerException] Controller class AdmionController could not be found.
Exception Attributes: array (
  'class' => 'AdmionController',
  'plugin' => NULL,
)
Request URL: /crowdf/admion
Stack Trace:
#0 D:\xampp7\htdocs\crowdf\app\webroot\index.php(86): Dispatcher->dispatch(Object(CakeRequest), Object(CakeResponse))
#1 {main}
2017-05-15 11:22:15 Error: error : send_mail
2017-05-15 11:22:15 Error: Could not send email: unknown
2017-05-18 11:52:17 Error: [PDOException] SQLSTATE[42S22]: Column not found: 1054 Unknown column 'BackedProject.recurring_id' in 'field list'
Request URL: /crowdf/admin/admin_projects/backers/3
Stack Trace:
#0 D:\xampp7\htdocs\crowdf\lib\Cake\Model\Datasource\DboSource.php(470): PDOStatement->execute(Array)
#1 D:\xampp7\htdocs\crowdf\lib\Cake\Model\Datasource\DboSource.php(436): DboSource->_execute('SELECT `User`.`...', Array)
#2 D:\xampp7\htdocs\crowdf\lib\Cake\Model\Datasource\DboSource.php(673): DboSource->execute('SELECT `User`.`...', Array, Array)
#3 D:\xampp7\htdocs\crowdf\lib\Cake\Model\Datasource\DboSource.php(1184): DboSource->fetchAll('SELECT `User`.`...', Array)
#4 D:\xampp7\htdocs\crowdf\lib\Cake\Model\Model.php(3038): DboSource->read(Object(User), Array)
#5 D:\xampp7\htdocs\crowdf\lib\Cake\Model\Model.php(3010): Model->_readDataSource('all', Array)
#6 D:\xampp7\htdocs\crowdf\lib\Cake\Controller\Component\PaginatorComponent.php(196): Model->find('all', Array)
#7 D:\xampp7\htdocs\crowdf\lib\Cake\Controller\Controller.php(1089): PaginatorComponent->paginate(Object(User), Array, Array)
#8 D:\xampp7\htdocs\crowdf\app\Controller\AdminProjectsController.php(520): Controller->paginate('User')
#9 [internal function]: AdminProjectsController->admin_backers('3')
#10 D:\xampp7\htdocs\crowdf\lib\Cake\Controller\Controller.php(491): ReflectionMethod->invokeArgs(Object(AdminProjectsController), Array)
#11 D:\xampp7\htdocs\crowdf\lib\Cake\Routing\Dispatcher.php(193): Controller->invokeAction(Object(CakeRequest))
#12 D:\xampp7\htdocs\crowdf\lib\Cake\Routing\Dispatcher.php(167): Dispatcher->_invoke(Object(AdminProjectsController), Object(CakeRequest))
#13 D:\xampp7\htdocs\crowdf\app\webroot\index.php(86): Dispatcher->dispatch(Object(CakeRequest), Object(CakeResponse))
#14 {main}
2017-05-21 11:25:18 Error: Fatal Error (64): Cannot use 'String' as class name as it is reserved in [D:\xampp7\htdocs\crowdf\lib\Cake\Utility\String.php, line 21]
2017-05-21 11:25:18 Error: [FatalErrorException] Cannot use 'String' as class name as it is reserved
Stack Trace:
#0 D:\xampp7\htdocs\crowdf\lib\Cake\Error\ErrorHandler.php(167): ErrorHandler::handleFatalError(64, 'Cannot use 'Str...', 'D:\\xampp7\\htdoc...', 21)
#1 D:\xampp7\htdocs\crowdf\lib\Cake\Core\App.php(803): ErrorHandler::handleError(64, 'Cannot use 'Str...', 'D:\\xampp7\\htdoc...', 21, Array)
#2 D:\xampp7\htdocs\crowdf\lib\Cake\Core\App.php(778): App::_checkFatalError()
#3 [internal function]: App::shutdown()
#4 {main}
2017-05-21 11:34:47 Error: [MissingTableException] Table settings for model Setting was not found in datasource default.
Exception Attributes: array (
  'table' => 'settings',
  'class' => 'Setting',
  'ds' => 'default',
)
Request URL: /crowdf/
Stack Trace:
#0 D:\xampp7\htdocs\crowdf\lib\Cake\Model\Model.php(3667): Model->setSource('settings')
#1 D:\xampp7\htdocs\crowdf\lib\Cake\Model\Model.php(3038): Model->getDataSource()
#2 D:\xampp7\htdocs\crowdf\lib\Cake\Model\Model.php(3010): Model->_readDataSource('first', Array)
#3 D:\xampp7\htdocs\crowdf\app\Controller\AppController.php(60): Model->find('first')
#4 D:\xampp7\htdocs\crowdf\app\Controller\AppController.php(29): AppController->setting()
#5 D:\xampp7\htdocs\crowdf\app\Controller\BaseController.php(12): AppController->beforeFilter()
#6 D:\xampp7\htdocs\crowdf\lib\Cake\Event\CakeEventManager.php(243): BaseController->beforeFilter(Object(CakeEvent))
#7 D:\xampp7\htdocs\crowdf\lib\Cake\Controller\Controller.php(677): CakeEventManager->dispatch(Object(CakeEvent))
#8 D:\xampp7\htdocs\crowdf\lib\Cake\Routing\Dispatcher.php(189): Controller->startupProcess()
#9 D:\xampp7\htdocs\crowdf\lib\Cake\Routing\Dispatcher.php(167): Dispatcher->_invoke(Object(BaseController), Object(CakeRequest))
#10 D:\xampp7\htdocs\crowdf\app\webroot\index.php(86): Dispatcher->dispatch(Object(CakeRequest), Object(CakeResponse))
#11 {main}
2017-05-21 11:37:26 Error: users mypage
2017-05-21 11:37:39 Error: users mypage
2017-05-21 11:42:15 Error: users mypage
2017-05-21 11:43:33 Error: users mypage
2017-05-21 11:44:35 Error: users mypage
2017-05-29 11:08:04 Error: [Error] Call to undefined method EntryExecTranCvsOutput::getForward()
Request URL: /crowdf/backed_projects/conveni
Stack Trace:
#0 D:\xampp7\htdocs\crowdf\app\Controller\BackedProjectsController.php(95): BackedProjectsController->_put_info_of_exec_tran(Array, Object(EntryExecTranCvsOutput), 'cvs')
#1 [internal function]: BackedProjectsController->conveni()
#2 D:\xampp7\htdocs\crowdf\lib\Cake\Controller\Controller.php(491): ReflectionMethod->invokeArgs(Object(BackedProjectsController), Array)
#3 D:\xampp7\htdocs\crowdf\lib\Cake\Routing\Dispatcher.php(193): Controller->invokeAction(Object(CakeRequest))
#4 D:\xampp7\htdocs\crowdf\lib\Cake\Routing\Dispatcher.php(167): Dispatcher->_invoke(Object(BackedProjectsController), Object(CakeRequest))
#5 D:\xampp7\htdocs\crowdf\app\webroot\index.php(86): Dispatcher->dispatch(Object(CakeRequest), Object(CakeResponse))
#6 {main}
2017-05-29 11:09:56 Error: [Error] Call to undefined method EntryExecTranCvsOutput::getApprovalNo()
Request URL: /crowdf/backed_projects/conveni
Stack Trace:
#0 D:\xampp7\htdocs\crowdf\app\Controller\BackedProjectsController.php(95): BackedProjectsController->_put_info_of_exec_tran(Array, Object(EntryExecTranCvsOutput), 'cvs')
#1 [internal function]: BackedProjectsController->conveni()
#2 D:\xampp7\htdocs\crowdf\lib\Cake\Controller\Controller.php(491): ReflectionMethod->invokeArgs(Object(BackedProjectsController), Array)
#3 D:\xampp7\htdocs\crowdf\lib\Cake\Routing\Dispatcher.php(193): Controller->invokeAction(Object(CakeRequest))
#4 D:\xampp7\htdocs\crowdf\lib\Cake\Routing\Dispatcher.php(167): Dispatcher->_invoke(Object(BackedProjectsController), Object(CakeRequest))
#5 D:\xampp7\htdocs\crowdf\app\webroot\index.php(86): Dispatcher->dispatch(Object(CakeRequest), Object(CakeResponse))
#6 {main}
2017-05-29 11:10:25 Error: [Error] Call to undefined method EntryExecTranCvsOutput::getTranId()
Request URL: /crowdf/backed_projects/conveni
Stack Trace:
#0 D:\xampp7\htdocs\crowdf\app\Controller\BackedProjectsController.php(95): BackedProjectsController->_put_info_of_exec_tran(Array, Object(EntryExecTranCvsOutput), 'cvs')
#1 [internal function]: BackedProjectsController->conveni()
#2 D:\xampp7\htdocs\crowdf\lib\Cake\Controller\Controller.php(491): ReflectionMethod->invokeArgs(Object(BackedProjectsController), Array)
#3 D:\xampp7\htdocs\crowdf\lib\Cake\Routing\Dispatcher.php(193): Controller->invokeAction(Object(CakeRequest))
#4 D:\xampp7\htdocs\crowdf\lib\Cake\Routing\Dispatcher.php(167): Dispatcher->_invoke(Object(BackedProjectsController), Object(CakeRequest))
#5 D:\xampp7\htdocs\crowdf\app\webroot\index.php(86): Dispatcher->dispatch(Object(CakeRequest), Object(CakeResponse))
#6 {main}
2017-05-29 11:10:55 Error: users mypage
2017-05-29 11:16:20 Error: users mypage
2017-05-29 11:18:14 Error: users mypage
2017-05-29 11:18:58 Error: users mypage
2017-05-29 11:19:57 Error: users mypage
2017-05-29 11:20:19 Error: users mypage
2017-05-29 11:51:17 Error: users mypage
2017-05-29 11:53:39 Error: users mypage
2017-05-29 12:08:38 Error: error : send_mail
2017-05-29 12:08:38 Error: Could not send email: unknown
2017-05-29 12:08:40 Error: error : send_mail
2017-05-29 12:08:40 Error: Could not send email: unknown
2017-05-29 12:08:41 Error: error : send_mail
2017-05-29 12:08:41 Error: Could not send email: unknown
2017-05-29 12:08:41 Error: users mypage
2017-05-29 12:44:45 Error: EntryExecTranCvsOutput Object
(
    [entryTranCvsOutput:EntryExecTranCvsOutput:private] => EntryTranCvsOutput Object
        (
            [accessId:EntryTranCvsOutput:private] => 20598c0be5be11515c75809537b98349
            [accessPass:EntryTranCvsOutput:private] => 9b4510d16e95b5097f194da0ea9dc013
            [errList:BaseOutput:private] => Array
                (
                )

            [csvResponse:BaseOutput:private] => 
        )

    [execTranCvsOutput:EntryExecTranCvsOutput:private] => ExecTranCvsOutput Object
        (
            [orderId:ExecTranCvsOutput:private] => 
            [convenience:ExecTranCvsOutput:private] => 
            [confNo:ExecTranCvsOutput:private] => 
            [receiptNo:ExecTranCvsOutput:private] => 
            [paymentTerm:ExecTranCvsOutput:private] => 
            [tranDate:ExecTranCvsOutput:private] => 
            [receiptUrl:ExecTranCvsOutput:private] => 
            [checkString:ExecTranCvsOutput:private] => 
            [clientField1:ExecTranCvsOutput:private] => 
            [clientField2:ExecTranCvsOutput:private] => 
            [clientField3:ExecTranCvsOutput:private] => 
            [errList:BaseOutput:private] => Array
                (
                    [0] => ErrHolder Object
                        (
                            [errCode:ErrHolder:private] => M01
                            [errInfo:ErrHolder:private] => M01010013
                        )

                    [1] => ErrHolder Object
                        (
                            [errCode:ErrHolder:private] => M01
                            [errInfo:ErrHolder:private] => M01036013
                        )

                )

            [csvResponse:BaseOutput:private] => 
        )

)

2017-05-29 12:44:46 Error: users mypage
2017-05-29 12:59:10 Error: EntryExecTranCvsOutput Object
(
    [entryTranCvsOutput:EntryExecTranCvsOutput:private] => EntryTranCvsOutput Object
        (
            [accessId:EntryTranCvsOutput:private] => 9ac88d62704ce95115c3d64c1344b25f
            [accessPass:EntryTranCvsOutput:private] => 4112733cfc764c142e6b278c27e6a479
            [errList:BaseOutput:private] => Array
                (
                )

            [csvResponse:BaseOutput:private] => 
        )

    [execTranCvsOutput:EntryExecTranCvsOutput:private] => ExecTranCvsOutput Object
        (
            [orderId:ExecTranCvsOutput:private] => 
            [convenience:ExecTranCvsOutput:private] => 
            [confNo:ExecTranCvsOutput:private] => 
            [receiptNo:ExecTranCvsOutput:private] => 
            [paymentTerm:ExecTranCvsOutput:private] => 
            [tranDate:ExecTranCvsOutput:private] => 
            [receiptUrl:ExecTranCvsOutput:private] => 
            [checkString:ExecTranCvsOutput:private] => 
            [clientField1:ExecTranCvsOutput:private] => 
            [clientField2:ExecTranCvsOutput:private] => 
            [clientField3:ExecTranCvsOutput:private] => 
            [errList:BaseOutput:private] => Array
                (
                    [0] => ErrHolder Object
                        (
                            [errCode:ErrHolder:private] => M01
                            [errInfo:ErrHolder:private] => M01010013
                        )

                    [1] => ErrHolder Object
                        (
                            [errCode:ErrHolder:private] => M01
                            [errInfo:ErrHolder:private] => M01012008
                        )

                    [2] => ErrHolder Object
                        (
                            [errCode:ErrHolder:private] => M01
                            [errInfo:ErrHolder:private] => M01036013
                        )

                )

            [csvResponse:BaseOutput:private] => 
        )

)

2017-05-29 12:59:11 Error: users mypage
2017-05-29 12:59:46 Error: EntryExecTranCvsOutput Object
(
    [entryTranCvsOutput:EntryExecTranCvsOutput:private] => EntryTranCvsOutput Object
        (
            [accessId:EntryTranCvsOutput:private] => 0736a8447b304e5859341788335eba05
            [accessPass:EntryTranCvsOutput:private] => 10665c282aee8f6cf3ae8a2de25ec1cb
            [errList:BaseOutput:private] => Array
                (
                )

            [csvResponse:BaseOutput:private] => 
        )

    [execTranCvsOutput:EntryExecTranCvsOutput:private] => ExecTranCvsOutput Object
        (
            [orderId:ExecTranCvsOutput:private] => 
            [convenience:ExecTranCvsOutput:private] => 
            [confNo:ExecTranCvsOutput:private] => 
            [receiptNo:ExecTranCvsOutput:private] => 
            [paymentTerm:ExecTranCvsOutput:private] => 
            [tranDate:ExecTranCvsOutput:private] => 
            [receiptUrl:ExecTranCvsOutput:private] => 
            [checkString:ExecTranCvsOutput:private] => 
            [clientField1:ExecTranCvsOutput:private] => 
            [clientField2:ExecTranCvsOutput:private] => 
            [clientField3:ExecTranCvsOutput:private] => 
            [errList:BaseOutput:private] => Array
                (
                    [0] => ErrHolder Object
                        (
                            [errCode:ErrHolder:private] => M01
                            [errInfo:ErrHolder:private] => M01010013
                        )

                    [1] => ErrHolder Object
                        (
                            [errCode:ErrHolder:private] => M01
                            [errInfo:ErrHolder:private] => M01012008
                        )

                    [2] => ErrHolder Object
                        (
                            [errCode:ErrHolder:private] => M01
                            [errInfo:ErrHolder:private] => M01036013
                        )

                )

            [csvResponse:BaseOutput:private] => 
        )

)

2017-05-29 12:59:47 Error: users mypage
2017-05-29 13:09:27 Error: EntryExecTranCvsOutput Object
(
    [entryTranCvsOutput:EntryExecTranCvsOutput:private] => EntryTranCvsOutput Object
        (
            [accessId:EntryTranCvsOutput:private] => 8acb95e2e16e003f376972b850806b9c
            [accessPass:EntryTranCvsOutput:private] => 4655fd75fa185274c1ce135bd564b901
            [errList:BaseOutput:private] => Array
                (
                )

            [csvResponse:BaseOutput:private] => 
        )

    [execTranCvsOutput:EntryExecTranCvsOutput:private] => ExecTranCvsOutput Object
        (
            [orderId:ExecTranCvsOutput:private] => 
            [convenience:ExecTranCvsOutput:private] => 
            [confNo:ExecTranCvsOutput:private] => 
            [receiptNo:ExecTranCvsOutput:private] => 
            [paymentTerm:ExecTranCvsOutput:private] => 
            [tranDate:ExecTranCvsOutput:private] => 
            [receiptUrl:ExecTranCvsOutput:private] => 
            [checkString:ExecTranCvsOutput:private] => 
            [clientField1:ExecTranCvsOutput:private] => 
            [clientField2:ExecTranCvsOutput:private] => 
            [clientField3:ExecTranCvsOutput:private] => 
            [errList:BaseOutput:private] => Array
                (
                    [0] => ErrHolder Object
                        (
                            [errCode:ErrHolder:private] => M01
                            [errInfo:ErrHolder:private] => M01010013
                        )

                    [1] => ErrHolder Object
                        (
                            [errCode:ErrHolder:private] => M01
                            [errInfo:ErrHolder:private] => M01012008
                        )

                    [2] => ErrHolder Object
                        (
                            [errCode:ErrHolder:private] => M01
                            [errInfo:ErrHolder:private] => M01036013
                        )

                )

            [csvResponse:BaseOutput:private] => 
        )

)

2017-05-29 13:09:29 Error: users mypage
2017-05-29 13:09:34 Error: [ParseError] syntax error, unexpected '&', expecting identifier (T_STRING) or variable (T_VARIABLE) or '{' or '$'
Request URL: /crowdf/backed_projects/add/1/1
Stack Trace:
#0 [internal function]: App::load('BackedProjectsC...')
#1 [internal function]: spl_autoload_call('BackedProjectsC...')
#2 D:\xampp7\htdocs\crowdf\lib\Cake\Routing\Dispatcher.php(266): class_exists('BackedProjectsC...')
#3 D:\xampp7\htdocs\crowdf\lib\Cake\Routing\Dispatcher.php(235): Dispatcher->_loadController(Object(CakeRequest))
#4 D:\xampp7\htdocs\crowdf\lib\Cake\Routing\Dispatcher.php(158): Dispatcher->_getController(Object(CakeRequest), Object(CakeResponse))
#5 D:\xampp7\htdocs\crowdf\app\webroot\index.php(86): Dispatcher->dispatch(Object(CakeRequest), Object(CakeResponse))
#6 {main}
2017-05-29 13:10:34 Error: [ParseError] syntax error, unexpected '&', expecting identifier (T_STRING) or variable (T_VARIABLE) or '{' or '$'
Request URL: /crowdf/backed_projects/add/1/1
Stack Trace:
#0 [internal function]: App::load('BackedProjectsC...')
#1 [internal function]: spl_autoload_call('BackedProjectsC...')
#2 D:\xampp7\htdocs\crowdf\lib\Cake\Routing\Dispatcher.php(266): class_exists('BackedProjectsC...')
#3 D:\xampp7\htdocs\crowdf\lib\Cake\Routing\Dispatcher.php(235): Dispatcher->_loadController(Object(CakeRequest))
#4 D:\xampp7\htdocs\crowdf\lib\Cake\Routing\Dispatcher.php(158): Dispatcher->_getController(Object(CakeRequest), Object(CakeResponse))
#5 D:\xampp7\htdocs\crowdf\app\webroot\index.php(86): Dispatcher->dispatch(Object(CakeRequest), Object(CakeResponse))
#6 {main}
2017-05-29 13:11:41 Error: [Error] Call to undefined method EntryExecTranCvs::isErrorOccurred()
Request URL: /crowdf/backed_projects/conveni
Stack Trace:
#0 D:\xampp7\htdocs\crowdf\app\Controller\BackedProjectsController.php(283): BackedProjectsController->_exe_gmo_cvs(Object(EntryExecTranCvsInput))
#1 D:\xampp7\htdocs\crowdf\app\Controller\BackedProjectsController.php(94): BackedProjectsController->_pay_by_gmo_cvs(Array, Array)
#2 [internal function]: BackedProjectsController->conveni()
#3 D:\xampp7\htdocs\crowdf\lib\Cake\Controller\Controller.php(491): ReflectionMethod->invokeArgs(Object(BackedProjectsController), Array)
#4 D:\xampp7\htdocs\crowdf\lib\Cake\Routing\Dispatcher.php(193): Controller->invokeAction(Object(CakeRequest))
#5 D:\xampp7\htdocs\crowdf\lib\Cake\Routing\Dispatcher.php(167): Dispatcher->_invoke(Object(BackedProjectsController), Object(CakeRequest))
#6 D:\xampp7\htdocs\crowdf\app\webroot\index.php(86): Dispatcher->dispatch(Object(CakeRequest), Object(CakeResponse))
#7 {main}
2017-05-29 13:13:52 Error: Array
(
)

2017-05-29 13:13:55 Error: Array
(
    [0] => ErrHolder Object
        (
            [errCode:ErrHolder:private] => M01
            [errInfo:ErrHolder:private] => M01010013
        )

    [1] => ErrHolder Object
        (
            [errCode:ErrHolder:private] => M01
            [errInfo:ErrHolder:private] => M01012008
        )

    [2] => ErrHolder Object
        (
            [errCode:ErrHolder:private] => M01
            [errInfo:ErrHolder:private] => M01036013
        )

)

2017-05-29 13:16:03 Error: Array
(
)

2017-05-29 13:16:03 Error: Array
(
    [0] => ErrHolder Object
        (
            [errCode:ErrHolder:private] => M01
            [errInfo:ErrHolder:private] => M01010013
        )

    [1] => ErrHolder Object
        (
            [errCode:ErrHolder:private] => M01
            [errInfo:ErrHolder:private] => M01011013
        )

    [2] => ErrHolder Object
        (
            [errCode:ErrHolder:private] => M01
            [errInfo:ErrHolder:private] => M01036013
        )

)

2017-05-29 13:24:40 Error: Array
(
)

2017-05-29 13:41:13 Error: Array
(
    [0] => ErrHolder Object
        (
            [errCode:ErrHolder:private] => M01
            [errInfo:ErrHolder:private] => M01010013
        )

    [1] => ErrHolder Object
        (
            [errCode:ErrHolder:private] => M01
            [errInfo:ErrHolder:private] => M01011013
        )

    [2] => ErrHolder Object
        (
            [errCode:ErrHolder:private] => M01
            [errInfo:ErrHolder:private] => M01036013
        )

)

2017-05-29 13:42:06 Error: Array
(
)

2017-05-29 13:43:09 Error: Array
(
    [0] => ErrHolder Object
        (
            [errCode:ErrHolder:private] => M01
            [errInfo:ErrHolder:private] => M01010013
        )

    [1] => ErrHolder Object
        (
            [errCode:ErrHolder:private] => M01
            [errInfo:ErrHolder:private] => M01011013
        )

    [2] => ErrHolder Object
        (
            [errCode:ErrHolder:private] => M01
            [errInfo:ErrHolder:private] => M01036013
        )

)

2017-05-29 13:46:03 Error: Array
(
)

2017-05-29 13:47:28 Error: Array
(
    [0] => ErrHolder Object
        (
            [errCode:ErrHolder:private] => M01
            [errInfo:ErrHolder:private] => M01010013
        )

    [1] => ErrHolder Object
        (
            [errCode:ErrHolder:private] => M01
            [errInfo:ErrHolder:private] => M01011013
        )

    [2] => ErrHolder Object
        (
            [errCode:ErrHolder:private] => M01
            [errInfo:ErrHolder:private] => M01036001
        )

)

2017-05-29 13:47:40 Error: Array
(
)

2017-05-29 13:47:41 Error: Array
(
    [0] => ErrHolder Object
        (
            [errCode:ErrHolder:private] => M01
            [errInfo:ErrHolder:private] => M01010013
        )

    [1] => ErrHolder Object
        (
            [errCode:ErrHolder:private] => M01
            [errInfo:ErrHolder:private] => M01011013
        )

    [2] => ErrHolder Object
        (
            [errCode:ErrHolder:private] => M01
            [errInfo:ErrHolder:private] => M01036013
        )

)

2017-05-29 13:49:02 Error: Logicky
2017-05-29 13:49:07 Error: Array
(
)

2017-05-29 13:49:07 Error: Array
(
    [0] => ErrHolder Object
        (
            [errCode:ErrHolder:private] => M01
            [errInfo:ErrHolder:private] => M01010013
        )

    [1] => ErrHolder Object
        (
            [errCode:ErrHolder:private] => M01
            [errInfo:ErrHolder:private] => M01011013
        )

    [2] => ErrHolder Object
        (
            [errCode:ErrHolder:private] => M01
            [errInfo:ErrHolder:private] => M01036013
        )

)

2017-05-29 14:10:11 Error: Array
(
)

2017-05-29 14:27:22 Error: Array
(
    [0] => ErrHolder Object
        (
            [errCode:ErrHolder:private] => M01
            [errInfo:ErrHolder:private] => M01011013
        )

    [1] => ErrHolder Object
        (
            [errCode:ErrHolder:private] => M01
            [errInfo:ErrHolder:private] => M01036013
        )

)

2017-05-29 14:35:27 Error: EntryExecTranCvsOutput Object
(
    [entryTranCvsOutput:EntryExecTranCvsOutput:private] => EntryTranCvsOutput Object
        (
            [accessId:EntryTranCvsOutput:private] => 5daa1ae27dceafb0e7b223b59603abcb
            [accessPass:EntryTranCvsOutput:private] => 6a8a079aedaf1c15383bdfb953843952
            [errList:BaseOutput:private] => Array
                (
                )

            [csvResponse:BaseOutput:private] => 
        )

    [execTranCvsOutput:EntryExecTranCvsOutput:private] => ExecTranCvsOutput Object
        (
            [orderId:ExecTranCvsOutput:private] => 1-1-ejqpivre
            [convenience:ExecTranCvsOutput:private] => 00001
            [confNo:ExecTranCvsOutput:private] => 3769
            [receiptNo:ExecTranCvsOutput:private] => WNT36123849
            [paymentTerm:ExecTranCvsOutput:private] => 20170608235959
            [tranDate:ExecTranCvsOutput:private] => 20170529143500
            [receiptUrl:ExecTranCvsOutput:private] => 
            [checkString:ExecTranCvsOutput:private] => fce87bf7e0df36b24cbb419e91f914b0
            [clientField1:ExecTranCvsOutput:private] => 
            [clientField2:ExecTranCvsOutput:private] => 
            [clientField3:ExecTranCvsOutput:private] => 
            [errList:BaseOutput:private] => Array
                (
                )

            [csvResponse:BaseOutput:private] => 
        )

)

2017-05-29 14:35:29 Error: users mypage
2017-05-29 17:08:05 Error: [ParseError] syntax error, unexpected ''BackingLevel.id'' (T_CONSTANT_ENCAPSED_STRING), expecting ')'
Request URL: /crowdf/admin/admin_projects/backers/1
Stack Trace:
#0 [internal function]: App::load('BackedProject')
#1 [internal function]: spl_autoload_call('BackedProject')
#2 D:\xampp7\htdocs\crowdf\lib\Cake\Utility\ClassRegistry.php(146): class_exists('BackedProject')
#3 D:\xampp7\htdocs\crowdf\lib\Cake\Model\Model.php(1084): ClassRegistry::init('BackedProject')
#4 D:\xampp7\htdocs\crowdf\lib\Cake\Model\Model.php(893): Model->_constructLinkedModel('BackedProject', 'BackedProject', NULL)
#5 D:\xampp7\htdocs\crowdf\lib\Cake\Model\Model.php(926): Model->__isset('BackedProject')
#6 D:\xampp7\htdocs\crowdf\app\Controller\AdminProjectsController.php(490): Model->__get('BackedProject')
#7 [internal function]: AdminProjectsController->admin_backers('1')
#8 D:\xampp7\htdocs\crowdf\lib\Cake\Controller\Controller.php(491): ReflectionMethod->invokeArgs(Object(AdminProjectsController), Array)
#9 D:\xampp7\htdocs\crowdf\lib\Cake\Routing\Dispatcher.php(193): Controller->invokeAction(Object(CakeRequest))
#10 D:\xampp7\htdocs\crowdf\lib\Cake\Routing\Dispatcher.php(167): Dispatcher->_invoke(Object(AdminProjectsController), Object(CakeRequest))
#11 D:\xampp7\htdocs\crowdf\app\webroot\index.php(86): Dispatcher->dispatch(Object(CakeRequest), Object(CakeResponse))
#12 {main}
2017-05-29 17:44:26 Error: error : send_mail
2017-05-29 17:44:26 Error: Could not send email: unknown
2017-05-29 17:44:28 Error: error : send_mail
2017-05-29 17:44:28 Error: Could not send email: unknown
2017-05-29 17:44:29 Error: error : send_mail
2017-05-29 17:44:29 Error: Could not send email: unknown
2017-05-29 17:44:29 Error: users mypage
2017-05-29 17:48:17 Error: Array
(
)

2017-05-29 17:48:17 Error: Array
(
    [0] => ErrHolder Object
        (
            [errCode:ErrHolder:private] => M01
            [errInfo:ErrHolder:private] => M01012008
        )

)

2017-05-29 17:49:13 Error: users mypage
2017-05-29 18:00:45 Error: users mypage
2017-05-29 18:01:35 Error: users mypage
2017-05-29 21:26:02 Error: users mypage
2017-05-29 21:26:26 Error: users mypage
2017-05-29 21:52:31 Error: [PDOException] SQLSTATE[42S22]: Column not found: 1054 Unknown column 'Project.setting_id' in 'field list'
Request URL: /crowdf/projects/view/1
Stack Trace:
#0 D:\xampp7\htdocs\crowdf\lib\Cake\Model\Datasource\DboSource.php(470): PDOStatement->execute(Array)
#1 D:\xampp7\htdocs\crowdf\lib\Cake\Model\Datasource\DboSource.php(436): DboSource->_execute('SELECT `Project...', Array)
#2 D:\xampp7\htdocs\crowdf\lib\Cake\Model\Datasource\DboSource.php(673): DboSource->execute('SELECT `Project...', Array, Array)
#3 D:\xampp7\htdocs\crowdf\lib\Cake\Model\Datasource\DboSource.php(1184): DboSource->fetchAll('SELECT `Project...', Array)
#4 D:\xampp7\htdocs\crowdf\lib\Cake\Model\Model.php(3038): DboSource->read(Object(Project), Array)
#5 D:\xampp7\htdocs\crowdf\lib\Cake\Model\Model.php(3010): Model->_readDataSource('first', Array)
#6 D:\xampp7\htdocs\crowdf\app\Model\Project.php(723): Model->find('first', Array)
#7 D:\xampp7\htdocs\crowdf\app\Controller\ProjectsController.php(72): Project->get_project_or_project_url('1')
#8 [internal function]: ProjectsController->view('1')
#9 D:\xampp7\htdocs\crowdf\lib\Cake\Controller\Controller.php(491): ReflectionMethod->invokeArgs(Object(ProjectsController), Array)
#10 D:\xampp7\htdocs\crowdf\lib\Cake\Routing\Dispatcher.php(193): Controller->invokeAction(Object(CakeRequest))
#11 D:\xampp7\htdocs\crowdf\lib\Cake\Routing\Dispatcher.php(167): Dispatcher->_invoke(Object(ProjectsController), Object(CakeRequest))
#12 D:\xampp7\htdocs\crowdf\app\webroot\index.php(86): Dispatcher->dispatch(Object(CakeRequest), Object(CakeResponse))
#13 {main}
2017-05-29 21:54:32 Error: users mypage
2017-07-10 14:38:45 Error: [MissingControllerException] Controller class UploadController could not be found.
Exception Attributes: array (
  'class' => 'UploadController',
  'plugin' => NULL,
)
Request URL: /crowdf/upload/User/1/img/dyucjgciprbvyns_48x48.jpg
Stack Trace:
#0 D:\xampp7\htdocs\crowdf\app\webroot\index.php(86): Dispatcher->dispatch(Object(CakeRequest), Object(CakeResponse))
#1 {main}
2017-07-10 14:48:04 Error: [MissingControllerException] Controller class UploadController could not be found.
Exception Attributes: array (
  'class' => 'UploadController',
  'plugin' => NULL,
)
Request URL: /crowdf/upload/User/1/img/dyucjgciprbvyns_48x48.jpg
Stack Trace:
#0 D:\xampp7\htdocs\crowdf\app\webroot\index.php(86): Dispatcher->dispatch(Object(CakeRequest), Object(CakeResponse))
#1 {main}
2017-07-10 14:48:08 Error: [MissingControllerException] Controller class UploadController could not be found.
Exception Attributes: array (
  'class' => 'UploadController',
  'plugin' => NULL,
)
Request URL: /crowdf/upload/User/1/img/dyucjgciprbvyns_48x48.jpg
Stack Trace:
#0 D:\xampp7\htdocs\crowdf\app\webroot\index.php(86): Dispatcher->dispatch(Object(CakeRequest), Object(CakeResponse))
#1 {main}
2017-07-10 15:16:00 Error: [MissingControllerException] Controller class UploadController could not be found.
Exception Attributes: array (
  'class' => 'UploadController',
  'plugin' => NULL,
)
Request URL: /crowdf/upload/User/1/img/dyucjgciprbvyns_48x48.jpg
Stack Trace:
#0 D:\xampp7\htdocs\crowdf\app\webroot\index.php(86): Dispatcher->dispatch(Object(CakeRequest), Object(CakeResponse))
#1 {main}
2017-07-10 15:17:02 Error: [MissingControllerException] Controller class UploadController could not be found.
Exception Attributes: array (
  'class' => 'UploadController',
  'plugin' => NULL,
)
Request URL: /crowdf/upload/User/1/img/dyucjgciprbvyns_48x48.jpg
Stack Trace:
#0 D:\xampp7\htdocs\crowdf\app\webroot\index.php(86): Dispatcher->dispatch(Object(CakeRequest), Object(CakeResponse))
#1 {main}
2017-07-10 15:17:03 Error: [MissingControllerException] Controller class UploadController could not be found.
Exception Attributes: array (
  'class' => 'UploadController',
  'plugin' => NULL,
)
Request URL: /crowdf/upload/User/1/img/dyucjgciprbvyns.jpg
Stack Trace:
#0 D:\xampp7\htdocs\crowdf\app\webroot\index.php(86): Dispatcher->dispatch(Object(CakeRequest), Object(CakeResponse))
#1 {main}
2017-07-10 15:17:05 Error: [MissingControllerException] Controller class UploadController could not be found.
Exception Attributes: array (
  'class' => 'UploadController',
  'plugin' => NULL,
)
Request URL: /crowdf/upload/User/1/img/dyucjgciprbvyns_48x48.jpg
Stack Trace:
#0 D:\xampp7\htdocs\crowdf\app\webroot\index.php(86): Dispatcher->dispatch(Object(CakeRequest), Object(CakeResponse))
#1 {main}
2017-07-10 15:17:07 Error: [MissingControllerException] Controller class UploadController could not be found.
Exception Attributes: array (
  'class' => 'UploadController',
  'plugin' => NULL,
)
Request URL: /crowdf/upload/User/1/img/dyucjgciprbvyns_48x48.jpg
Stack Trace:
#0 D:\xampp7\htdocs\crowdf\app\webroot\index.php(86): Dispatcher->dispatch(Object(CakeRequest), Object(CakeResponse))
#1 {main}
2017-07-10 15:17:09 Error: [MissingControllerException] Controller class UploadController could not be found.
Exception Attributes: array (
  'class' => 'UploadController',
  'plugin' => NULL,
)
Request URL: /crowdf/upload/User/1/img/dyucjgciprbvyns_48x48.jpg
Stack Trace:
#0 D:\xampp7\htdocs\crowdf\app\webroot\index.php(86): Dispatcher->dispatch(Object(CakeRequest), Object(CakeResponse))
#1 {main}
2017-07-10 15:17:17 Error: [MissingControllerException] Controller class UploadController could not be found.
Exception Attributes: array (
  'class' => 'UploadController',
  'plugin' => NULL,
)
Request URL: /crowdf/upload/User/1/img/dyucjgciprbvyns_48x48.jpg
Stack Trace:
#0 D:\xampp7\htdocs\crowdf\app\webroot\index.php(86): Dispatcher->dispatch(Object(CakeRequest), Object(CakeResponse))
#1 {main}
2017-07-10 15:17:39 Error: error : send_mail
2017-07-10 15:17:39 Error: Could not send email: unknown
2017-07-10 15:17:40 Error: error : send_mail
2017-07-10 15:17:40 Error: Could not send email: unknown
2017-07-10 15:17:42 Error: error : send_mail
2017-07-10 15:17:42 Error: Could not send email: unknown
2017-07-10 15:17:43 Error: [MissingControllerException] Controller class UploadController could not be found.
Exception Attributes: array (
  'class' => 'UploadController',
  'plugin' => NULL,
)
Request URL: /crowdf/upload/User/1/img/dyucjgciprbvyns_48x48.jpg
Stack Trace:
#0 D:\xampp7\htdocs\crowdf\app\webroot\index.php(86): Dispatcher->dispatch(Object(CakeRequest), Object(CakeResponse))
#1 {main}
2017-07-10 16:02:09 Error: [MissingControllerException] Controller class UploadController could not be found.
Exception Attributes: array (
  'class' => 'UploadController',
  'plugin' => NULL,
)
Request URL: /crowdf/upload/User/1/img/dyucjgciprbvyns_48x48.jpg
Stack Trace:
#0 D:\xampp7\htdocs\crowdf\app\webroot\index.php(86): Dispatcher->dispatch(Object(CakeRequest), Object(CakeResponse))
#1 {main}
2017-07-10 16:02:11 Error: [MissingControllerException] Controller class UploadController could not be found.
Exception Attributes: array (
  'class' => 'UploadController',
  'plugin' => NULL,
)
Request URL: /crowdf/upload/User/1/img/dyucjgciprbvyns.jpg
Stack Trace:
#0 D:\xampp7\htdocs\crowdf\app\webroot\index.php(86): Dispatcher->dispatch(Object(CakeRequest), Object(CakeResponse))
#1 {main}
2017-07-10 16:02:11 Error: [MissingControllerException] Controller class UploadController could not be found.
Exception Attributes: array (
  'class' => 'UploadController',
  'plugin' => NULL,
)
Request URL: /crowdf/upload/User/1/img/dyucjgciprbvyns_48x48.jpg
Stack Trace:
#0 D:\xampp7\htdocs\crowdf\app\webroot\index.php(86): Dispatcher->dispatch(Object(CakeRequest), Object(CakeResponse))
#1 {main}
2017-07-10 16:03:28 Error: [MissingControllerException] Controller class UploadController could not be found.
Exception Attributes: array (
  'class' => 'UploadController',
  'plugin' => NULL,
)
Request URL: /crowdf/upload/User/1/img/dyucjgciprbvyns.jpg
Stack Trace:
#0 D:\xampp7\htdocs\crowdf\app\webroot\index.php(86): Dispatcher->dispatch(Object(CakeRequest), Object(CakeResponse))
#1 {main}
2017-07-10 16:03:29 Error: [MissingControllerException] Controller class UploadController could not be found.
Exception Attributes: array (
  'class' => 'UploadController',
  'plugin' => NULL,
)
Request URL: /crowdf/upload/User/1/img/dyucjgciprbvyns_48x48.jpg
Stack Trace:
#0 D:\xampp7\htdocs\crowdf\app\webroot\index.php(86): Dispatcher->dispatch(Object(CakeRequest), Object(CakeResponse))
#1 {main}
2017-07-10 16:13:04 Error: start
2017-07-10 16:13:28 Error: start
2017-07-10 16:13:28 Error: project is empty
2017-07-10 16:14:44 Error: [MissingControllerException] Controller class UploadController could not be found.
Exception Attributes: array (
  'class' => 'UploadController',
  'plugin' => NULL,
)
Request URL: /crowdf/upload/User/1/img/dyucjgciprbvyns.jpg
Stack Trace:
#0 D:\xampp7\htdocs\crowdf\app\webroot\index.php(86): Dispatcher->dispatch(Object(CakeRequest), Object(CakeResponse))
#1 {main}
2017-07-10 16:14:44 Error: [MissingControllerException] Controller class UploadController could not be found.
Exception Attributes: array (
  'class' => 'UploadController',
  'plugin' => NULL,
)
Request URL: /crowdf/upload/User/1/img/dyucjgciprbvyns_48x48.jpg
Stack Trace:
#0 D:\xampp7\htdocs\crowdf\app\webroot\index.php(86): Dispatcher->dispatch(Object(CakeRequest), Object(CakeResponse))
#1 {main}
2017-07-10 16:14:52 Error: start
2017-07-10 16:14:52 Error: ok
2017-07-10 17:13:45 Error: [MissingControllerException] Controller class UploadController could not be found.
Exception Attributes: array (
  'class' => 'UploadController',
  'plugin' => NULL,
)
Request URL: /crowdf/upload/User/1/img/dyucjgciprbvyns_48x48.jpg
Stack Trace:
#0 D:\xampp7\htdocs\crowdf\app\webroot\index.php(86): Dispatcher->dispatch(Object(CakeRequest), Object(CakeResponse))
#1 {main}
2017-07-10 17:45:00 Error: [MissingControllerException] Controller class UploadController could not be found.
Exception Attributes: array (
  'class' => 'UploadController',
  'plugin' => NULL,
)
Request URL: /crowdf/upload/User/1/img/dyucjgciprbvyns_48x48.jpg
Stack Trace:
#0 D:\xampp7\htdocs\crowdf\app\webroot\index.php(86): Dispatcher->dispatch(Object(CakeRequest), Object(CakeResponse))
#1 {main}
2017-07-10 17:49:59 Error: [MissingControllerException] Controller class UploadController could not be found.
Exception Attributes: array (
  'class' => 'UploadController',
  'plugin' => NULL,
)
Request URL: /crowdf/upload/User/1/img/dyucjgciprbvyns.jpg
Stack Trace:
#0 D:\xampp7\htdocs\crowdf\app\webroot\index.php(86): Dispatcher->dispatch(Object(CakeRequest), Object(CakeResponse))
#1 {main}
2017-07-10 17:49:59 Error: [MissingControllerException] Controller class UploadController could not be found.
Exception Attributes: array (
  'class' => 'UploadController',
  'plugin' => NULL,
)
Request URL: /crowdf/upload/User/1/img/dyucjgciprbvyns_48x48.jpg
Stack Trace:
#0 D:\xampp7\htdocs\crowdf\app\webroot\index.php(86): Dispatcher->dispatch(Object(CakeRequest), Object(CakeResponse))
#1 {main}
2017-07-15 15:03:29 Error: [MissingControllerException] Controller class UploadController could not be found.
Exception Attributes: array (
  'class' => 'UploadController',
  'plugin' => NULL,
)
Request URL: /crowdf/upload/User/1/img/dyucjgciprbvyns_48x48.jpg
Stack Trace:
#0 D:\xampp7\htdocs\crowdf\app\webroot\index.php(86): Dispatcher->dispatch(Object(CakeRequest), Object(CakeResponse))
#1 {main}
2017-07-15 15:03:30 Error: [MissingControllerException] Controller class UploadController could not be found.
Exception Attributes: array (
  'class' => 'UploadController',
  'plugin' => NULL,
)
Request URL: /crowdf/upload/User/1/img/dyucjgciprbvyns.jpg
Stack Trace:
#0 D:\xampp7\htdocs\crowdf\app\webroot\index.php(86): Dispatcher->dispatch(Object(CakeRequest), Object(CakeResponse))
#1 {main}
2017-07-15 15:27:12 Error: [ParseError] syntax error, unexpected ')'
Request URL: /crowdf/admin/admin_design/edit_top
Stack Trace:
#0 [internal function]: App::load('AdminDesignCont...')
#1 [internal function]: spl_autoload_call('AdminDesignCont...')
#2 D:\xampp7\htdocs\crowdf\lib\Cake\Routing\Dispatcher.php(266): class_exists('AdminDesignCont...')
#3 D:\xampp7\htdocs\crowdf\lib\Cake\Routing\Dispatcher.php(235): Dispatcher->_loadController(Object(CakeRequest))
#4 D:\xampp7\htdocs\crowdf\lib\Cake\Routing\Dispatcher.php(158): Dispatcher->_getController(Object(CakeRequest), Object(CakeResponse))
#5 D:\xampp7\htdocs\crowdf\app\webroot\index.php(86): Dispatcher->dispatch(Object(CakeRequest), Object(CakeResponse))
#6 {main}
2017-07-15 15:27:28 Error: [ParseError] syntax error, unexpected ')'
Request URL: /crowdf/admin/admin_design/edit_top
Stack Trace:
#0 [internal function]: App::load('AdminDesignCont...')
#1 [internal function]: spl_autoload_call('AdminDesignCont...')
#2 D:\xampp7\htdocs\crowdf\lib\Cake\Routing\Dispatcher.php(266): class_exists('AdminDesignCont...')
#3 D:\xampp7\htdocs\crowdf\lib\Cake\Routing\Dispatcher.php(235): Dispatcher->_loadController(Object(CakeRequest))
#4 D:\xampp7\htdocs\crowdf\lib\Cake\Routing\Dispatcher.php(158): Dispatcher->_getController(Object(CakeRequest), Object(CakeResponse))
#5 D:\xampp7\htdocs\crowdf\app\webroot\index.php(86): Dispatcher->dispatch(Object(CakeRequest), Object(CakeResponse))
#6 {main}
2017-07-15 15:27:47 Error: [ParseError] syntax error, unexpected ')'
Request URL: /crowdf/admin/admin_design/edit/
Stack Trace:
#0 [internal function]: App::load('AdminDesignCont...')
#1 [internal function]: spl_autoload_call('AdminDesignCont...')
#2 D:\xampp7\htdocs\crowdf\lib\Cake\Routing\Dispatcher.php(266): class_exists('AdminDesignCont...')
#3 D:\xampp7\htdocs\crowdf\lib\Cake\Routing\Dispatcher.php(235): Dispatcher->_loadController(Object(CakeRequest))
#4 D:\xampp7\htdocs\crowdf\lib\Cake\Routing\Dispatcher.php(158): Dispatcher->_getController(Object(CakeRequest), Object(CakeResponse))
#5 D:\xampp7\htdocs\crowdf\app\webroot\index.php(86): Dispatcher->dispatch(Object(CakeRequest), Object(CakeResponse))
#6 {main}
2017-07-15 15:27:53 Error: [ParseError] syntax error, unexpected ')'
Request URL: /crowdf/admin/admin_design/edit/
Stack Trace:
#0 [internal function]: App::load('AdminDesignCont...')
#1 [internal function]: spl_autoload_call('AdminDesignCont...')
#2 D:\xampp7\htdocs\crowdf\lib\Cake\Routing\Dispatcher.php(266): class_exists('AdminDesignCont...')
#3 D:\xampp7\htdocs\crowdf\lib\Cake\Routing\Dispatcher.php(235): Dispatcher->_loadController(Object(CakeRequest))
#4 D:\xampp7\htdocs\crowdf\lib\Cake\Routing\Dispatcher.php(158): Dispatcher->_getController(Object(CakeRequest), Object(CakeResponse))
#5 D:\xampp7\htdocs\crowdf\app\webroot\index.php(86): Dispatcher->dispatch(Object(CakeRequest), Object(CakeResponse))
#6 {main}
2017-07-17 23:59:29 Error: [MissingControllerException] Controller class UploadController could not be found.
Exception Attributes: array (
  'class' => 'UploadController',
  'plugin' => NULL,
)
Request URL: /crowdf/upload/User/1/img/dyucjgciprbvyns.jpg
Stack Trace:
#0 D:\xampp7\htdocs\crowdf\app\webroot\index.php(86): Dispatcher->dispatch(Object(CakeRequest), Object(CakeResponse))
#1 {main}
2017-07-17 23:59:30 Error: [MissingControllerException] Controller class UploadController could not be found.
Exception Attributes: array (
  'class' => 'UploadController',
  'plugin' => NULL,
)
Request URL: /crowdf/upload/User/1/img/dyucjgciprbvyns_48x48.jpg
Stack Trace:
#0 D:\xampp7\htdocs\crowdf\app\webroot\index.php(86): Dispatcher->dispatch(Object(CakeRequest), Object(CakeResponse))
#1 {main}
2017-07-18 00:33:30 Error: [MissingActionException] Action AdminProjectsController::admin_admin() could not be found.
Exception Attributes: array (
  'controller' => 'AdminProjectsController',
  'action' => 'admin_admin',
)
Request URL: /crowdf/admin/admin_projects/admin/admin_projects/edit/1
Stack Trace:
#0 D:\xampp7\htdocs\crowdf\lib\Cake\Routing\Dispatcher.php(193): Controller->invokeAction(Object(CakeRequest))
#1 D:\xampp7\htdocs\crowdf\lib\Cake\Routing\Dispatcher.php(167): Dispatcher->_invoke(Object(AdminProjectsController), Object(CakeRequest))
#2 D:\xampp7\htdocs\crowdf\app\webroot\index.php(86): Dispatcher->dispatch(Object(CakeRequest), Object(CakeResponse))
#3 {main}
2017-07-18 00:33:30 Error: [MissingControllerException] Controller class UploadController could not be found.
Exception Attributes: array (
  'class' => 'UploadController',
  'plugin' => NULL,
)
Request URL: /crowdf/upload/User/1/img/dyucjgciprbvyns_48x48.jpg
Stack Trace:
#0 D:\xampp7\htdocs\crowdf\app\webroot\index.php(86): Dispatcher->dispatch(Object(CakeRequest), Object(CakeResponse))
#1 {main}
2017-07-18 00:56:02 Error: [BadRequestException] bad request
Request URL: /crowdf/admin/admin_project_contents/img_add/1/0
Stack Trace:
#0 [internal function]: AdminProjectContentsController->admin_img_add('1', '0')
#1 D:\xampp7\htdocs\crowdf\lib\Cake\Controller\Controller.php(491): ReflectionMethod->invokeArgs(Object(AdminProjectContentsController), Array)
#2 D:\xampp7\htdocs\crowdf\lib\Cake\Routing\Dispatcher.php(193): Controller->invokeAction(Object(CakeRequest))
#3 D:\xampp7\htdocs\crowdf\lib\Cake\Routing\Dispatcher.php(167): Dispatcher->_invoke(Object(AdminProjectContentsController), Object(CakeRequest))
#4 D:\xampp7\htdocs\crowdf\app\webroot\index.php(86): Dispatcher->dispatch(Object(CakeRequest), Object(CakeResponse))
#5 {main}
2017-07-18 01:29:05 Error: text/html, */*; q=0.01
2017-07-18 01:31:00 Error: [ParseError] syntax error, unexpected '='
Request URL: /crowdf/admin/admin_projects/edit/1
Stack Trace:
#0 [internal function]: App::load('AppController')
#1 D:\xampp7\htdocs\crowdf\app\Controller\AdminProjectsController.php(4): spl_autoload_call('AppController')
#2 D:\xampp7\htdocs\crowdf\lib\Cake\Core\App.php(567): include('D:\\xampp7\\htdoc...')
#3 [internal function]: App::load('AdminProjectsCo...')
#4 [internal function]: spl_autoload_call('AdminProjectsCo...')
#5 D:\xampp7\htdocs\crowdf\lib\Cake\Routing\Dispatcher.php(266): class_exists('AdminProjectsCo...')
#6 D:\xampp7\htdocs\crowdf\lib\Cake\Routing\Dispatcher.php(235): Dispatcher->_loadController(Object(CakeRequest))
#7 D:\xampp7\htdocs\crowdf\lib\Cake\Routing\Dispatcher.php(158): Dispatcher->_getController(Object(CakeRequest), Object(CakeResponse))
#8 D:\xampp7\htdocs\crowdf\app\webroot\index.php(86): Dispatcher->dispatch(Object(CakeRequest), Object(CakeResponse))
#9 {main}
2017-07-18 01:31:23 Error: [ParseError] syntax error, unexpected '='
Request URL: /crowdf/admin/admin_projects/edit/1
Stack Trace:
#0 [internal function]: App::load('AppController')
#1 D:\xampp7\htdocs\crowdf\app\Controller\AdminProjectsController.php(4): spl_autoload_call('AppController')
#2 D:\xampp7\htdocs\crowdf\lib\Cake\Core\App.php(567): include('D:\\xampp7\\htdoc...')
#3 [internal function]: App::load('AdminProjectsCo...')
#4 [internal function]: spl_autoload_call('AdminProjectsCo...')
#5 D:\xampp7\htdocs\crowdf\lib\Cake\Routing\Dispatcher.php(266): class_exists('AdminProjectsCo...')
#6 D:\xampp7\htdocs\crowdf\lib\Cake\Routing\Dispatcher.php(235): Dispatcher->_loadController(Object(CakeRequest))
#7 D:\xampp7\htdocs\crowdf\lib\Cake\Routing\Dispatcher.php(158): Dispatcher->_getController(Object(CakeRequest), Object(CakeResponse))
#8 D:\xampp7\htdocs\crowdf\app\webroot\index.php(86): Dispatcher->dispatch(Object(CakeRequest), Object(CakeResponse))
#9 {main}
2017-07-18 01:31:25 Error: [ParseError] syntax error, unexpected '='
Request URL: /crowdf/admin/admin_projects/edit/1
Stack Trace:
#0 [internal function]: App::load('AppController')
#1 D:\xampp7\htdocs\crowdf\app\Controller\AdminProjectsController.php(4): spl_autoload_call('AppController')
#2 D:\xampp7\htdocs\crowdf\lib\Cake\Core\App.php(567): include('D:\\xampp7\\htdoc...')
#3 [internal function]: App::load('AdminProjectsCo...')
#4 [internal function]: spl_autoload_call('AdminProjectsCo...')
#5 D:\xampp7\htdocs\crowdf\lib\Cake\Routing\Dispatcher.php(266): class_exists('AdminProjectsCo...')
#6 D:\xampp7\htdocs\crowdf\lib\Cake\Routing\Dispatcher.php(235): Dispatcher->_loadController(Object(CakeRequest))
#7 D:\xampp7\htdocs\crowdf\lib\Cake\Routing\Dispatcher.php(158): Dispatcher->_getController(Object(CakeRequest), Object(CakeResponse))
#8 D:\xampp7\htdocs\crowdf\app\webroot\index.php(86): Dispatcher->dispatch(Object(CakeRequest), Object(CakeResponse))
#9 {main}
2017-07-18 01:31:29 Error: [ParseError] syntax error, unexpected '='
Request URL: /crowdf/admin/admin_design/edit
Stack Trace:
#0 [internal function]: App::load('AppController')
#1 D:\xampp7\htdocs\crowdf\app\Controller\AdminDesignController.php(4): spl_autoload_call('AppController')
#2 D:\xampp7\htdocs\crowdf\lib\Cake\Core\App.php(567): include('D:\\xampp7\\htdoc...')
#3 [internal function]: App::load('AdminDesignCont...')
#4 [internal function]: spl_autoload_call('AdminDesignCont...')
#5 D:\xampp7\htdocs\crowdf\lib\Cake\Routing\Dispatcher.php(266): class_exists('AdminDesignCont...')
#6 D:\xampp7\htdocs\crowdf\lib\Cake\Routing\Dispatcher.php(235): Dispatcher->_loadController(Object(CakeRequest))
#7 D:\xampp7\htdocs\crowdf\lib\Cake\Routing\Dispatcher.php(158): Dispatcher->_getController(Object(CakeRequest), Object(CakeResponse))
#8 D:\xampp7\htdocs\crowdf\app\webroot\index.php(86): Dispatcher->dispatch(Object(CakeRequest), Object(CakeResponse))
#9 {main}
2017-07-18 01:31:35 Error: [ParseError] syntax error, unexpected '='
Request URL: /crowdf/projects
Stack Trace:
#0 [internal function]: App::load('AppController')
#1 D:\xampp7\htdocs\crowdf\app\Controller\ProjectsController.php(4): spl_autoload_call('AppController')
#2 D:\xampp7\htdocs\crowdf\lib\Cake\Core\App.php(567): include('D:\\xampp7\\htdoc...')
#3 [internal function]: App::load('ProjectsControl...')
#4 [internal function]: spl_autoload_call('ProjectsControl...')
#5 D:\xampp7\htdocs\crowdf\lib\Cake\Routing\Dispatcher.php(266): class_exists('ProjectsControl...')
#6 D:\xampp7\htdocs\crowdf\lib\Cake\Routing\Dispatcher.php(235): Dispatcher->_loadController(Object(CakeRequest))
#7 D:\xampp7\htdocs\crowdf\lib\Cake\Routing\Dispatcher.php(158): Dispatcher->_getController(Object(CakeRequest), Object(CakeResponse))
#8 D:\xampp7\htdocs\crowdf\app\webroot\index.php(86): Dispatcher->dispatch(Object(CakeRequest), Object(CakeResponse))
#9 {main}
2017-07-18 01:32:00 Error: [ParseError] syntax error, unexpected '='
Request URL: /crowdf/admin/admin_projects/edit_detail/1
Stack Trace:
#0 [internal function]: App::load('AppController')
#1 D:\xampp7\htdocs\crowdf\app\Controller\AdminProjectsController.php(4): spl_autoload_call('AppController')
#2 D:\xampp7\htdocs\crowdf\lib\Cake\Core\App.php(567): include('D:\\xampp7\\htdoc...')
#3 [internal function]: App::load('AdminProjectsCo...')
#4 [internal function]: spl_autoload_call('AdminProjectsCo...')
#5 D:\xampp7\htdocs\crowdf\lib\Cake\Routing\Dispatcher.php(266): class_exists('AdminProjectsCo...')
#6 D:\xampp7\htdocs\crowdf\lib\Cake\Routing\Dispatcher.php(235): Dispatcher->_loadController(Object(CakeRequest))
#7 D:\xampp7\htdocs\crowdf\lib\Cake\Routing\Dispatcher.php(158): Dispatcher->_getController(Object(CakeRequest), Object(CakeResponse))
#8 D:\xampp7\htdocs\crowdf\app\webroot\index.php(86): Dispatcher->dispatch(Object(CakeRequest), Object(CakeResponse))
#9 {main}
2017-07-18 01:34:05 Error: [ParseError] syntax error, unexpected '='
Request URL: /crowdf/admin
Stack Trace:
#0 [internal function]: App::load('AppController')
#1 D:\xampp7\htdocs\crowdf\app\Plugin\LogiAuth\Controller\LogiAuthAppController.php(4): spl_autoload_call('AppController')
#2 D:\xampp7\htdocs\crowdf\lib\Cake\Core\App.php(567): include('D:\\xampp7\\htdoc...')
#3 [internal function]: App::load('LogiAuthAppCont...')
#4 D:\xampp7\htdocs\crowdf\app\Plugin\LogiAuth\Controller\UsersController.php(5): spl_autoload_call('LogiAuthAppCont...')
#5 D:\xampp7\htdocs\crowdf\lib\Cake\Core\App.php(567): include('D:\\xampp7\\htdoc...')
#6 [internal function]: App::load('UsersController')
#7 [internal function]: spl_autoload_call('UsersController')
#8 D:\xampp7\htdocs\crowdf\lib\Cake\Routing\Dispatcher.php(266): class_exists('UsersController')
#9 D:\xampp7\htdocs\crowdf\lib\Cake\Routing\Dispatcher.php(235): Dispatcher->_loadController(Object(CakeRequest))
#10 D:\xampp7\htdocs\crowdf\lib\Cake\Routing\Dispatcher.php(158): Dispatcher->_getController(Object(CakeRequest), Object(CakeResponse))
#11 D:\xampp7\htdocs\crowdf\app\webroot\index.php(86): Dispatcher->dispatch(Object(CakeRequest), Object(CakeResponse))
#12 {main}
2017-07-18 01:34:16 Error: Fatal Error (16): Exception thrown without a stack frame in [Unknown, line 0]
2017-07-18 01:34:16 Error: [FatalErrorException] Exception thrown without a stack frame
Request URL: /crowdf/admin
Stack Trace:
#0 D:\xampp7\htdocs\crowdf\lib\Cake\Error\ErrorHandler.php(212): ErrorHandler::handleFatalError(16, 'Exception throw...', 'Unknown', 0)
#1 D:\xampp7\htdocs\crowdf\lib\Cake\Core\App.php(970): ErrorHandler::handleError(16, 'Exception throw...', 'Unknown', 0, Array)
#2 D:\xampp7\htdocs\crowdf\lib\Cake\Core\App.php(943): App::_checkFatalError()
#3 [internal function]: App::shutdown()
#4 {main}
2017-07-18 01:38:27 Error: application/json, text/javascript, */*; q=0.01
2017-07-18 01:38:59 Error: application/json, text/javascript, */*; q=0.01
2017-07-18 01:39:50 Error: application/json, text/javascript, */*; q=0.01
2017-07-18 01:40:13 Error: text/html, */*; q=0.01
2017-07-18 01:40:57 Error: text/html, */*; q=0.01
2017-07-18 01:41:05 Error: text/html, */*; q=0.01
2017-07-18 01:41:14 Error: application/json, text/javascript, */*; q=0.01
2017-07-18 02:06:52 Error: [Error] Call to undefined method AdminProjectsController::chkNgForDemo()
Request URL: /crowdf/admin/admin_projects/edit_detail/1
Stack Trace:
#0 D:\xampp7\htdocs\crowdf\app\Controller\AppController.php(53): AppController->_forDemo()
#1 D:\xampp7\htdocs\crowdf\app\Controller\AdminProjectsController.php(10): AppController->beforeFilter()
#2 D:\xampp7\htdocs\crowdf\lib\Cake\Event\CakeEventManager.php(243): AdminProjectsController->beforeFilter(Object(CakeEvent))
#3 D:\xampp7\htdocs\crowdf\lib\Cake\Controller\Controller.php(677): CakeEventManager->dispatch(Object(CakeEvent))
#4 D:\xampp7\htdocs\crowdf\lib\Cake\Routing\Dispatcher.php(189): Controller->startupProcess()
#5 D:\xampp7\htdocs\crowdf\lib\Cake\Routing\Dispatcher.php(167): Dispatcher->_invoke(Object(AdminProjectsController), Object(CakeRequest))
#6 D:\xampp7\htdocs\crowdf\app\webroot\index.php(86): Dispatcher->dispatch(Object(CakeRequest), Object(CakeResponse))
#7 {main}
2017-07-18 02:06:55 Error: Fatal Error (1): Uncaught Error: Call to undefined method CakeErrorController::chkNgForDemo() in D:\xampp7\htdocs\crowdf\app\Controller\AppController.php:75
Stack trace:
#0 D:\xampp7\htdocs\crowdf\app\Controller\AppController.php(53): AppController->_forDemo()
#1 D:\xampp7\htdocs\crowdf\lib\Cake\Event\CakeEventManager.php(243): AppController->beforeFilter(Object(CakeEvent))
#2 D:\xampp7\htdocs\crowdf\lib\Cake\Controller\Controller.php(677): CakeEventManager->dispatch(Object(CakeEvent))
#3 D:\xampp7\htdocs\crowdf\lib\Cake\Error\ExceptionRenderer.php(158): Controller->startupProcess()
#4 D:\xampp7\htdocs\crowdf\lib\Cake\Error\ExceptionRenderer.php(95): ExceptionRenderer->_getController(Object(Error))
#5 D:\xampp7\htdocs\crowdf\lib\Cake\Error\ErrorHandler.php(126): ExceptionRenderer->__construct(Object(Error))
#6 [internal function]: ErrorHandler::handleException(Object(Error))
#7 {main}
  thrown in [D:\xampp7\htdocs\crowdf\app\Controller\AppController.php, line 75]
2017-07-18 02:06:55 Error: [FatalErrorException] Uncaught Error: Call to undefined method CakeErrorController::chkNgForDemo() in D:\xampp7\htdocs\crowdf\app\Controller\AppController.php:75
Stack trace:
#0 D:\xampp7\htdocs\crowdf\app\Controller\AppController.php(53): AppController->_forDemo()
#1 D:\xampp7\htdocs\crowdf\lib\Cake\Event\CakeEventManager.php(243): AppController->beforeFilter(Object(CakeEvent))
#2 D:\xampp7\htdocs\crowdf\lib\Cake\Controller\Controller.php(677): CakeEventManager->dispatch(Object(CakeEvent))
#3 D:\xampp7\htdocs\crowdf\lib\Cake\Error\ExceptionRenderer.php(158): Controller->startupProcess()
#4 D:\xampp7\htdocs\crowdf\lib\Cake\Error\ExceptionRenderer.php(95): ExceptionRenderer->_getController(Object(Error))
#5 D:\xampp7\htdocs\crowdf\lib\Cake\Error\ErrorHandler.php(126): ExceptionRenderer->__construct(Object(Error))
#6 [internal function]: ErrorHandler::handleException(Object(Error))
#7 {main}
  thrown
Request URL: /crowdf/admin/admin_projects/edit_detail/1
Stack Trace:
#0 D:\xampp7\htdocs\crowdf\lib\Cake\Error\ErrorHandler.php(212): ErrorHandler::handleFatalError(1, 'Uncaught Error:...', 'D:\\xampp7\\htdoc...', 75)
#1 D:\xampp7\htdocs\crowdf\lib\Cake\Core\App.php(970): ErrorHandler::handleError(1, 'Uncaught Error:...', 'D:\\xampp7\\htdoc...', 75, Array)
#2 D:\xampp7\htdocs\crowdf\lib\Cake\Core\App.php(943): App::_checkFatalError()
#3 [internal function]: App::shutdown()
#4 {main}
2017-07-18 02:17:05 Error: [MissingControllerException] Controller class UploadController could not be found.
Exception Attributes: array (
  'class' => 'UploadController',
  'plugin' => NULL,
)
Request URL: /crowdf/upload/User/1/img/dyucjgciprbvyns.jpg
Stack Trace:
#0 D:\xampp7\htdocs\crowdf\app\webroot\index.php(86): Dispatcher->dispatch(Object(CakeRequest), Object(CakeResponse))
#1 {main}
2017-07-18 02:17:06 Error: [MissingControllerException] Controller class UploadController could not be found.
Exception Attributes: array (
  'class' => 'UploadController',
  'plugin' => NULL,
)
Request URL: /crowdf/upload/User/1/img/dyucjgciprbvyns_48x48.jpg
Stack Trace:
#0 D:\xampp7\htdocs\crowdf\app\webroot\index.php(86): Dispatcher->dispatch(Object(CakeRequest), Object(CakeResponse))
#1 {main}
2017-07-18 02:28:18 Error: error : send_mail
2017-07-18 02:28:18 Error: Could not send email: unknown
2017-07-18 02:47:49 Error: [MissingControllerException] Controller class UploadController could not be found.
Exception Attributes: array (
  'class' => 'UploadController',
  'plugin' => NULL,
)
Request URL: /crowdf/upload/User/1/img/dyucjgciprbvyns.jpg
Stack Trace:
#0 D:\xampp7\htdocs\crowdf\app\webroot\index.php(86): Dispatcher->dispatch(Object(CakeRequest), Object(CakeResponse))
#1 {main}
2017-07-18 02:47:49 Error: [MissingControllerException] Controller class UploadController could not be found.
Exception Attributes: array (
  'class' => 'UploadController',
  'plugin' => NULL,
)
Request URL: /crowdf/upload/User/1/img/dyucjgciprbvyns_48x48.jpg
Stack Trace:
#0 D:\xampp7\htdocs\crowdf\app\webroot\index.php(86): Dispatcher->dispatch(Object(CakeRequest), Object(CakeResponse))
#1 {main}
2017-07-18 02:47:51 Error: [MissingControllerException] Controller class UploadController could not be found.
Exception Attributes: array (
  'class' => 'UploadController',
  'plugin' => NULL,
)
Request URL: /crowdf/upload/User/1/img/dyucjgciprbvyns.jpg
Stack Trace:
#0 D:\xampp7\htdocs\crowdf\app\webroot\index.php(86): Dispatcher->dispatch(Object(CakeRequest), Object(CakeResponse))
#1 {main}
2017-07-18 02:47:51 Error: [MissingControllerException] Controller class UploadController could not be found.
Exception Attributes: array (
  'class' => 'UploadController',
  'plugin' => NULL,
)
Request URL: /crowdf/upload/User/1/img/dyucjgciprbvyns_48x48.jpg
Stack Trace:
#0 D:\xampp7\htdocs\crowdf\app\webroot\index.php(86): Dispatcher->dispatch(Object(CakeRequest), Object(CakeResponse))
#1 {main}
2017-07-18 02:47:54 Error: [MissingControllerException] Controller class UploadController could not be found.
Exception Attributes: array (
  'class' => 'UploadController',
  'plugin' => NULL,
)
Request URL: /crowdf/upload/User/1/img/dyucjgciprbvyns.jpg
Stack Trace:
#0 D:\xampp7\htdocs\crowdf\app\webroot\index.php(86): Dispatcher->dispatch(Object(CakeRequest), Object(CakeResponse))
#1 {main}
2017-07-18 02:47:54 Error: [MissingControllerException] Controller class UploadController could not be found.
Exception Attributes: array (
  'class' => 'UploadController',
  'plugin' => NULL,
)
Request URL: /crowdf/upload/User/1/img/dyucjgciprbvyns_48x48.jpg
Stack Trace:
#0 D:\xampp7\htdocs\crowdf\app\webroot\index.php(86): Dispatcher->dispatch(Object(CakeRequest), Object(CakeResponse))
#1 {main}
2017-07-18 02:47:58 Error: [MissingControllerException] Controller class UploadController could not be found.
Exception Attributes: array (
  'class' => 'UploadController',
  'plugin' => NULL,
)
Request URL: /crowdf/upload/User/1/img/dyucjgciprbvyns.jpg
Stack Trace:
#0 D:\xampp7\htdocs\crowdf\app\webroot\index.php(86): Dispatcher->dispatch(Object(CakeRequest), Object(CakeResponse))
#1 {main}
2017-07-18 02:47:58 Error: [MissingControllerException] Controller class UploadController could not be found.
Exception Attributes: array (
  'class' => 'UploadController',
  'plugin' => NULL,
)
Request URL: /crowdf/upload/User/1/img/dyucjgciprbvyns_48x48.jpg
Stack Trace:
#0 D:\xampp7\htdocs\crowdf\app\webroot\index.php(86): Dispatcher->dispatch(Object(CakeRequest), Object(CakeResponse))
#1 {main}
2017-07-18 07:43:26 Error: [MissingControllerException] Controller class UploadController could not be found.
Exception Attributes: array (
  'class' => 'UploadController',
  'plugin' => NULL,
)
Request URL: /crowdf/upload/User/1/img/dyucjgciprbvyns.jpg
Stack Trace:
#0 D:\xampp7\htdocs\crowdf\app\webroot\index.php(86): Dispatcher->dispatch(Object(CakeRequest), Object(CakeResponse))
#1 {main}
2017-07-18 07:43:26 Error: [MissingControllerException] Controller class UploadController could not be found.
Exception Attributes: array (
  'class' => 'UploadController',
  'plugin' => NULL,
)
Request URL: /crowdf/upload/User/1/img/dyucjgciprbvyns_48x48.jpg
Stack Trace:
#0 D:\xampp7\htdocs\crowdf\app\webroot\index.php(86): Dispatcher->dispatch(Object(CakeRequest), Object(CakeResponse))
#1 {main}
2017-07-18 07:43:29 Error: [MissingControllerException] Controller class UploadController could not be found.
Exception Attributes: array (
  'class' => 'UploadController',
  'plugin' => NULL,
)
Request URL: /crowdf/upload/User/1/img/dyucjgciprbvyns.jpg
Stack Trace:
#0 D:\xampp7\htdocs\crowdf\app\webroot\index.php(86): Dispatcher->dispatch(Object(CakeRequest), Object(CakeResponse))
#1 {main}
2017-07-18 07:43:29 Error: [MissingControllerException] Controller class UploadController could not be found.
Exception Attributes: array (
  'class' => 'UploadController',
  'plugin' => NULL,
)
Request URL: /crowdf/upload/User/1/img/dyucjgciprbvyns_48x48.jpg
Stack Trace:
#0 D:\xampp7\htdocs\crowdf\app\webroot\index.php(86): Dispatcher->dispatch(Object(CakeRequest), Object(CakeResponse))
#1 {main}
2017-07-18 07:43:37 Error: [MissingControllerException] Controller class UploadController could not be found.
Exception Attributes: array (
  'class' => 'UploadController',
  'plugin' => NULL,
)
Request URL: /crowdf/upload/User/1/img/dyucjgciprbvyns.jpg
Stack Trace:
#0 D:\xampp7\htdocs\crowdf\app\webroot\index.php(86): Dispatcher->dispatch(Object(CakeRequest), Object(CakeResponse))
#1 {main}
2017-07-18 07:43:37 Error: [MissingControllerException] Controller class UploadController could not be found.
Exception Attributes: array (
  'class' => 'UploadController',
  'plugin' => NULL,
)
Request URL: /crowdf/upload/User/1/img/dyucjgciprbvyns_48x48.jpg
Stack Trace:
#0 D:\xampp7\htdocs\crowdf\app\webroot\index.php(86): Dispatcher->dispatch(Object(CakeRequest), Object(CakeResponse))
#1 {main}
2017-07-18 07:43:39 Error: [MissingControllerException] Controller class UploadController could not be found.
Exception Attributes: array (
  'class' => 'UploadController',
  'plugin' => NULL,
)
Request URL: /crowdf/upload/User/1/img/dyucjgciprbvyns.jpg
Stack Trace:
#0 D:\xampp7\htdocs\crowdf\app\webroot\index.php(86): Dispatcher->dispatch(Object(CakeRequest), Object(CakeResponse))
#1 {main}
2017-07-18 07:43:39 Error: [MissingControllerException] Controller class UploadController could not be found.
Exception Attributes: array (
  'class' => 'UploadController',
  'plugin' => NULL,
)
Request URL: /crowdf/upload/User/1/img/dyucjgciprbvyns_48x48.jpg
Stack Trace:
#0 D:\xampp7\htdocs\crowdf\app\webroot\index.php(86): Dispatcher->dispatch(Object(CakeRequest), Object(CakeResponse))
#1 {main}
2017-07-18 15:11:49 Error: [MissingControllerException] Controller class UploadController could not be found.
Exception Attributes: array (
  'class' => 'UploadController',
  'plugin' => NULL,
)
Request URL: /crowdf/upload/User/1/img/dyucjgciprbvyns.jpg
Stack Trace:
#0 D:\xampp7\htdocs\crowdf\app\webroot\index.php(86): Dispatcher->dispatch(Object(CakeRequest), Object(CakeResponse))
#1 {main}
2017-07-18 15:11:50 Error: [MissingControllerException] Controller class UploadController could not be found.
Exception Attributes: array (
  'class' => 'UploadController',
  'plugin' => NULL,
)
Request URL: /crowdf/upload/User/1/img/dyucjgciprbvyns_48x48.jpg
Stack Trace:
#0 D:\xampp7\htdocs\crowdf\app\webroot\index.php(86): Dispatcher->dispatch(Object(CakeRequest), Object(CakeResponse))
#1 {main}
2017-07-18 15:11:52 Error: [MissingControllerException] Controller class UploadController could not be found.
Exception Attributes: array (
  'class' => 'UploadController',
  'plugin' => NULL,
)
Request URL: /crowdf/upload/User/1/img/dyucjgciprbvyns.jpg
Stack Trace:
#0 D:\xampp7\htdocs\crowdf\app\webroot\index.php(86): Dispatcher->dispatch(Object(CakeRequest), Object(CakeResponse))
#1 {main}
2017-07-18 15:11:52 Error: [MissingControllerException] Controller class UploadController could not be found.
Exception Attributes: array (
  'class' => 'UploadController',
  'plugin' => NULL,
)
Request URL: /crowdf/upload/User/1/img/dyucjgciprbvyns_48x48.jpg
Stack Trace:
#0 D:\xampp7\htdocs\crowdf\app\webroot\index.php(86): Dispatcher->dispatch(Object(CakeRequest), Object(CakeResponse))
#1 {main}
2017-08-08 11:00:16 Error: [MissingConnectionException] Database connection "Mysql" is missing, or could not be created.
Exception Attributes: array (
  'class' => 'Mysql',
  'message' => 'SQLSTATE[HY000] [1049] Unknown database \'fundee_demo_aon\'',
  'enabled' => true,
)
Request URL: /crowdf/admin
Stack Trace:
#0 D:\xampp7\htdocs\crowdf\lib\Cake\Model\Datasource\DboSource.php(269): Mysql->connect()
#1 D:\xampp7\htdocs\crowdf\lib\Cake\Model\ConnectionManager.php(105): DboSource->__construct(Array)
#2 D:\xampp7\htdocs\crowdf\lib\Cake\Model\Model.php(3640): ConnectionManager::getDataSource('default')
#3 D:\xampp7\htdocs\crowdf\lib\Cake\Model\Model.php(1162): Model->setDataSource('default')
#4 D:\xampp7\htdocs\crowdf\lib\Cake\Model\Model.php(3667): Model->setSource('settings')
#5 D:\xampp7\htdocs\crowdf\lib\Cake\Model\Model.php(3038): Model->getDataSource()
#6 D:\xampp7\htdocs\crowdf\lib\Cake\Model\Model.php(3010): Model->_readDataSource('first', Array)
#7 D:\xampp7\htdocs\crowdf\app\Controller\AppController.php(117): Model->find('first')
#8 D:\xampp7\htdocs\crowdf\app\Controller\AppController.php(29): AppController->setting()
#9 D:\xampp7\htdocs\crowdf\app\Plugin\LogiAuth\Controller\UsersController.php(11): AppController->beforeFilter()
#10 D:\xampp7\htdocs\crowdf\lib\Cake\Event\CakeEventManager.php(243): UsersController->beforeFilter(Object(CakeEvent))
#11 D:\xampp7\htdocs\crowdf\lib\Cake\Controller\Controller.php(677): CakeEventManager->dispatch(Object(CakeEvent))
#12 D:\xampp7\htdocs\crowdf\lib\Cake\Routing\Dispatcher.php(189): Controller->startupProcess()
#13 D:\xampp7\htdocs\crowdf\lib\Cake\Routing\Dispatcher.php(167): Dispatcher->_invoke(Object(UsersController), Object(CakeRequest))
#14 D:\xampp7\htdocs\crowdf\app\webroot\index.php(86): Dispatcher->dispatch(Object(CakeRequest), Object(CakeResponse))
#15 {main}
2017-08-24 14:13:54 Error: [MissingConnectionException] Database connection "Mysql" is missing, or could not be created.
Exception Attributes: array (
  'class' => 'Mysql',
  'message' => 'SQLSTATE[HY000] [1049] Unknown database \'fundee_demo_aon\'',
  'enabled' => true,
)
Request URL: /crowdf/
Stack Trace:
#0 D:\xampp7\htdocs\crowdf\lib\Cake\Model\Datasource\DboSource.php(269): Mysql->connect()
#1 D:\xampp7\htdocs\crowdf\lib\Cake\Model\ConnectionManager.php(105): DboSource->__construct(Array)
#2 D:\xampp7\htdocs\crowdf\lib\Cake\Model\Model.php(3640): ConnectionManager::getDataSource('default')
#3 D:\xampp7\htdocs\crowdf\lib\Cake\Model\Model.php(1162): Model->setDataSource('default')
#4 D:\xampp7\htdocs\crowdf\lib\Cake\Model\Model.php(3667): Model->setSource('settings')
#5 D:\xampp7\htdocs\crowdf\lib\Cake\Model\Model.php(3038): Model->getDataSource()
#6 D:\xampp7\htdocs\crowdf\lib\Cake\Model\Model.php(3010): Model->_readDataSource('first', Array)
#7 D:\xampp7\htdocs\crowdf\app\Controller\AppController.php(117): Model->find('first')
#8 D:\xampp7\htdocs\crowdf\app\Controller\AppController.php(29): AppController->setting()
#9 D:\xampp7\htdocs\crowdf\app\Controller\BaseController.php(12): AppController->beforeFilter()
#10 D:\xampp7\htdocs\crowdf\lib\Cake\Event\CakeEventManager.php(243): BaseController->beforeFilter(Object(CakeEvent))
#11 D:\xampp7\htdocs\crowdf\lib\Cake\Controller\Controller.php(677): CakeEventManager->dispatch(Object(CakeEvent))
#12 D:\xampp7\htdocs\crowdf\lib\Cake\Routing\Dispatcher.php(189): Controller->startupProcess()
#13 D:\xampp7\htdocs\crowdf\lib\Cake\Routing\Dispatcher.php(167): Dispatcher->_invoke(Object(BaseController), Object(CakeRequest))
#14 D:\xampp7\htdocs\crowdf\app\webroot\index.php(86): Dispatcher->dispatch(Object(CakeRequest), Object(CakeResponse))
#15 {main}
2017-08-24 14:14:04 Error: [MissingConnectionException] Database connection "Mysql" is missing, or could not be created.
Exception Attributes: array (
  'class' => 'Mysql',
  'message' => 'SQLSTATE[HY000] [1049] Unknown database \'fundee_demo_aon\'',
  'enabled' => true,
)
Request URL: /crowdf/
Stack Trace:
#0 D:\xampp7\htdocs\crowdf\lib\Cake\Model\Datasource\DboSource.php(269): Mysql->connect()
#1 D:\xampp7\htdocs\crowdf\lib\Cake\Model\ConnectionManager.php(105): DboSource->__construct(Array)
#2 D:\xampp7\htdocs\crowdf\lib\Cake\Model\Model.php(3640): ConnectionManager::getDataSource('default')
#3 D:\xampp7\htdocs\crowdf\lib\Cake\Model\Model.php(1162): Model->setDataSource('default')
#4 D:\xampp7\htdocs\crowdf\lib\Cake\Model\Model.php(3667): Model->setSource('settings')
#5 D:\xampp7\htdocs\crowdf\lib\Cake\Model\Model.php(3038): Model->getDataSource()
#6 D:\xampp7\htdocs\crowdf\lib\Cake\Model\Model.php(3010): Model->_readDataSource('first', Array)
#7 D:\xampp7\htdocs\crowdf\app\Controller\AppController.php(117): Model->find('first')
#8 D:\xampp7\htdocs\crowdf\app\Controller\AppController.php(29): AppController->setting()
#9 D:\xampp7\htdocs\crowdf\app\Controller\BaseController.php(12): AppController->beforeFilter()
#10 D:\xampp7\htdocs\crowdf\lib\Cake\Event\CakeEventManager.php(243): BaseController->beforeFilter(Object(CakeEvent))
#11 D:\xampp7\htdocs\crowdf\lib\Cake\Controller\Controller.php(677): CakeEventManager->dispatch(Object(CakeEvent))
#12 D:\xampp7\htdocs\crowdf\lib\Cake\Routing\Dispatcher.php(189): Controller->startupProcess()
#13 D:\xampp7\htdocs\crowdf\lib\Cake\Routing\Dispatcher.php(167): Dispatcher->_invoke(Object(BaseController), Object(CakeRequest))
#14 D:\xampp7\htdocs\crowdf\app\webroot\index.php(86): Dispatcher->dispatch(Object(CakeRequest), Object(CakeResponse))
#15 {main}
2017-08-24 14:14:44 Error: [MissingConnectionException] Database connection "Mysql" is missing, or could not be created.
Exception Attributes: array (
  'class' => 'Mysql',
  'message' => 'SQLSTATE[HY000] [1049] Unknown database \'fundee_demo_aon\'',
  'enabled' => true,
)
Request URL: /crowdf/
Stack Trace:
#0 D:\xampp7\htdocs\crowdf\lib\Cake\Model\Datasource\DboSource.php(269): Mysql->connect()
#1 D:\xampp7\htdocs\crowdf\lib\Cake\Model\ConnectionManager.php(105): DboSource->__construct(Array)
#2 D:\xampp7\htdocs\crowdf\lib\Cake\Model\Model.php(3640): ConnectionManager::getDataSource('default')
#3 D:\xampp7\htdocs\crowdf\lib\Cake\Model\Model.php(1162): Model->setDataSource('default')
#4 D:\xampp7\htdocs\crowdf\lib\Cake\Model\Model.php(3667): Model->setSource('settings')
#5 D:\xampp7\htdocs\crowdf\lib\Cake\Model\Model.php(3038): Model->getDataSource()
#6 D:\xampp7\htdocs\crowdf\lib\Cake\Model\Model.php(3010): Model->_readDataSource('first', Array)
#7 D:\xampp7\htdocs\crowdf\app\Controller\AppController.php(117): Model->find('first')
#8 D:\xampp7\htdocs\crowdf\app\Controller\AppController.php(29): AppController->setting()
#9 D:\xampp7\htdocs\crowdf\app\Controller\BaseController.php(12): AppController->beforeFilter()
#10 D:\xampp7\htdocs\crowdf\lib\Cake\Event\CakeEventManager.php(243): BaseController->beforeFilter(Object(CakeEvent))
#11 D:\xampp7\htdocs\crowdf\lib\Cake\Controller\Controller.php(677): CakeEventManager->dispatch(Object(CakeEvent))
#12 D:\xampp7\htdocs\crowdf\lib\Cake\Routing\Dispatcher.php(189): Controller->startupProcess()
#13 D:\xampp7\htdocs\crowdf\lib\Cake\Routing\Dispatcher.php(167): Dispatcher->_invoke(Object(BaseController), Object(CakeRequest))
#14 D:\xampp7\htdocs\crowdf\app\webroot\index.php(86): Dispatcher->dispatch(Object(CakeRequest), Object(CakeResponse))
#15 {main}
2017-08-24 14:16:20 Error: [MissingControllerException] Controller class UploadController could not be found.
Exception Attributes: array (
  'class' => 'UploadController',
  'plugin' => NULL,
)
Request URL: /crowdf/upload/User/1/img/dyucjgciprbvyns_48x48.jpg
Stack Trace:
#0 D:\xampp7\htdocs\crowdf\app\webroot\index.php(86): Dispatcher->dispatch(Object(CakeRequest), Object(CakeResponse))
#1 {main}
2017-08-24 14:16:20 Error: [MissingControllerException] Controller class UploadController could not be found.
Exception Attributes: array (
  'class' => 'UploadController',
  'plugin' => NULL,
)
Request URL: /crowdf/upload/User/1/img/dyucjgciprbvyns.jpg
Stack Trace:
#0 D:\xampp7\htdocs\crowdf\app\webroot\index.php(86): Dispatcher->dispatch(Object(CakeRequest), Object(CakeResponse))
#1 {main}
2017-08-24 16:04:20 Error: [MissingControllerException] Controller class TestController could not be found.
Exception Attributes: array (
  'class' => 'TestController',
  'plugin' => NULL,
)
Request URL: /crowdf/test
Stack Trace:
#0 D:\xampp7\htdocs\crowdf\app\webroot\index.php(86): Dispatcher->dispatch(Object(CakeRequest), Object(CakeResponse))
#1 {main}
2017-08-24 16:04:24 Error: [MissingActionException] Action AppController::webroot() could not be found.
Exception Attributes: array (
  'controller' => 'AppController',
  'action' => 'webroot',
)
Request URL: /crowdf/app/webroot/css/cake.generic.css
Stack Trace:
#0 D:\xampp7\htdocs\crowdf\lib\Cake\Routing\Dispatcher.php(193): Controller->invokeAction(Object(CakeRequest))
#1 D:\xampp7\htdocs\crowdf\lib\Cake\Routing\Dispatcher.php(167): Dispatcher->_invoke(Object(AppController), Object(CakeRequest))
#2 D:\xampp7\htdocs\crowdf\app\webroot\index.php(86): Dispatcher->dispatch(Object(CakeRequest), Object(CakeResponse))
#3 {main}
2017-08-24 16:04:25 Error: [MissingActionException] Action AppController::webroot() could not be found.
Exception Attributes: array (
  'controller' => 'AppController',
  'action' => 'webroot',
)
Request URL: /crowdf/app/webroot/img/cake.power.gif
Stack Trace:
#0 D:\xampp7\htdocs\crowdf\lib\Cake\Routing\Dispatcher.php(193): Controller->invokeAction(Object(CakeRequest))
#1 D:\xampp7\htdocs\crowdf\lib\Cake\Routing\Dispatcher.php(167): Dispatcher->_invoke(Object(AppController), Object(CakeRequest))
#2 D:\xampp7\htdocs\crowdf\app\webroot\index.php(86): Dispatcher->dispatch(Object(CakeRequest), Object(CakeResponse))
#3 {main}
2017-08-24 21:12:31 Error: [BadRequestException] bad request
Request URL: /crowdf/report_contents/img_add/1/0
Stack Trace:
#0 [internal function]: ReportContentsController->img_add('1', '0')
#1 D:\xampp7\htdocs\crowdf\lib\Cake\Controller\Controller.php(491): ReflectionMethod->invokeArgs(Object(ReportContentsController), Array)
#2 D:\xampp7\htdocs\crowdf\lib\Cake\Routing\Dispatcher.php(193): Controller->invokeAction(Object(CakeRequest))
#3 D:\xampp7\htdocs\crowdf\lib\Cake\Routing\Dispatcher.php(167): Dispatcher->_invoke(Object(ReportContentsController), Object(CakeRequest))
#4 D:\xampp7\htdocs\crowdf\app\webroot\index.php(86): Dispatcher->dispatch(Object(CakeRequest), Object(CakeResponse))
#5 {main}
2017-08-24 21:12:44 Error: [BadRequestException] bad request
Request URL: /crowdf/report_contents/img_add/1/0
Stack Trace:
#0 [internal function]: ReportContentsController->img_add('1', '0')
#1 D:\xampp7\htdocs\crowdf\lib\Cake\Controller\Controller.php(491): ReflectionMethod->invokeArgs(Object(ReportContentsController), Array)
#2 D:\xampp7\htdocs\crowdf\lib\Cake\Routing\Dispatcher.php(193): Controller->invokeAction(Object(CakeRequest))
#3 D:\xampp7\htdocs\crowdf\lib\Cake\Routing\Dispatcher.php(167): Dispatcher->_invoke(Object(ReportContentsController), Object(CakeRequest))
#4 D:\xampp7\htdocs\crowdf\app\webroot\index.php(86): Dispatcher->dispatch(Object(CakeRequest), Object(CakeResponse))
#5 {main}
2017-08-24 21:14:47 Error: [MissingControllerException] Controller class JsController could not be found.
Exception Attributes: array (
  'class' => 'JsController',
  'plugin' => NULL,
)
Request URL: /crowdf/js/movie_resize.js
Stack Trace:
#0 D:\xampp7\htdocs\crowdf\app\webroot\index.php(86): Dispatcher->dispatch(Object(CakeRequest), Object(CakeResponse))
#1 {main}
2017-08-24 21:14:56 Error: [MissingControllerException] Controller class UploadController could not be found.
Exception Attributes: array (
  'class' => 'UploadController',
  'plugin' => NULL,
)
Request URL: /crowdf/upload/Project/1/pic/wbeqzakbguccxiq_1200x800.jpg
Stack Trace:
#0 D:\xampp7\htdocs\crowdf\app\webroot\index.php(86): Dispatcher->dispatch(Object(CakeRequest), Object(CakeResponse))
#1 {main}
2017-08-24 21:14:56 Error: [MissingControllerException] Controller class UploadController could not be found.
Exception Attributes: array (
  'class' => 'UploadController',
  'plugin' => NULL,
)
Request URL: /crowdf/upload/ProjectContent/2/img/loxwiuusobolwsd_1200x.jpg
Stack Trace:
#0 D:\xampp7\htdocs\crowdf\app\webroot\index.php(86): Dispatcher->dispatch(Object(CakeRequest), Object(CakeResponse))
#1 {main}
2017-08-24 21:14:56 Error: [MissingControllerException] Controller class UploadController could not be found.
Exception Attributes: array (
  'class' => 'UploadController',
  'plugin' => NULL,
)
Request URL: /crowdf/upload/ProjectContent/4/img/ohfheanxucbyrz_1200x.jpg
Stack Trace:
#0 D:\xampp7\htdocs\crowdf\app\webroot\index.php(86): Dispatcher->dispatch(Object(CakeRequest), Object(CakeResponse))
#1 {main}
2017-08-24 21:15:06 Error: [MissingControllerException] Controller class JsController could not be found.
Exception Attributes: array (
  'class' => 'JsController',
  'plugin' => NULL,
)
Request URL: /crowdf/js/movie_resize.js
Stack Trace:
#0 D:\xampp7\htdocs\crowdf\app\webroot\index.php(86): Dispatcher->dispatch(Object(CakeRequest), Object(CakeResponse))
#1 {main}
2017-08-24 21:15:26 Error: [MissingControllerException] Controller class UploadController could not be found.
Exception Attributes: array (
  'class' => 'UploadController',
  'plugin' => NULL,
)
Request URL: /crowdf/upload/Project/1/pic/wbeqzakbguccxiq_1200x800.jpg
Stack Trace:
#0 D:\xampp7\htdocs\crowdf\app\webroot\index.php(86): Dispatcher->dispatch(Object(CakeRequest), Object(CakeResponse))
#1 {main}
2017-08-24 21:15:26 Error: [MissingControllerException] Controller class UploadController could not be found.
Exception Attributes: array (
  'class' => 'UploadController',
  'plugin' => NULL,
)
Request URL: /crowdf/upload/ProjectContent/4/img/ohfheanxucbyrz_1200x.jpg
Stack Trace:
#0 D:\xampp7\htdocs\crowdf\app\webroot\index.php(86): Dispatcher->dispatch(Object(CakeRequest), Object(CakeResponse))
#1 {main}
2017-08-24 21:15:26 Error: [MissingControllerException] Controller class UploadController could not be found.
Exception Attributes: array (
  'class' => 'UploadController',
  'plugin' => NULL,
)
Request URL: /crowdf/upload/ProjectContent/2/img/loxwiuusobolwsd_1200x.jpg
Stack Trace:
#0 D:\xampp7\htdocs\crowdf\app\webroot\index.php(86): Dispatcher->dispatch(Object(CakeRequest), Object(CakeResponse))
#1 {main}
2017-08-24 21:15:42 Error: [MissingControllerException] Controller class JsController could not be found.
Exception Attributes: array (
  'class' => 'JsController',
  'plugin' => NULL,
)
Request URL: /crowdf/js/movie_resize.js
Stack Trace:
#0 D:\xampp7\htdocs\crowdf\app\webroot\index.php(86): Dispatcher->dispatch(Object(CakeRequest), Object(CakeResponse))
#1 {main}
2017-08-24 21:16:35 Error: [MissingControllerException] Controller class JsController could not be found.
Exception Attributes: array (
  'class' => 'JsController',
  'plugin' => NULL,
)
Request URL: /crowdf/js/movie_resize.js
Stack Trace:
#0 D:\xampp7\htdocs\crowdf\app\webroot\index.php(86): Dispatcher->dispatch(Object(CakeRequest), Object(CakeResponse))
#1 {main}
2017-08-24 21:17:19 Error: [MissingControllerException] Controller class JsController could not be found.
Exception Attributes: array (
  'class' => 'JsController',
  'plugin' => NULL,
)
Request URL: /crowdf/js/movie_resize.js
Stack Trace:
#0 D:\xampp7\htdocs\crowdf\app\webroot\index.php(86): Dispatcher->dispatch(Object(CakeRequest), Object(CakeResponse))
#1 {main}
2017-08-24 21:18:27 Error: [MissingControllerException] Controller class UploadController could not be found.
Exception Attributes: array (
  'class' => 'UploadController',
  'plugin' => NULL,
)
Request URL: /crowdf/upload/Project/3/pic/cwxgiiewiryhuo_1200x800.jpg
Stack Trace:
#0 D:\xampp7\htdocs\crowdf\app\webroot\index.php(86): Dispatcher->dispatch(Object(CakeRequest), Object(CakeResponse))
#1 {main}
2017-08-24 21:18:36 Error: [MissingControllerException] Controller class JsController could not be found.
Exception Attributes: array (
  'class' => 'JsController',
  'plugin' => NULL,
)
Request URL: /crowdf/js/movie_resize.js
Stack Trace:
#0 D:\xampp7\htdocs\crowdf\app\webroot\index.php(86): Dispatcher->dispatch(Object(CakeRequest), Object(CakeResponse))
#1 {main}
2017-08-24 21:21:44 Error: [MissingControllerException] Controller class UploadController could not be found.
Exception Attributes: array (
  'class' => 'UploadController',
  'plugin' => NULL,
)
Request URL: /crowdf/upload/Project/3/pic/cwxgiiewiryhuo_1200x800.jpg
Stack Trace:
#0 D:\xampp7\htdocs\crowdf\app\webroot\index.php(86): Dispatcher->dispatch(Object(CakeRequest), Object(CakeResponse))
#1 {main}
2017-08-24 21:23:32 Error: [MissingControllerException] Controller class JsController could not be found.
Exception Attributes: array (
  'class' => 'JsController',
  'plugin' => NULL,
)
Request URL: /crowdf/js/movie_resize.js
Stack Trace:
#0 D:\xampp7\htdocs\crowdf\app\webroot\index.php(86): Dispatcher->dispatch(Object(CakeRequest), Object(CakeResponse))
#1 {main}
2017-08-24 21:24:27 Error: [MissingControllerException] Controller class JsController could not be found.
Exception Attributes: array (
  'class' => 'JsController',
  'plugin' => NULL,
)
Request URL: /crowdf/js/movie_resize.js
Stack Trace:
#0 D:\xampp7\htdocs\crowdf\app\webroot\index.php(86): Dispatcher->dispatch(Object(CakeRequest), Object(CakeResponse))
#1 {main}
2017-08-24 21:24:58 Error: [MissingControllerException] Controller class JsController could not be found.
Exception Attributes: array (
  'class' => 'JsController',
  'plugin' => NULL,
)
Request URL: /crowdf/js/movie_resize.js
Stack Trace:
#0 D:\xampp7\htdocs\crowdf\app\webroot\index.php(86): Dispatcher->dispatch(Object(CakeRequest), Object(CakeResponse))
#1 {main}
2017-08-24 21:25:03 Error: [MissingControllerException] Controller class JsController could not be found.
Exception Attributes: array (
  'class' => 'JsController',
  'plugin' => NULL,
)
Request URL: /crowdf/js/movie_resize.js
Stack Trace:
#0 D:\xampp7\htdocs\crowdf\app\webroot\index.php(86): Dispatcher->dispatch(Object(CakeRequest), Object(CakeResponse))
#1 {main}
2017-08-24 21:30:17 Error: [MissingControllerException] Controller class JsController could not be found.
Exception Attributes: array (
  'class' => 'JsController',
  'plugin' => NULL,
)
Request URL: /crowdf/js/movie_resize.js
Stack Trace:
#0 D:\xampp7\htdocs\crowdf\app\webroot\index.php(86): Dispatcher->dispatch(Object(CakeRequest), Object(CakeResponse))
#1 {main}
2017-08-24 21:30:31 Error: [MissingControllerException] Controller class JsController could not be found.
Exception Attributes: array (
  'class' => 'JsController',
  'plugin' => NULL,
)
Request URL: /crowdf/js/movie_resize.js
Stack Trace:
#0 D:\xampp7\htdocs\crowdf\app\webroot\index.php(86): Dispatcher->dispatch(Object(CakeRequest), Object(CakeResponse))
#1 {main}
2017-08-24 21:30:37 Error: [MissingControllerException] Controller class UploadController could not be found.
Exception Attributes: array (
  'class' => 'UploadController',
  'plugin' => NULL,
)
Request URL: /crowdf/upload/Project/3/pic/cwxgiiewiryhuo_1200x800.jpg
Stack Trace:
#0 D:\xampp7\htdocs\crowdf\app\webroot\index.php(86): Dispatcher->dispatch(Object(CakeRequest), Object(CakeResponse))
#1 {main}
2017-08-24 21:30:43 Error: [MissingControllerException] Controller class JsController could not be found.
Exception Attributes: array (
  'class' => 'JsController',
  'plugin' => NULL,
)
Request URL: /crowdf/js/movie_resize.js
Stack Trace:
#0 D:\xampp7\htdocs\crowdf\app\webroot\index.php(86): Dispatcher->dispatch(Object(CakeRequest), Object(CakeResponse))
#1 {main}
2017-08-24 21:32:47 Error: [MissingControllerException] Controller class JsController could not be found.
Exception Attributes: array (
  'class' => 'JsController',
  'plugin' => NULL,
)
Request URL: /crowdf/js/movie_resize.js
Stack Trace:
#0 D:\xampp7\htdocs\crowdf\app\webroot\index.php(86): Dispatcher->dispatch(Object(CakeRequest), Object(CakeResponse))
#1 {main}
2017-08-24 21:36:25 Error: [MissingControllerException] Controller class JsController could not be found.
Exception Attributes: array (
  'class' => 'JsController',
  'plugin' => NULL,
)
Request URL: /crowdf/js/movie_resize.js
Stack Trace:
#0 D:\xampp7\htdocs\crowdf\app\webroot\index.php(86): Dispatcher->dispatch(Object(CakeRequest), Object(CakeResponse))
#1 {main}
2017-08-24 21:37:28 Error: [MissingControllerException] Controller class UploadController could not be found.
Exception Attributes: array (
  'class' => 'UploadController',
  'plugin' => NULL,
)
Request URL: /crowdf/upload/Project/1/pic/wbeqzakbguccxiq_1200x800.jpg
Stack Trace:
#0 D:\xampp7\htdocs\crowdf\app\webroot\index.php(86): Dispatcher->dispatch(Object(CakeRequest), Object(CakeResponse))
#1 {main}
2017-08-24 21:37:28 Error: [MissingControllerException] Controller class UploadController could not be found.
Exception Attributes: array (
  'class' => 'UploadController',
  'plugin' => NULL,
)
Request URL: /crowdf/upload/ProjectContent/2/img/loxwiuusobolwsd_1200x.jpg
Stack Trace:
#0 D:\xampp7\htdocs\crowdf\app\webroot\index.php(86): Dispatcher->dispatch(Object(CakeRequest), Object(CakeResponse))
#1 {main}
2017-08-24 21:37:28 Error: [MissingControllerException] Controller class UploadController could not be found.
Exception Attributes: array (
  'class' => 'UploadController',
  'plugin' => NULL,
)
Request URL: /crowdf/upload/ProjectContent/4/img/ohfheanxucbyrz_1200x.jpg
Stack Trace:
#0 D:\xampp7\htdocs\crowdf\app\webroot\index.php(86): Dispatcher->dispatch(Object(CakeRequest), Object(CakeResponse))
#1 {main}
2017-08-24 21:37:33 Error: [MissingControllerException] Controller class JsController could not be found.
Exception Attributes: array (
  'class' => 'JsController',
  'plugin' => NULL,
)
Request URL: /crowdf/js/movie_resize.js
Stack Trace:
#0 D:\xampp7\htdocs\crowdf\app\webroot\index.php(86): Dispatcher->dispatch(Object(CakeRequest), Object(CakeResponse))
#1 {main}
2017-08-24 21:37:34 Error: [MissingControllerException] Controller class UploadController could not be found.
Exception Attributes: array (
  'class' => 'UploadController',
  'plugin' => NULL,
)
Request URL: /crowdf/upload/Report/1/thumbnail/hwtiybjqtcuoxnc_1200x800.jpg
Stack Trace:
#0 D:\xampp7\htdocs\crowdf\app\webroot\index.php(86): Dispatcher->dispatch(Object(CakeRequest), Object(CakeResponse))
#1 {main}
2017-08-24 21:39:49 Error: [MissingControllerException] Controller class JsController could not be found.
Exception Attributes: array (
  'class' => 'JsController',
  'plugin' => NULL,
)
Request URL: /crowdf/js/movie_resize.js
Stack Trace:
#0 D:\xampp7\htdocs\crowdf\app\webroot\index.php(86): Dispatcher->dispatch(Object(CakeRequest), Object(CakeResponse))
#1 {main}
2017-08-24 21:40:38 Error: [MissingControllerException] Controller class JsController could not be found.
Exception Attributes: array (
  'class' => 'JsController',
  'plugin' => NULL,
)
Request URL: /crowdf/js/movie_resize.js
Stack Trace:
#0 D:\xampp7\htdocs\crowdf\app\webroot\index.php(86): Dispatcher->dispatch(Object(CakeRequest), Object(CakeResponse))
#1 {main}
2017-08-24 21:41:14 Error: [MissingControllerException] Controller class JsController could not be found.
Exception Attributes: array (
  'class' => 'JsController',
  'plugin' => NULL,
)
Request URL: /crowdf/js/movie_resize.js
Stack Trace:
#0 D:\xampp7\htdocs\crowdf\app\webroot\index.php(86): Dispatcher->dispatch(Object(CakeRequest), Object(CakeResponse))
#1 {main}
2017-08-24 21:41:25 Error: [MissingControllerException] Controller class JsController could not be found.
Exception Attributes: array (
  'class' => 'JsController',
  'plugin' => NULL,
)
Request URL: /crowdf/js/movie_resize.js
Stack Trace:
#0 D:\xampp7\htdocs\crowdf\app\webroot\index.php(86): Dispatcher->dispatch(Object(CakeRequest), Object(CakeResponse))
#1 {main}
2017-08-24 21:45:54 Error: [MissingControllerException] Controller class JsController could not be found.
Exception Attributes: array (
  'class' => 'JsController',
  'plugin' => NULL,
)
Request URL: /crowdf/js/movie_resize.js
Stack Trace:
#0 D:\xampp7\htdocs\crowdf\app\webroot\index.php(86): Dispatcher->dispatch(Object(CakeRequest), Object(CakeResponse))
#1 {main}
2017-08-24 21:45:54 Error: [MissingControllerException] Controller class UploadController could not be found.
Exception Attributes: array (
  'class' => 'UploadController',
  'plugin' => NULL,
)
Request URL: /crowdf/upload/ProjectContent/4/img/ohfheanxucbyrz_1200x.jpg
Stack Trace:
#0 D:\xampp7\htdocs\crowdf\app\webroot\index.php(86): Dispatcher->dispatch(Object(CakeRequest), Object(CakeResponse))
#1 {main}
2017-08-24 21:45:54 Error: [MissingControllerException] Controller class UploadController could not be found.
Exception Attributes: array (
  'class' => 'UploadController',
  'plugin' => NULL,
)
Request URL: /crowdf/upload/ProjectContent/2/img/loxwiuusobolwsd_1200x.jpg
Stack Trace:
#0 D:\xampp7\htdocs\crowdf\app\webroot\index.php(86): Dispatcher->dispatch(Object(CakeRequest), Object(CakeResponse))
#1 {main}
2017-08-24 21:45:54 Error: [MissingControllerException] Controller class UploadController could not be found.
Exception Attributes: array (
  'class' => 'UploadController',
  'plugin' => NULL,
)
Request URL: /crowdf/upload/Project/1/pic/wbeqzakbguccxiq_1200x800.jpg
Stack Trace:
#0 D:\xampp7\htdocs\crowdf\app\webroot\index.php(86): Dispatcher->dispatch(Object(CakeRequest), Object(CakeResponse))
#1 {main}
2017-08-24 21:47:02 Error: [MissingControllerException] Controller class JsController could not be found.
Exception Attributes: array (
  'class' => 'JsController',
  'plugin' => NULL,
)
Request URL: /crowdf/js/movie_resize.js
Stack Trace:
#0 D:\xampp7\htdocs\crowdf\app\webroot\index.php(86): Dispatcher->dispatch(Object(CakeRequest), Object(CakeResponse))
#1 {main}
2017-08-24 21:47:02 Error: [MissingControllerException] Controller class UploadController could not be found.
Exception Attributes: array (
  'class' => 'UploadController',
  'plugin' => NULL,
)
Request URL: /crowdf/upload/ProjectContent/4/img/ohfheanxucbyrz_1200x.jpg
Stack Trace:
#0 D:\xampp7\htdocs\crowdf\app\webroot\index.php(86): Dispatcher->dispatch(Object(CakeRequest), Object(CakeResponse))
#1 {main}
2017-08-24 21:47:02 Error: [MissingControllerException] Controller class UploadController could not be found.
Exception Attributes: array (
  'class' => 'UploadController',
  'plugin' => NULL,
)
Request URL: /crowdf/upload/Project/1/pic/wbeqzakbguccxiq_1200x800.jpg
Stack Trace:
#0 D:\xampp7\htdocs\crowdf\app\webroot\index.php(86): Dispatcher->dispatch(Object(CakeRequest), Object(CakeResponse))
#1 {main}
2017-08-24 21:47:02 Error: [MissingControllerException] Controller class UploadController could not be found.
Exception Attributes: array (
  'class' => 'UploadController',
  'plugin' => NULL,
)
Request URL: /crowdf/upload/ProjectContent/2/img/loxwiuusobolwsd_1200x.jpg
Stack Trace:
#0 D:\xampp7\htdocs\crowdf\app\webroot\index.php(86): Dispatcher->dispatch(Object(CakeRequest), Object(CakeResponse))
#1 {main}
2017-08-24 21:47:09 Error: [MissingControllerException] Controller class JsController could not be found.
Exception Attributes: array (
  'class' => 'JsController',
  'plugin' => NULL,
)
Request URL: /crowdf/js/movie_resize.js
Stack Trace:
#0 D:\xampp7\htdocs\crowdf\app\webroot\index.php(86): Dispatcher->dispatch(Object(CakeRequest), Object(CakeResponse))
#1 {main}
2017-08-24 21:47:09 Error: [MissingControllerException] Controller class UploadController could not be found.
Exception Attributes: array (
  'class' => 'UploadController',
  'plugin' => NULL,
)
Request URL: /crowdf/upload/ProjectContent/4/img/ohfheanxucbyrz_1200x.jpg
Stack Trace:
#0 D:\xampp7\htdocs\crowdf\app\webroot\index.php(86): Dispatcher->dispatch(Object(CakeRequest), Object(CakeResponse))
#1 {main}
2017-08-24 21:47:09 Error: [MissingControllerException] Controller class UploadController could not be found.
Exception Attributes: array (
  'class' => 'UploadController',
  'plugin' => NULL,
)
Request URL: /crowdf/upload/ProjectContent/2/img/loxwiuusobolwsd_1200x.jpg
Stack Trace:
#0 D:\xampp7\htdocs\crowdf\app\webroot\index.php(86): Dispatcher->dispatch(Object(CakeRequest), Object(CakeResponse))
#1 {main}
2017-08-24 21:47:15 Error: [MissingControllerException] Controller class JsController could not be found.
Exception Attributes: array (
  'class' => 'JsController',
  'plugin' => NULL,
)
Request URL: /crowdf/js/movie_resize.js
Stack Trace:
#0 D:\xampp7\htdocs\crowdf\app\webroot\index.php(86): Dispatcher->dispatch(Object(CakeRequest), Object(CakeResponse))
#1 {main}
2017-08-24 21:47:15 Error: [MissingControllerException] Controller class UploadController could not be found.
Exception Attributes: array (
  'class' => 'UploadController',
  'plugin' => NULL,
)
Request URL: /crowdf/upload/ProjectContent/2/img/loxwiuusobolwsd_1200x.jpg
Stack Trace:
#0 D:\xampp7\htdocs\crowdf\app\webroot\index.php(86): Dispatcher->dispatch(Object(CakeRequest), Object(CakeResponse))
#1 {main}
2017-08-24 21:47:15 Error: [MissingControllerException] Controller class UploadController could not be found.
Exception Attributes: array (
  'class' => 'UploadController',
  'plugin' => NULL,
)
Request URL: /crowdf/upload/ProjectContent/4/img/ohfheanxucbyrz_1200x.jpg
Stack Trace:
#0 D:\xampp7\htdocs\crowdf\app\webroot\index.php(86): Dispatcher->dispatch(Object(CakeRequest), Object(CakeResponse))
#1 {main}
2017-08-24 21:47:15 Error: [MissingControllerException] Controller class UploadController could not be found.
Exception Attributes: array (
  'class' => 'UploadController',
  'plugin' => NULL,
)
Request URL: /crowdf/upload/Project/1/pic/wbeqzakbguccxiq_1200x800.jpg
Stack Trace:
#0 D:\xampp7\htdocs\crowdf\app\webroot\index.php(86): Dispatcher->dispatch(Object(CakeRequest), Object(CakeResponse))
#1 {main}
2017-08-24 21:47:57 Error: [MissingControllerException] Controller class JsController could not be found.
Exception Attributes: array (
  'class' => 'JsController',
  'plugin' => NULL,
)
Request URL: /crowdf/js/movie_resize.js
Stack Trace:
#0 D:\xampp7\htdocs\crowdf\app\webroot\index.php(86): Dispatcher->dispatch(Object(CakeRequest), Object(CakeResponse))
#1 {main}
2017-08-24 21:47:57 Error: [MissingControllerException] Controller class UploadController could not be found.
Exception Attributes: array (
  'class' => 'UploadController',
  'plugin' => NULL,
)
Request URL: /crowdf/upload/ProjectContent/2/img/loxwiuusobolwsd_1200x.jpg
Stack Trace:
#0 D:\xampp7\htdocs\crowdf\app\webroot\index.php(86): Dispatcher->dispatch(Object(CakeRequest), Object(CakeResponse))
#1 {main}
2017-08-24 21:47:57 Error: [MissingControllerException] Controller class UploadController could not be found.
Exception Attributes: array (
  'class' => 'UploadController',
  'plugin' => NULL,
)
Request URL: /crowdf/upload/ProjectContent/4/img/ohfheanxucbyrz_1200x.jpg
Stack Trace:
#0 D:\xampp7\htdocs\crowdf\app\webroot\index.php(86): Dispatcher->dispatch(Object(CakeRequest), Object(CakeResponse))
#1 {main}
2017-08-24 21:48:10 Error: [MissingControllerException] Controller class JsController could not be found.
Exception Attributes: array (
  'class' => 'JsController',
  'plugin' => NULL,
)
Request URL: /crowdf/js/movie_resize.js
Stack Trace:
#0 D:\xampp7\htdocs\crowdf\app\webroot\index.php(86): Dispatcher->dispatch(Object(CakeRequest), Object(CakeResponse))
#1 {main}
2017-08-24 21:48:10 Error: [MissingControllerException] Controller class UploadController could not be found.
Exception Attributes: array (
  'class' => 'UploadController',
  'plugin' => NULL,
)
Request URL: /crowdf/upload/ProjectContent/2/img/loxwiuusobolwsd_1200x.jpg
Stack Trace:
#0 D:\xampp7\htdocs\crowdf\app\webroot\index.php(86): Dispatcher->dispatch(Object(CakeRequest), Object(CakeResponse))
#1 {main}
2017-08-24 21:48:10 Error: [MissingControllerException] Controller class UploadController could not be found.
Exception Attributes: array (
  'class' => 'UploadController',
  'plugin' => NULL,
)
Request URL: /crowdf/upload/ProjectContent/4/img/ohfheanxucbyrz_1200x.jpg
Stack Trace:
#0 D:\xampp7\htdocs\crowdf\app\webroot\index.php(86): Dispatcher->dispatch(Object(CakeRequest), Object(CakeResponse))
#1 {main}
2017-08-24 21:48:37 Error: [MissingControllerException] Controller class JsController could not be found.
Exception Attributes: array (
  'class' => 'JsController',
  'plugin' => NULL,
)
Request URL: /crowdf/js/movie_resize.js
Stack Trace:
#0 D:\xampp7\htdocs\crowdf\app\webroot\index.php(86): Dispatcher->dispatch(Object(CakeRequest), Object(CakeResponse))
#1 {main}
2017-08-24 21:48:38 Error: [MissingControllerException] Controller class UploadController could not be found.
Exception Attributes: array (
  'class' => 'UploadController',
  'plugin' => NULL,
)
Request URL: /crowdf/upload/Project/1/pic/wbeqzakbguccxiq_1200x800.jpg
Stack Trace:
#0 D:\xampp7\htdocs\crowdf\app\webroot\index.php(86): Dispatcher->dispatch(Object(CakeRequest), Object(CakeResponse))
#1 {main}
2017-08-24 21:48:38 Error: [MissingControllerException] Controller class UploadController could not be found.
Exception Attributes: array (
  'class' => 'UploadController',
  'plugin' => NULL,
)
Request URL: /crowdf/upload/ProjectContent/4/img/ohfheanxucbyrz_1200x.jpg
Stack Trace:
#0 D:\xampp7\htdocs\crowdf\app\webroot\index.php(86): Dispatcher->dispatch(Object(CakeRequest), Object(CakeResponse))
#1 {main}
2017-08-24 21:48:38 Error: [MissingControllerException] Controller class UploadController could not be found.
Exception Attributes: array (
  'class' => 'UploadController',
  'plugin' => NULL,
)
Request URL: /crowdf/upload/ProjectContent/2/img/loxwiuusobolwsd_1200x.jpg
Stack Trace:
#0 D:\xampp7\htdocs\crowdf\app\webroot\index.php(86): Dispatcher->dispatch(Object(CakeRequest), Object(CakeResponse))
#1 {main}
2017-08-24 21:49:27 Error: [MissingControllerException] Controller class JsController could not be found.
Exception Attributes: array (
  'class' => 'JsController',
  'plugin' => NULL,
)
Request URL: /crowdf/js/movie_resize.js
Stack Trace:
#0 D:\xampp7\htdocs\crowdf\app\webroot\index.php(86): Dispatcher->dispatch(Object(CakeRequest), Object(CakeResponse))
#1 {main}
2017-08-24 21:49:28 Error: [MissingControllerException] Controller class UploadController could not be found.
Exception Attributes: array (
  'class' => 'UploadController',
  'plugin' => NULL,
)
Request URL: /crowdf/upload/Project/1/pic/wbeqzakbguccxiq_1200x800.jpg
Stack Trace:
#0 D:\xampp7\htdocs\crowdf\app\webroot\index.php(86): Dispatcher->dispatch(Object(CakeRequest), Object(CakeResponse))
#1 {main}
2017-08-24 21:49:28 Error: [MissingControllerException] Controller class UploadController could not be found.
Exception Attributes: array (
  'class' => 'UploadController',
  'plugin' => NULL,
)
Request URL: /crowdf/upload/ProjectContent/4/img/ohfheanxucbyrz_1200x.jpg
Stack Trace:
#0 D:\xampp7\htdocs\crowdf\app\webroot\index.php(86): Dispatcher->dispatch(Object(CakeRequest), Object(CakeResponse))
#1 {main}

2017-08-24 21:49:46 Error: [MissingControllerException] Controller class JsController could not be found.
Exception Attributes: array (
  'class' => 'JsController',
  'plugin' => NULL,
)
Request URL: /crowdf/js/movie_resize.js
Stack Trace:
#0 D:\xampp7\htdocs\crowdf\app\webroot\index.php(86): Dispatcher->dispatch(Object(CakeRequest), Object(CakeResponse))
#1 {main}
2017-08-24 21:49:46 Error: [MissingControllerException] Controller class UploadController could not be found.
Exception Attributes: array (
  'class' => 'UploadController',
  'plugin' => NULL,
)
Request URL: /crowdf/upload/Project/1/pic/wbeqzakbguccxiq_1200x800.jpg
Stack Trace:
#0 D:\xampp7\htdocs\crowdf\app\webroot\index.php(86): Dispatcher->dispatch(Object(CakeRequest), Object(CakeResponse))
#1 {main}
2017-08-24 21:49:46 Error: [MissingControllerException] Controller class UploadController could not be found.
Exception Attributes: array (
  'class' => 'UploadController',
  'plugin' => NULL,
)
Request URL: /crowdf/upload/ProjectContent/2/img/loxwiuusobolwsd_1200x.jpg
Stack Trace:
#0 D:\xampp7\htdocs\crowdf\app\webroot\index.php(86): Dispatcher->dispatch(Object(CakeRequest), Object(CakeResponse))
#1 {main}
2017-08-24 21:49:46 Error: [MissingControllerException] Controller class UploadController could not be found.
Exception Attributes: array (
  'class' => 'UploadController',
  'plugin' => NULL,
)
Request URL: /crowdf/upload/ProjectContent/4/img/ohfheanxucbyrz_1200x.jpg
Stack Trace:
#0 D:\xampp7\htdocs\crowdf\app\webroot\index.php(86): Dispatcher->dispatch(Object(CakeRequest), Object(CakeResponse))
#1 {main}
2017-08-24 21:49:58 Error: [MissingControllerException] Controller class JsController could not be found.
Exception Attributes: array (
  'class' => 'JsController',
  'plugin' => NULL,
)
Request URL: /crowdf/js/movie_resize.js
Stack Trace:
#0 D:\xampp7\htdocs\crowdf\app\webroot\index.php(86): Dispatcher->dispatch(Object(CakeRequest), Object(CakeResponse))
#1 {main}
2017-08-24 21:49:58 Error: [MissingControllerException] Controller class UploadController could not be found.
Exception Attributes: array (
  'class' => 'UploadController',
  'plugin' => NULL,
)
Request URL: /crowdf/upload/Project/1/pic/wbeqzakbguccxiq_1200x800.jpg
Stack Trace:
#0 D:\xampp7\htdocs\crowdf\app\webroot\index.php(86): Dispatcher->dispatch(Object(CakeRequest), Object(CakeResponse))
#1 {main}
2017-08-24 21:49:58 Error: [MissingControllerException] Controller class UploadController could not be found.
Exception Attributes: array (
  'class' => 'UploadController',
  'plugin' => NULL,
)
Request URL: /crowdf/upload/ProjectContent/2/img/loxwiuusobolwsd_1200x.jpg
Stack Trace:
#0 D:\xampp7\htdocs\crowdf\app\webroot\index.php(86): Dispatcher->dispatch(Object(CakeRequest), Object(CakeResponse))
#1 {main}
2017-08-24 21:49:58 Error: [MissingControllerException] Controller class UploadController could not be found.
Exception Attributes: array (
  'class' => 'UploadController',
  'plugin' => NULL,
)
Request URL: /crowdf/upload/ProjectContent/4/img/ohfheanxucbyrz_1200x.jpg
Stack Trace:
#0 D:\xampp7\htdocs\crowdf\app\webroot\index.php(86): Dispatcher->dispatch(Object(CakeRequest), Object(CakeResponse))
#1 {main}
2017-08-24 21:50:02 Error: [MissingControllerException] Controller class JsController could not be found.
Exception Attributes: array (
  'class' => 'JsController',
  'plugin' => NULL,
)
Request URL: /crowdf/js/movie_resize.js
Stack Trace:
#0 D:\xampp7\htdocs\crowdf\app\webroot\index.php(86): Dispatcher->dispatch(Object(CakeRequest), Object(CakeResponse))
#1 {main}
2017-08-24 21:50:02 Error: [MissingControllerException] Controller class UploadController could not be found.
Exception Attributes: array (
  'class' => 'UploadController',
  'plugin' => NULL,
)
Request URL: /crowdf/upload/Project/1/pic/wbeqzakbguccxiq_1200x800.jpg
Stack Trace:
#0 D:\xampp7\htdocs\crowdf\app\webroot\index.php(86): Dispatcher->dispatch(Object(CakeRequest), Object(CakeResponse))
#1 {main}
in}
2017-08-24 21:50:02 Error: [MissingControllerException] Controller class UploadController could not be found.
Exception Attributes: array (
  'class' => 'UploadController',
  'plugin' => NULL,
)
Request URL: /crowdf/upload/ProjectContent/4/img/ohfheanxucbyrz_1200x.jpg
Stack Trace:
#0 D:\xampp7\htdocs\crowdf\app\webroot\index.php(86): Dispatcher->dispatch(Object(CakeRequest), Object(CakeResponse))
#1 {main}
2017-08-24 21:50:06 Error: [MissingControllerException] Controller class JsController could not be found.
Exception Attributes: array (
  'class' => 'JsController',
  'plugin' => NULL,
)
Request URL: /crowdf/js/movie_resize.js
Stack Trace:
#0 D:\xampp7\htdocs\crowdf\app\webroot\index.php(86): Dispatcher->dispatch(Object(CakeRequest), Object(CakeResponse))
#1 {main}
2017-08-24 21:50:20 Error: [MissingControllerException] Controller class JsController could not be found.
Exception Attributes: array (
  'class' => 'JsController',
  'plugin' => NULL,
)
Request URL: /crowdf/js/movie_resize.js
Stack Trace:
#0 D:\xampp7\htdocs\crowdf\app\webroot\index.php(86): Dispatcher->dispatch(Object(CakeRequest), Object(CakeResponse))
#1 {main}
2017-08-24 21:51:32 Error: [MissingControllerException] Controller class JsController could not be found.
Exception Attributes: array (
  'class' => 'JsController',
  'plugin' => NULL,
)
Request URL: /crowdf/js/movie_resize.js
Stack Trace:
#0 D:\xampp7\htdocs\crowdf\app\webroot\index.php(86): Dispatcher->dispatch(Object(CakeRequest), Object(CakeResponse))
#1 {main}
2017-08-24 21:52:19 Error: [MissingControllerException] Controller class JsController could not be found.
Exception Attributes: array (
  'class' => 'JsController',
  'plugin' => NULL,
)
Request URL: /crowdf/js/movie_resize.js
Stack Trace:
#0 D:\xampp7\htdocs\crowdf\app\webroot\index.php(86): Dispatcher->dispatch(Object(CakeRequest), Object(CakeResponse))
#1 {main}
2017-08-24 21:52:19 Error: [MissingControllerException] Controller class UploadController could not be found.
Exception Attributes: array (
  'class' => 'UploadController',
  'plugin' => NULL,
)
Request URL: /crowdf/upload/ReportContent/2/img/lnwlzzibqqzcvev_1200x.jpg
Stack Trace:
#0 D:\xampp7\htdocs\crowdf\app\webroot\index.php(86): Dispatcher->dispatch(Object(CakeRequest), Object(CakeResponse))
#1 {main}
2017-08-24 21:53:12 Error: [MissingControllerException] Controller class JsController could not be found.
Exception Attributes: array (
  'class' => 'JsController',
  'plugin' => NULL,
)
Request URL: /crowdf/js/movie_resize.js
Stack Trace:
#0 D:\xampp7\htdocs\crowdf\app\webroot\index.php(86): Dispatcher->dispatch(Object(CakeRequest), Object(CakeResponse))
#1 {main}
2017-08-24 21:53:12 Error: [MissingControllerException] Controller class UploadController could not be found.
Exception Attributes: array (
  'class' => 'UploadController',
  'plugin' => NULL,
)
Request URL: /crowdf/upload/ReportContent/2/img/lnwlzzibqqzcvev_1200x.jpg
Stack Trace:
#0 D:\xampp7\htdocs\crowdf\app\webroot\index.php(86): Dispatcher->dispatch(Object(CakeRequest), Object(CakeResponse))
#1 {main}
2017-08-24 21:53:19 Error: [MissingControllerException] Controller class JsController could not be found.
Exception Attributes: array (
  'class' => 'JsController',
  'plugin' => NULL,
)
Request URL: /crowdf/js/movie_resize.js
Stack Trace:
#0 D:\xampp7\htdocs\crowdf\app\webroot\index.php(86): Dispatcher->dispatch(Object(CakeRequest), Object(CakeResponse))
#1 {main}
2017-08-24 21:53:20 Error: [MissingControllerException] Controller class UploadController could not be found.
Exception Attributes: array (
  'class' => 'UploadController',
  'plugin' => NULL,
)
Request URL: /crowdf/upload/ReportContent/2/img/lnwlzzibqqzcvev_1200x.jpg
Stack Trace:
#0 D:\xampp7\htdocs\crowdf\app\webroot\index.php(86): Dispatcher->dispatch(Object(CakeRequest), Object(CakeResponse))
#1 {main}
2017-08-24 21:54:23 Error: [MissingControllerException] Controller class JsController could not be found.
Exception Attributes: array (
  'class' => 'JsController',
  'plugin' => NULL,
)
Request URL: /crowdf/js/movie_resize.js
Stack Trace:
#0 D:\xampp7\htdocs\crowdf\app\webroot\index.php(86): Dispatcher->dispatch(Object(CakeRequest), Object(CakeResponse))
#1 {main}
2017-08-24 21:54:35 Error: [MissingControllerException] Controller class JsController could not be found.
Exception Attributes: array (
  'class' => 'JsController',
  'plugin' => NULL,
)
Request URL: /crowdf/js/movie_resize.js
Stack Trace:
#0 D:\xampp7\htdocs\crowdf\app\webroot\index.php(86): Dispatcher->dispatch(Object(CakeRequest), Object(CakeResponse))
#1 {main}
2017-08-24 21:54:36 Error: [MissingControllerException] Controller class UploadController could not be found.
Exception Attributes: array (
  'class' => 'UploadController',
  'plugin' => NULL,
)
Request URL: /crowdf/upload/ProjectContent/4/img/ohfheanxucbyrz_1200x.jpg
Stack Trace:
#0 D:\xampp7\htdocs\crowdf\app\webroot\index.php(86): Dispatcher->dispatch(Object(CakeRequest), Object(CakeResponse))
#1 {main}
2017-08-24 21:54:36 Error: [MissingControllerException] Controller class UploadController could not be found.
Exception Attributes: array (
  'class' => 'UploadController',
  'plugin' => NULL,
)
Request URL: /crowdf/upload/ProjectContent/2/img/loxwiuusobolwsd_1200x.jpg
Stack Trace:
#0 D:\xampp7\htdocs\crowdf\app\webroot\index.php(86): Dispatcher->dispatch(Object(CakeRequest), Object(CakeResponse))
#1 {main}
2017-08-24 21:54:36 Error: [MissingControllerException] Controller class UploadController could not be found.
Exception Attributes: array (
  'class' => 'UploadController',
  'plugin' => NULL,
)
Request URL: /crowdf/upload/Project/1/pic/wbeqzakbguccxiq_1200x800.jpg
Stack Trace:
#0 D:\xampp7\htdocs\crowdf\app\webroot\index.php(86): Dispatcher->dispatch(Object(CakeRequest), Object(CakeResponse))
#1 {main}
2017-08-24 21:56:05 Error: [MissingControllerException] Controller class JsController could not be found.
Exception Attributes: array (
  'class' => 'JsController',
  'plugin' => NULL,
)
Request URL: /crowdf/js/movie_resize.js
Stack Trace:
#0 D:\xampp7\htdocs\crowdf\app\webroot\index.php(86): Dispatcher->dispatch(Object(CakeRequest), Object(CakeResponse))
#1 {main}
2017-08-24 21:56:05 Error: [MissingControllerException] Controller class UploadController could not be found.
Exception Attributes: array (
  'class' => 'UploadController',
  'plugin' => NULL,
)
Request URL: /crowdf/upload/Project/1/pic/wbeqzakbguccxiq_1200x800.jpg
Stack Trace:
#0 D:\xampp7\htdocs\crowdf\app\webroot\index.php(86): Dispatcher->dispatch(Object(CakeRequest), Object(CakeResponse))
#1 {main}
2017-08-24 21:56:05 Error: [MissingControllerException] Controller class UploadController could not be found.
Exception Attributes: array (
  'class' => 'UploadController',
  'plugin' => NULL,
)
Request URL: /crowdf/upload/ProjectContent/4/img/ohfheanxucbyrz_1200x.jpg
Stack Trace:
#0 D:\xampp7\htdocs\crowdf\app\webroot\index.php(86): Dispatcher->dispatch(Object(CakeRequest), Object(CakeResponse))
#1 {main}
2017-08-24 21:56:05 Error: [MissingControllerException] Controller class UploadController could not be found.
Exception Attributes: array (
  'class' => 'UploadController',
  'plugin' => NULL,
)
Request URL: /crowdf/upload/ProjectContent/2/img/loxwiuusobolwsd_1200x.jpg
Stack Trace:
#0 D:\xampp7\htdocs\crowdf\app\webroot\index.php(86): Dispatcher->dispatch(Object(CakeRequest), Object(CakeResponse))
#1 {main}
2017-08-24 21:56:28 Error: [MissingControllerException] Controller class JsController could not be found.
Exception Attributes: array (
  'class' => 'JsController',
  'plugin' => NULL,
)
Request URL: /crowdf/js/movie_resize.js
Stack Trace:
#0 D:\xampp7\htdocs\crowdf\app\webroot\index.php(86): Dispatcher->dispatch(Object(CakeRequest), Object(CakeResponse))
#1 {main}
2017-08-24 21:57:05 Error: [MissingControllerException] Controller class JsController could not be found.
Exception Attributes: array (
  'class' => 'JsController',
  'plugin' => NULL,
)
Request URL: /crowdf/js/movie_resize.js
Stack Trace:
#0 D:\xampp7\htdocs\crowdf\app\webroot\index.php(86): Dispatcher->dispatch(Object(CakeRequest), Object(CakeResponse))
#1 {main}
2017-08-24 21:57:31 Error: [MissingControllerException] Controller class JsController could not be found.
Exception Attributes: array (
  'class' => 'JsController',
  'plugin' => NULL,
)
Request URL: /crowdf/js/movie_resize.js
Stack Trace:
#0 D:\xampp7\htdocs\crowdf\app\webroot\index.php(86): Dispatcher->dispatch(Object(CakeRequest), Object(CakeResponse))
#1 {main}
2017-08-24 21:57:51 Error: [MissingControllerException] Controller class JsController could not be found.
Exception Attributes: array (
  'class' => 'JsController',
  'plugin' => NULL,
)
Request URL: /crowdf/js/movie_resize.js
Stack Trace:
#0 D:\xampp7\htdocs\crowdf\app\webroot\index.php(86): Dispatcher->dispatch(Object(CakeRequest), Object(CakeResponse))
#1 {main}
2017-08-24 21:58:01 Error: [MissingControllerException] Controller class JsController could not be found.
Exception Attributes: array (
  'class' => 'JsController',
  'plugin' => NULL,
)
Request URL: /crowdf/js/movie_resize.js
Stack Trace:
#0 D:\xampp7\htdocs\crowdf\app\webroot\index.php(86): Dispatcher->dispatch(Object(CakeRequest), Object(CakeResponse))
#1 {main}
2017-08-24 21:58:40 Error: [MissingControllerException] Controller class JsController could not be found.
Exception Attributes: array (
  'class' => 'JsController',
  'plugin' => NULL,
)
Request URL: /crowdf/js/movie_resize.js
Stack Trace:
#0 D:\xampp7\htdocs\crowdf\app\webroot\index.php(86): Dispatcher->dispatch(Object(CakeRequest), Object(CakeResponse))
#1 {main}
2017-08-24 22:01:21 Error: [MissingControllerException] Controller class JsController could not be found.
Exception Attributes: array (
  'class' => 'JsController',
  'plugin' => NULL,
)
Request URL: /crowdf/js/movie_resize.js
Stack Trace:
#0 D:\xampp7\htdocs\crowdf\app\webroot\index.php(86): Dispatcher->dispatch(Object(CakeRequest), Object(CakeResponse))
#1 {main}
2017-08-24 22:03:03 Error: [MissingControllerException] Controller class JsController could not be found.
Exception Attributes: array (
  'class' => 'JsController',
  'plugin' => NULL,
)
Request URL: /crowdf/js/movie_resize.js
Stack Trace:
#0 D:\xampp7\htdocs\crowdf\app\webroot\index.php(86): Dispatcher->dispatch(Object(CakeRequest), Object(CakeResponse))
#1 {main}
2017-08-24 22:07:31 Error: [MissingControllerException] Controller class JsController could not be found.
Exception Attributes: array (
  'class' => 'JsController',
  'plugin' => NULL,
)
Request URL: /crowdf/js/movie_resize.js
Stack Trace:
#0 D:\xampp7\htdocs\crowdf\app\webroot\index.php(86): Dispatcher->dispatch(Object(CakeRequest), Object(CakeResponse))
#1 {main}
2017-08-24 22:08:50 Error: [MissingControllerException] Controller class JsController could not be found.
Exception Attributes: array (
  'class' => 'JsController',
  'plugin' => NULL,
)
Request URL: /crowdf/js/movie_resize.js
Stack Trace:
#0 D:\xampp7\htdocs\crowdf\app\webroot\index.php(86): Dispatcher->dispatch(Object(CakeRequest), Object(CakeResponse))
#1 {main}
2017-08-24 22:09:19 Error: [MissingControllerException] Controller class JsController could not be found.
Exception Attributes: array (
  'class' => 'JsController',
  'plugin' => NULL,
)
Request URL: /crowdf/js/movie_resize.js
Stack Trace:
#0 D:\xampp7\htdocs\crowdf\app\webroot\index.php(86): Dispatcher->dispatch(Object(CakeRequest), Object(CakeResponse))
#1 {main}
2017-08-24 22:11:01 Error: [MissingControllerException] Controller class JsController could not be found.
Exception Attributes: array (
  'class' => 'JsController',
  'plugin' => NULL,
)
Request URL: /crowdf/js/movie_resize.js
Stack Trace:
#0 D:\xampp7\htdocs\crowdf\app\webroot\index.php(86): Dispatcher->dispatch(Object(CakeRequest), Object(CakeResponse))
#1 {main}
2017-08-24 22:34:08 Error: [MissingControllerException] Controller class JsController could not be found.
Exception Attributes: array (
  'class' => 'JsController',
  'plugin' => NULL,
)
Request URL: /crowdf/js/movie_resize.js
Stack Trace:
#0 D:\xampp7\htdocs\crowdf\app\webroot\index.php(86): Dispatcher->dispatch(Object(CakeRequest), Object(CakeResponse))
#1 {main}
2017-08-24 22:38:23 Error: [MissingControllerException] Controller class JsController could not be found.
Exception Attributes: array (
  'class' => 'JsController',
  'plugin' => NULL,
)
Request URL: /crowdf/js/movie_resize.js
Stack Trace:
#0 D:\xampp7\htdocs\crowdf\app\webroot\index.php(86): Dispatcher->dispatch(Object(CakeRequest), Object(CakeResponse))
#1 {main}
2017-08-24 22:38:33 Error: [MissingControllerException] Controller class JsController could not be found.
Exception Attributes: array (
  'class' => 'JsController',
  'plugin' => NULL,
)
Request URL: /crowdf/js/movie_resize.js
Stack Trace:
#0 D:\xampp7\htdocs\crowdf\app\webroot\index.php(86): Dispatcher->dispatch(Object(CakeRequest), Object(CakeResponse))
#1 {main}
2017-08-24 22:38:53 Error: [MissingControllerException] Controller class JsController could not be found.
Exception Attributes: array (
  'class' => 'JsController',
  'plugin' => NULL,
)
Request URL: /crowdf/js/movie_resize.js
Stack Trace:
#0 D:\xampp7\htdocs\crowdf\app\webroot\index.php(86): Dispatcher->dispatch(Object(CakeRequest), Object(CakeResponse))
#1 {main}
2017-08-24 22:39:41 Error: [MissingControllerException] Controller class JsController could not be found.
Exception Attributes: array (
  'class' => 'JsController',
  'plugin' => NULL,
)
Request URL: /crowdf/js/movie_resize.js
Stack Trace:
#0 D:\xampp7\htdocs\crowdf\app\webroot\index.php(86): Dispatcher->dispatch(Object(CakeRequest), Object(CakeResponse))
#1 {main}
2017-08-24 22:40:24 Error: [MissingControllerException] Controller class JsController could not be found.
Exception Attributes: array (
  'class' => 'JsController',
  'plugin' => NULL,
)
Request URL: /crowdf/js/movie_resize.js
Stack Trace:
#0 D:\xampp7\htdocs\crowdf\app\webroot\index.php(86): Dispatcher->dispatch(Object(CakeRequest), Object(CakeResponse))
#1 {main}
2017-08-24 22:40:25 Error: [MissingControllerException] Controller class UploadController could not be found.
Exception Attributes: array (
  'class' => 'UploadController',
  'plugin' => NULL,
)
Request URL: /crowdf/upload/Project/1/pic/wbeqzakbguccxiq_1200x800.jpg
Stack Trace:
#0 D:\xampp7\htdocs\crowdf\app\webroot\index.php(86): Dispatcher->dispatch(Object(CakeRequest), Object(CakeResponse))
#1 {main}
2017-08-24 22:40:25 Error: [MissingControllerException] Controller class UploadController could not be found.
Exception Attributes: array (
  'class' => 'UploadController',
  'plugin' => NULL,
)
Request URL: /crowdf/upload/ProjectContent/4/img/ohfheanxucbyrz_1200x.jpg
Stack Trace:
#0 D:\xampp7\htdocs\crowdf\app\webroot\index.php(86): Dispatcher->dispatch(Object(CakeRequest), Object(CakeResponse))
#1 {main}
2017-08-24 22:40:25 Error: [MissingControllerException] Controller class UploadController could not be found.
Exception Attributes: array (
  'class' => 'UploadController',
  'plugin' => NULL,
)
Request URL: /crowdf/upload/ProjectContent/2/img/loxwiuusobolwsd_1200x.jpg
Stack Trace:
#0 D:\xampp7\htdocs\crowdf\app\webroot\index.php(86): Dispatcher->dispatch(Object(CakeRequest), Object(CakeResponse))
#1 {main}
2017-08-24 22:40:31 Error: [MissingControllerException] Controller class JsController could not be found.
Exception Attributes: array (
  'class' => 'JsController',
  'plugin' => NULL,
)
Request URL: /crowdf/js/movie_resize.js
Stack Trace:
#0 D:\xampp7\htdocs\crowdf\app\webroot\index.php(86): Dispatcher->dispatch(Object(CakeRequest), Object(CakeResponse))
#1 {main}
2017-08-24 22:41:52 Error: [MissingControllerException] Controller class JsController could not be found.
Exception Attributes: array (
  'class' => 'JsController',
  'plugin' => NULL,
)
Request URL: /crowdf/js/movie_resize.js
Stack Trace:
#0 D:\xampp7\htdocs\crowdf\app\webroot\index.php(86): Dispatcher->dispatch(Object(CakeRequest), Object(CakeResponse))
#1 {main}
2017-08-24 22:42:03 Error: [MissingControllerException] Controller class JsController could not be found.
Exception Attributes: array (
  'class' => 'JsController',
  'plugin' => NULL,
)
Request URL: /crowdf/js/movie_resize.js
Stack Trace:
#0 D:\xampp7\htdocs\crowdf\app\webroot\index.php(86): Dispatcher->dispatch(Object(CakeRequest), Object(CakeResponse))
#1 {main}
2017-08-24 22:43:31 Error: [MissingControllerException] Controller class JsController could not be found.
Exception Attributes: array (
  'class' => 'JsController',
  'plugin' => NULL,
)
Request URL: /crowdf/js/movie_resize.js
Stack Trace:
#0 D:\xampp7\htdocs\crowdf\app\webroot\index.php(86): Dispatcher->dispatch(Object(CakeRequest), Object(CakeResponse))
#1 {main}
2017-08-25 10:53:52 Error: [MissingControllerException] Controller class UploadController could not be found.
Exception Attributes: array (
  'class' => 'UploadController',
  'plugin' => NULL,
)
Request URL: /crowdf/upload/Project/2/pic/idxejftqjwwqvkp_1200x800.jpg
Stack Trace:
#0 D:\xampp7\htdocs\crowdf\app\webroot\index.php(86): Dispatcher->dispatch(Object(CakeRequest), Object(CakeResponse))
#1 {main}
2017-08-25 10:54:00 Error: [MissingControllerException] Controller class UploadController could not be found.
Exception Attributes: array (
  'class' => 'UploadController',
  'plugin' => NULL,
)
Request URL: /crowdf/upload/Project/2/pic/idxejftqjwwqvkp_1200x800.jpg
Stack Trace:
#0 D:\xampp7\htdocs\crowdf\app\webroot\index.php(86): Dispatcher->dispatch(Object(CakeRequest), Object(CakeResponse))
#1 {main}
2017-09-22 09:29:21 Error: error : send_mail
2017-09-22 09:29:21 Error: Could not send email: unknown
2017-09-22 09:29:22 Error: error : send_mail
2017-09-22 09:29:22 Error: Could not send email: unknown
2017-09-22 09:29:24 Error: error : send_mail
2017-09-22 09:29:24 Error: Could not send email: unknown
2017-09-22 09:29:24 Error: users mypage
2017-09-22 09:30:03 Error: users mypage
2017-09-22 09:30:15 Error: users mypage
2017-09-22 09:43:57 Error: users mypage
2017-09-22 10:05:19 Error: [MissingControllerException] Controller class UploadController could not be found.
Exception Attributes: array (
  'class' => 'UploadController',
  'plugin' => NULL,
)
Request URL: /crowdf/upload/Project/6/pic/kbzzbiwqeskejg_400x267.jpg
Stack Trace:
#0 D:\xampp7\htdocs\crowdf\app\webroot\index.php(86): Dispatcher->dispatch(Object(CakeRequest), Object(CakeResponse))
#1 {main}
2017-09-22 10:05:43 Error: [MissingControllerException] Controller class UploadController could not be found.
Exception Attributes: array (
  'class' => 'UploadController',
  'plugin' => NULL,
)
Request URL: /crowdf/upload/Project/6/pic/kbzzbiwqeskejg_400x267.jpg
Stack Trace:
#0 D:\xampp7\htdocs\crowdf\app\webroot\index.php(86): Dispatcher->dispatch(Object(CakeRequest), Object(CakeResponse))
#1 {main}
2017-09-22 10:06:16 Error: [MissingControllerException] Controller class UploadController could not be found.
Exception Attributes: array (
  'class' => 'UploadController',
  'plugin' => NULL,
)
Request URL: /crowdf/upload/Project/6/pic/kbzzbiwqeskejg_400x267.jpg
Stack Trace:
#0 D:\xampp7\htdocs\crowdf\app\webroot\index.php(86): Dispatcher->dispatch(Object(CakeRequest), Object(CakeResponse))
#1 {main}
2017-09-22 10:59:56 Error: [MissingControllerException] Controller class UploadController could not be found.
Exception Attributes: array (
  'class' => 'UploadController',
  'plugin' => NULL,
)
Request URL: /crowdf/upload/ProjectContent/2/img/iibsuvybxwewvyb.jpg
Stack Trace:
#0 D:\xampp7\htdocs\crowdf\app\webroot\index.php(86): Dispatcher->dispatch(Object(CakeRequest), Object(CakeResponse))
#1 {main}
